MSBuild version 17.14.23+b0019275e for .NET Framework

  Bullet2FileLoader.vcxproj -> C:\Users\Stefan\Documents\GitHub\game-engine\build\lib\Release\Bullet2FileLoader.lib
  Bullet3Collision.vcxproj -> C:\Users\Stefan\Documents\GitHub\game-engine\build\lib\Release\Bullet3Collision.lib
  Bullet3Common.vcxproj -> C:\Users\Stefan\Documents\GitHub\game-engine\build\lib\Release\Bullet3Common.lib
  Bullet3Dynamics.vcxproj -> C:\Users\Stefan\Documents\GitHub\game-engine\build\lib\Release\Bullet3Dynamics.lib
  Bullet3Geometry.vcxproj -> C:\Users\Stefan\Documents\GitHub\game-engine\build\lib\Release\Bullet3Geometry.lib
  Bullet3OpenCL_clew.vcxproj -> C:\Users\Stefan\Documents\GitHub\game-engine\build\lib\Release\Bullet3OpenCL_clew.lib
  BulletCollision.vcxproj -> C:\Users\Stefan\Documents\GitHub\game-engine\build\lib\Release\BulletCollision.lib
  BulletDynamics.vcxproj -> C:\Users\Stefan\Documents\GitHub\game-engine\build\lib\Release\BulletDynamics.lib
  BulletInverseDynamics.vcxproj -> C:\Users\Stefan\Documents\GitHub\game-engine\build\lib\Release\BulletInverseDynamics.lib
  BulletSoftBody.vcxproj -> C:\Users\Stefan\Documents\GitHub\game-engine\build\lib\Release\BulletSoftBody.lib
  LinearMath.vcxproj -> C:\Users\Stefan\Documents\GitHub\game-engine\build\lib\Release\LinearMath.lib
  zlibstatic.vcxproj -> C:\Users\Stefan\Documents\GitHub\game-engine\build\lib\Release\zlibstatic.lib
  assimp.vcxproj -> C:\Users\Stefan\Documents\GitHub\game-engine\build\assimp_build\lib\Release\assimp-vc143-mt.lib
  glfw.vcxproj -> C:\Users\Stefan\Documents\GitHub\game-engine\build\lib\Release\glfw3.lib
  lua.vcxproj -> C:\Users\Stefan\Documents\GitHub\game-engine\build\lib\Release\lua.lib
  tinygltf.vcxproj -> C:\Users\Stefan\Documents\GitHub\game-engine\build\lib\Release\tinygltf.lib
  main.cpp
C:\Users\Stefan\Documents\GitHub\game-engine\include\GLExtensions.h(28,9): warning C4005: 'GL_TEXTURE_MIN_FILTER': macro redefinition [C:\Users\Stefan\Documents\GitHub\game-engine\build\GameEngine.vcxproj]
  (compiling source file '../src/main.cpp')
      C:\Program Files (x86)\Windows Kits\10\Include\10.0.19041.0\um\gl\GL.h(948,9):
      see previous definition of 'GL_TEXTURE_MIN_FILTER'
  
C:\Users\Stefan\Documents\GitHub\game-engine\include\GLExtensions.h(29,9): warning C4005: 'GL_TEXTURE_MAG_FILTER': macro redefinition [C:\Users\Stefan\Documents\GitHub\game-engine\build\GameEngine.vcxproj]
  (compiling source file '../src/main.cpp')
      C:\Program Files (x86)\Windows Kits\10\Include\10.0.19041.0\um\gl\GL.h(947,9):
      see previous definition of 'GL_TEXTURE_MAG_FILTER'
  
C:\Users\Stefan\Documents\GitHub\game-engine\include\Gizmo.h(42,31): warning C4100: 'deltaTime': unreferenced parameter [C:\Users\Stefan\Documents\GitHub\game-engine\build\GameEngine.vcxproj]
  (compiling source file '../src/main.cpp')
  
C:\Users\Stefan\Documents\GitHub\game-engine\include\Profiler.h(172,53): error C2653: 'glm': is not a class or namespace name [C:\Users\Stefan\Documents\GitHub\game-engine\build\GameEngine.vcxproj]
  (compiling source file '../src/main.cpp')
  
C:\Users\Stefan\Documents\GitHub\game-engine\include\Profiler.h(172,47): error C4430: missing type specifier - int assumed. Note: C++ does not support default-int [C:\Users\Stefan\Documents\GitHub\game-engine\build\GameEngine.vcxproj]
  (compiling source file '../src/main.cpp')
  
C:\Users\Stefan\Documents\GitHub\game-engine\include\Profiler.h(172,62): error C2143: syntax error: missing ',' before '&' [C:\Users\Stefan\Documents\GitHub\game-engine\build\GameEngine.vcxproj]
  (compiling source file '../src/main.cpp')
  
C:\Users\Stefan\Documents\GitHub\game-engine\include\Profiler.h(174,54): error C2653: 'glm': is not a class or namespace name [C:\Users\Stefan\Documents\GitHub\game-engine\build\GameEngine.vcxproj]
  (compiling source file '../src/main.cpp')
  
C:\Users\Stefan\Documents\GitHub\game-engine\include\Profiler.h(174,48): error C4430: missing type specifier - int assumed. Note: C++ does not support default-int [C:\Users\Stefan\Documents\GitHub\game-engine\build\GameEngine.vcxproj]
  (compiling source file '../src/main.cpp')
  
C:\Users\Stefan\Documents\GitHub\game-engine\include\Profiler.h(174,63): error C2143: syntax error: missing ',' before '&' [C:\Users\Stefan\Documents\GitHub\game-engine\build\GameEngine.vcxproj]
  (compiling source file '../src/main.cpp')
  
C:\Users\Stefan\Documents\GitHub\game-engine\include\Profiler.h(217,62): error C2653: 'glm': is not a class or namespace name [C:\Users\Stefan\Documents\GitHub\game-engine\build\GameEngine.vcxproj]
  (compiling source file '../src/main.cpp')
  
C:\Users\Stefan\Documents\GitHub\game-engine\include\Profiler.h(217,56): error C4430: missing type specifier - int assumed. Note: C++ does not support default-int [C:\Users\Stefan\Documents\GitHub\game-engine\build\GameEngine.vcxproj]
  (compiling source file '../src/main.cpp')
  
C:\Users\Stefan\Documents\GitHub\game-engine\include\Profiler.h(217,71): error C2143: syntax error: missing ',' before '&' [C:\Users\Stefan\Documents\GitHub\game-engine\build\GameEngine.vcxproj]
  (compiling source file '../src/main.cpp')
  
C:\Users\Stefan\Documents\GitHub\game-engine\include\Profiler.h(222,55): error C2065: 'color': undeclared identifier [C:\Users\Stefan\Documents\GitHub\game-engine\build\GameEngine.vcxproj]
  (compiling source file '../src/main.cpp')
  
C:\Users\Stefan\Documents\GitHub\game-engine\include\ECS\Systems.h(14,7): error C2011: 'PhysicsSystem': 'class' type redefinition [C:\Users\Stefan\Documents\GitHub\game-engine\build\GameEngine.vcxproj]
  (compiling source file '../src/main.cpp')
      C:\Users\Stefan\Documents\GitHub\game-engine\include\PhysicsSystem.h(33,7):
      see declaration of 'PhysicsSystem'
  
  Application.cpp
C:\Users\Stefan\Documents\GitHub\game-engine\include\GLExtensions.h(28,9): warning C4005: 'GL_TEXTURE_MIN_FILTER': macro redefinition [C:\Users\Stefan\Documents\GitHub\game-engine\build\GameEngine.vcxproj]
  (compiling source file '../src/Application.cpp')
      C:\Program Files (x86)\Windows Kits\10\Include\10.0.19041.0\um\gl\GL.h(948,9):
      see previous definition of 'GL_TEXTURE_MIN_FILTER'
  
C:\Users\Stefan\Documents\GitHub\game-engine\include\GLExtensions.h(29,9): warning C4005: 'GL_TEXTURE_MAG_FILTER': macro redefinition [C:\Users\Stefan\Documents\GitHub\game-engine\build\GameEngine.vcxproj]
  (compiling source file '../src/Application.cpp')
      C:\Program Files (x86)\Windows Kits\10\Include\10.0.19041.0\um\gl\GL.h(947,9):
      see previous definition of 'GL_TEXTURE_MAG_FILTER'
  
C:\Users\Stefan\Documents\GitHub\game-engine\include\Gizmo.h(42,31): warning C4100: 'deltaTime': unreferenced parameter [C:\Users\Stefan\Documents\GitHub\game-engine\build\GameEngine.vcxproj]
  (compiling source file '../src/Application.cpp')
  
C:\Users\Stefan\Documents\GitHub\game-engine\include\Profiler.h(172,53): error C2653: 'glm': is not a class or namespace name [C:\Users\Stefan\Documents\GitHub\game-engine\build\GameEngine.vcxproj]
  (compiling source file '../src/Application.cpp')
  
C:\Users\Stefan\Documents\GitHub\game-engine\include\Profiler.h(172,47): error C4430: missing type specifier - int assumed. Note: C++ does not support default-int [C:\Users\Stefan\Documents\GitHub\game-engine\build\GameEngine.vcxproj]
  (compiling source file '../src/Application.cpp')
  
C:\Users\Stefan\Documents\GitHub\game-engine\include\Profiler.h(172,62): error C2143: syntax error: missing ',' before '&' [C:\Users\Stefan\Documents\GitHub\game-engine\build\GameEngine.vcxproj]
  (compiling source file '../src/Application.cpp')
  
C:\Users\Stefan\Documents\GitHub\game-engine\include\Profiler.h(174,54): error C2653: 'glm': is not a class or namespace name [C:\Users\Stefan\Documents\GitHub\game-engine\build\GameEngine.vcxproj]
  (compiling source file '../src/Application.cpp')
  
C:\Users\Stefan\Documents\GitHub\game-engine\include\Profiler.h(174,48): error C4430: missing type specifier - int assumed. Note: C++ does not support default-int [C:\Users\Stefan\Documents\GitHub\game-engine\build\GameEngine.vcxproj]
  (compiling source file '../src/Application.cpp')
  
C:\Users\Stefan\Documents\GitHub\game-engine\include\Profiler.h(174,63): error C2143: syntax error: missing ',' before '&' [C:\Users\Stefan\Documents\GitHub\game-engine\build\GameEngine.vcxproj]
  (compiling source file '../src/Application.cpp')
  
C:\Users\Stefan\Documents\GitHub\game-engine\include\Profiler.h(217,62): error C2653: 'glm': is not a class or namespace name [C:\Users\Stefan\Documents\GitHub\game-engine\build\GameEngine.vcxproj]
  (compiling source file '../src/Application.cpp')
  
C:\Users\Stefan\Documents\GitHub\game-engine\include\Profiler.h(217,56): error C4430: missing type specifier - int assumed. Note: C++ does not support default-int [C:\Users\Stefan\Documents\GitHub\game-engine\build\GameEngine.vcxproj]
  (compiling source file '../src/Application.cpp')
  
C:\Users\Stefan\Documents\GitHub\game-engine\include\Profiler.h(217,71): error C2143: syntax error: missing ',' before '&' [C:\Users\Stefan\Documents\GitHub\game-engine\build\GameEngine.vcxproj]
  (compiling source file '../src/Application.cpp')
  
C:\Users\Stefan\Documents\GitHub\game-engine\include\Profiler.h(222,55): error C2065: 'color': undeclared identifier [C:\Users\Stefan\Documents\GitHub\game-engine\build\GameEngine.vcxproj]
  (compiling source file '../src/Application.cpp')
  
C:\Users\Stefan\Documents\GitHub\game-engine\include\ECS\Systems.h(14,7): error C2011: 'PhysicsSystem': 'class' type redefinition [C:\Users\Stefan\Documents\GitHub\game-engine\build\GameEngine.vcxproj]
  (compiling source file '../src/Application.cpp')
      C:\Users\Stefan\Documents\GitHub\game-engine\include\PhysicsSystem.h(33,7):
      see declaration of 'PhysicsSystem'
  
C:\Users\Stefan\Documents\GitHub\game-engine\build\_deps\lua-src\luaconf.h(51,9): warning C4005: 'LUA_USE_WINDOWS': macro redefinition [C:\Users\Stefan\Documents\GitHub\game-engine\build\GameEngine.vcxproj]
  (compiling source file '../src/Application.cpp')
      C:\Users\Stefan\Documents\GitHub\game-engine\build\_deps\lua-src\luaconf.h(51,9):
      'LUA_USE_WINDOWS' previously declared on the command line
  
C:\Users\Stefan\Documents\GitHub\game-engine\src\Application.cpp(21,1): error C2512: 'std::unique_ptr<PhysicsSystem,std::default_delete<PhysicsSystem>>::unique_ptr': no appropriate default constructor available [C:\Users\Stefan\Documents\GitHub\game-engine\build\GameEngine.vcxproj]
      C:\Program Files (x86)\Microsoft Visual Studio\2022\BuildTools\VC\Tools\MSVC\14.44.35207\include\memory(3393,5):
      could be 'std::unique_ptr<PhysicsSystem,std::default_delete<PhysicsSystem>>::unique_ptr(std::unique_ptr<_Ux,_Dx> &&) noexcept'
          C:\Users\Stefan\Documents\GitHub\game-engine\src\Application.cpp(21,1):
          'std::unique_ptr<PhysicsSystem,std::default_delete<PhysicsSystem>>::unique_ptr(std::unique_ptr<_Ux,_Dx> &&) noexcept': expects 1 arguments - 0 provided
      C:\Program Files (x86)\Microsoft Visual Studio\2022\BuildTools\VC\Tools\MSVC\14.44.35207\include\memory(3385,5):
      or       'std::unique_ptr<PhysicsSystem,std::default_delete<PhysicsSystem>>::unique_ptr(std::unique_ptr<PhysicsSystem,std::default_delete<PhysicsSystem>> &&) noexcept'
          C:\Users\Stefan\Documents\GitHub\game-engine\src\Application.cpp(21,1):
          'std::unique_ptr<PhysicsSystem,std::default_delete<PhysicsSystem>>::unique_ptr(std::unique_ptr<PhysicsSystem,std::default_delete<PhysicsSystem>> &&) noexcept': expects 1 arguments - 0 provided
      C:\Program Files (x86)\Microsoft Visual Studio\2022\BuildTools\VC\Tools\MSVC\14.44.35207\include\memory(3382,5):
      or       'std::unique_ptr<PhysicsSystem,std::default_delete<PhysicsSystem>>::unique_ptr(PhysicsSystem *,std::default_delete<PhysicsSystem> &&)'
          C:\Users\Stefan\Documents\GitHub\game-engine\src\Application.cpp(21,1):
          'std::unique_ptr<PhysicsSystem,std::default_delete<PhysicsSystem>>::unique_ptr(PhysicsSystem *,std::default_delete<PhysicsSystem> &&)': expects 2 arguments - 0 provided
      C:\Program Files (x86)\Microsoft Visual Studio\2022\BuildTools\VC\Tools\MSVC\14.44.35207\include\memory(3377,5):
      or       'std::unique_ptr<PhysicsSystem,std::default_delete<PhysicsSystem>>::unique_ptr(PhysicsSystem *,_Dx &&) noexcept'
          with
          [
              _Dx=std::default_delete<PhysicsSystem>
          ]
          C:\Users\Stefan\Documents\GitHub\game-engine\src\Application.cpp(21,1):
          'std::unique_ptr<PhysicsSystem,std::default_delete<PhysicsSystem>>::unique_ptr(PhysicsSystem *,_Dx &&) noexcept': expects 2 arguments - 0 provided
          with
          [
              _Dx=std::default_delete<PhysicsSystem>
          ]
      C:\Program Files (x86)\Microsoft Visual Studio\2022\BuildTools\VC\Tools\MSVC\14.44.35207\include\memory(3373,5):
      or       'std::unique_ptr<PhysicsSystem,std::default_delete<PhysicsSystem>>::unique_ptr(PhysicsSystem *,const _Dx &) noexcept'
          with
          [
              _Dx=std::default_delete<PhysicsSystem>
          ]
          C:\Users\Stefan\Documents\GitHub\game-engine\src\Application.cpp(21,1):
          'std::unique_ptr<PhysicsSystem,std::default_delete<PhysicsSystem>>::unique_ptr(PhysicsSystem *,const _Dx &) noexcept': expects 2 arguments - 0 provided
          with
          [
              _Dx=std::default_delete<PhysicsSystem>
          ]
      C:\Program Files (x86)\Microsoft Visual Studio\2022\BuildTools\VC\Tools\MSVC\14.44.35207\include\memory(3370,5):
      or       'std::unique_ptr<PhysicsSystem,std::default_delete<PhysicsSystem>>::unique_ptr(PhysicsSystem *) noexcept'
          C:\Users\Stefan\Documents\GitHub\game-engine\src\Application.cpp(21,1):
          'std::unique_ptr<PhysicsSystem,std::default_delete<PhysicsSystem>>::unique_ptr(PhysicsSystem *) noexcept': expects 1 arguments - 0 provided
      C:\Program Files (x86)\Microsoft Visual Studio\2022\BuildTools\VC\Tools\MSVC\14.44.35207\include\memory(3360,5):
      or       'std::unique_ptr<PhysicsSystem,std::default_delete<PhysicsSystem>>::unique_ptr(std::nullptr_t) noexcept'
          C:\Users\Stefan\Documents\GitHub\game-engine\src\Application.cpp(21,1):
          'std::unique_ptr<PhysicsSystem,std::default_delete<PhysicsSystem>>::unique_ptr(std::nullptr_t) noexcept': expects 1 arguments - 0 provided
      C:\Program Files (x86)\Microsoft Visual Studio\2022\BuildTools\VC\Tools\MSVC\14.44.35207\include\memory(3357,5):
      or       'std::unique_ptr<PhysicsSystem,std::default_delete<PhysicsSystem>>::unique_ptr(void) noexcept'
          C:\Users\Stefan\Documents\GitHub\game-engine\src\Application.cpp(21,1):
          Failed to specialize function template 'std::unique_ptr<PhysicsSystem,std::default_delete<PhysicsSystem>>::unique_ptr(void) noexcept'
              C:\Users\Stefan\Documents\GitHub\game-engine\src\Application.cpp(21,1):
              With the following template arguments:
                  C:\Users\Stefan\Documents\GitHub\game-engine\src\Application.cpp(21,1):
                  '_Dx2=std::default_delete<PhysicsSystem>'
                  C:\Users\Stefan\Documents\GitHub\game-engine\src\Application.cpp(21,1):
                  '__formal=0'
      C:\Users\Stefan\Documents\GitHub\game-engine\src\Application.cpp(21,1):
      while trying to match the argument list '()'
  
C:\Users\Stefan\Documents\GitHub\game-engine\src\Application.cpp(26,9): error C2027: use of undefined type 'PhysicsSystem' [C:\Users\Stefan\Documents\GitHub\game-engine\build\GameEngine.vcxproj]
      C:\Users\Stefan\Documents\GitHub\game-engine\include\PhysicsSystem.h(33,7):
      see declaration of 'PhysicsSystem'
  
C:\Users\Stefan\Documents\GitHub\game-engine\src\Application.cpp(26,26): error C2039: 'Shutdown': is not a member of 'std::unique_ptr<PhysicsSystem,std::default_delete<PhysicsSystem>>' [C:\Users\Stefan\Documents\GitHub\game-engine\build\GameEngine.vcxproj]
      C:\Program Files (x86)\Microsoft Visual Studio\2022\BuildTools\VC\Tools\MSVC\14.44.35207\include\memory(3347,7):
      see declaration of 'std::unique_ptr<PhysicsSystem,std::default_delete<PhysicsSystem>>'
  
C:\Users\Stefan\Documents\GitHub\game-engine\src\Application.cpp(30,5): error C2653: 'ScriptSystem': is not a class or namespace name [C:\Users\Stefan\Documents\GitHub\game-engine\build\GameEngine.vcxproj]
C:\Users\Stefan\Documents\GitHub\game-engine\src\Application.cpp(30,19): error C3861: 'GetInstance': identifier not found [C:\Users\Stefan\Documents\GitHub\game-engine\build\GameEngine.vcxproj]
C:\Users\Stefan\Documents\GitHub\game-engine\src\Application.cpp(35,9): error C2027: use of undefined type 'PhysicsSystem' [C:\Users\Stefan\Documents\GitHub\game-engine\build\GameEngine.vcxproj]
      C:\Users\Stefan\Documents\GitHub\game-engine\include\PhysicsSystem.h(33,7):
      see declaration of 'PhysicsSystem'
  
C:\Users\Stefan\Documents\GitHub\game-engine\src\Application.cpp(35,26): error C2039: 'Shutdown': is not a member of 'std::unique_ptr<PhysicsSystem,std::default_delete<PhysicsSystem>>' [C:\Users\Stefan\Documents\GitHub\game-engine\build\GameEngine.vcxproj]
      C:\Program Files (x86)\Microsoft Visual Studio\2022\BuildTools\VC\Tools\MSVC\14.44.35207\include\memory(3347,7):
      see declaration of 'std::unique_ptr<PhysicsSystem,std::default_delete<PhysicsSystem>>'
  
C:\Users\Stefan\Documents\GitHub\game-engine\src\Application.cpp(100,5): error C2065: 'm_BlendTreeEditor': undeclared identifier [C:\Users\Stefan\Documents\GitHub\game-engine\build\GameEngine.vcxproj]
C:\Users\Stefan\Documents\GitHub\game-engine\src\Application.cpp(109,28): error C2672: 'std::make_unique': no matching overloaded function found [C:\Users\Stefan\Documents\GitHub\game-engine\build\GameEngine.vcxproj]
      C:\Program Files (x86)\Microsoft Visual Studio\2022\BuildTools\VC\Tools\MSVC\14.44.35207\include\memory(3640,6):
      could be 'void std::make_unique(_Types ...)'
          C:\Users\Stefan\Documents\GitHub\game-engine\src\Application.cpp(109,28):
          'void std::make_unique(_Types ...)': could not deduce template argument for '__formal'
              C:\Program Files (x86)\Microsoft Visual Studio\2022\BuildTools\VC\Tools\MSVC\14.44.35207\include\memory(3639,51):
              'std::enable_if_t<false,int>' : Failed to specialize alias template
      C:\Program Files (x86)\Microsoft Visual Studio\2022\BuildTools\VC\Tools\MSVC\14.44.35207\include\memory(3634,57):
      or       'std::unique_ptr<_Ty,std::default_delete<_Ty>> std::make_unique(const size_t)'
          C:\Users\Stefan\Documents\GitHub\game-engine\src\Application.cpp(109,28):
          'std::unique_ptr<_Ty,std::default_delete<_Ty>> std::make_unique(const size_t)': expects 1 arguments - 0 provided
      C:\Program Files (x86)\Microsoft Visual Studio\2022\BuildTools\VC\Tools\MSVC\14.44.35207\include\memory(3629,57):
      or       'std::unique_ptr<_Ty,std::default_delete<_Ty>> std::make_unique(_Types ...)'
          C:\Users\Stefan\Documents\GitHub\game-engine\src\Application.cpp(109,28):
          Failed to specialize function template 'std::unique_ptr<_Ty,std::default_delete<_Ty>> std::make_unique(_Types ...)'
              C:\Users\Stefan\Documents\GitHub\game-engine\src\Application.cpp(109,28):
              With the following template arguments:
                  C:\Users\Stefan\Documents\GitHub\game-engine\src\Application.cpp(109,28):
                  '_Ty=PhysicsSystem'
                  C:\Users\Stefan\Documents\GitHub\game-engine\src\Application.cpp(109,28):
                  '_Types={}'
                  C:\Users\Stefan\Documents\GitHub\game-engine\src\Application.cpp(109,28):
                  '__formal=0'
  
C:\Users\Stefan\Documents\GitHub\game-engine\src\Application.cpp(110,5): error C2027: use of undefined type 'PhysicsSystem' [C:\Users\Stefan\Documents\GitHub\game-engine\build\GameEngine.vcxproj]
      C:\Users\Stefan\Documents\GitHub\game-engine\include\PhysicsSystem.h(33,7):
      see declaration of 'PhysicsSystem'
  
C:\Users\Stefan\Documents\GitHub\game-engine\src\Application.cpp(110,22): error C2039: 'Initialize': is not a member of 'std::unique_ptr<PhysicsSystem,std::default_delete<PhysicsSystem>>' [C:\Users\Stefan\Documents\GitHub\game-engine\build\GameEngine.vcxproj]
      C:\Program Files (x86)\Microsoft Visual Studio\2022\BuildTools\VC\Tools\MSVC\14.44.35207\include\memory(3347,7):
      see declaration of 'std::unique_ptr<PhysicsSystem,std::default_delete<PhysicsSystem>>'
  
C:\Users\Stefan\Documents\GitHub\game-engine\src\Application.cpp(117,22): error C2672: 'EntityManager::AddSystem': no matching overloaded function found [C:\Users\Stefan\Documents\GitHub\game-engine\build\GameEngine.vcxproj]
      C:\Users\Stefan\Documents\GitHub\game-engine\include\ECS\EntityManager.h(172,8):
      could be 'T &EntityManager::AddSystem(Args ...)'
          C:\Users\Stefan\Documents\GitHub\game-engine\src\Application.cpp(117,22):
          Failed to specialize function template 'T &EntityManager::AddSystem(Args ...)'
              C:\Users\Stefan\Documents\GitHub\game-engine\src\Application.cpp(117,22):
              With the following template arguments:
                  C:\Users\Stefan\Documents\GitHub\game-engine\src\Application.cpp(117,22):
                  'T=PhysicsSystem'
                  C:\Users\Stefan\Documents\GitHub\game-engine\src\Application.cpp(117,22):
                  'Args={}'
  
C:\Users\Stefan\Documents\GitHub\game-engine\src\Application.cpp(304,13): error C2027: use of undefined type 'PhysicsSystem' [C:\Users\Stefan\Documents\GitHub\game-engine\build\GameEngine.vcxproj]
      C:\Users\Stefan\Documents\GitHub\game-engine\include\PhysicsSystem.h(33,7):
      see declaration of 'PhysicsSystem'
  
C:\Users\Stefan\Documents\GitHub\game-engine\src\Application.cpp(304,30): error C2039: 'Update': is not a member of 'std::unique_ptr<PhysicsSystem,std::default_delete<PhysicsSystem>>' [C:\Users\Stefan\Documents\GitHub\game-engine\build\GameEngine.vcxproj]
      C:\Program Files (x86)\Microsoft Visual Studio\2022\BuildTools\VC\Tools\MSVC\14.44.35207\include\memory(3347,7):
      see declaration of 'std::unique_ptr<PhysicsSystem,std::default_delete<PhysicsSystem>>'
  
C:\Users\Stefan\Documents\GitHub\game-engine\src\Application.cpp(308,49): error C2039: 'GetGameObjects': is not a member of 'Renderer' [C:\Users\Stefan\Documents\GitHub\game-engine\build\GameEngine.vcxproj]
      C:\Users\Stefan\Documents\GitHub\game-engine\include\Renderer.h(34,7):
      see declaration of 'Renderer'
  
C:\Users\Stefan\Documents\GitHub\game-engine\src\Application.cpp(308,35): error C2530: 'gameObjects': references must be initialized [C:\Users\Stefan\Documents\GitHub\game-engine\build\GameEngine.vcxproj]
C:\Users\Stefan\Documents\GitHub\game-engine\src\Application.cpp(309,34): error C3536: 'gameObjects': cannot be used before it is initialized [C:\Users\Stefan\Documents\GitHub\game-engine\build\GameEngine.vcxproj]
C:\Users\Stefan\Documents\GitHub\game-engine\src\Application.cpp(309,34): error C3312: no callable 'begin' function found for type '<error type>' [C:\Users\Stefan\Documents\GitHub\game-engine\build\GameEngine.vcxproj]
C:\Users\Stefan\Documents\GitHub\game-engine\src\Application.cpp(309,34): error C3312: no callable 'end' function found for type '<error type>' [C:\Users\Stefan\Documents\GitHub\game-engine\build\GameEngine.vcxproj]
C:\Users\Stefan\Documents\GitHub\game-engine\src\Application.cpp(309,28): error C2530: 'obj': references must be initialized [C:\Users\Stefan\Documents\GitHub\game-engine\build\GameEngine.vcxproj]
C:\Users\Stefan\Documents\GitHub\game-engine\src\Application.cpp(309,28): error C3531: 'obj': a symbol whose type contains 'auto' must have an initializer [C:\Users\Stefan\Documents\GitHub\game-engine\build\GameEngine.vcxproj]
C:\Users\Stefan\Documents\GitHub\game-engine\src\Application.cpp(309,32): error C2143: syntax error: missing ';' before ':' [C:\Users\Stefan\Documents\GitHub\game-engine\build\GameEngine.vcxproj]
C:\Users\Stefan\Documents\GitHub\game-engine\src\Application.cpp(309,45): error C2143: syntax error: missing ';' before ')' [C:\Users\Stefan\Documents\GitHub\game-engine\build\GameEngine.vcxproj]
C:\Users\Stefan\Documents\GitHub\game-engine\src\Application.cpp(353,9): error C2665: 'ScopedGPUProfile::ScopedGPUProfile': no overloaded function could convert all the argument types [C:\Users\Stefan\Documents\GitHub\game-engine\build\GameEngine.vcxproj]
      C:\Users\Stefan\Documents\GitHub\game-engine\include\Profiler.h(236,1):
      could be 'ScopedGPUProfile::ScopedGPUProfile(const ScopedGPUProfile &)'
          C:\Users\Stefan\Documents\GitHub\game-engine\src\Application.cpp(353,9):
          'ScopedGPUProfile::ScopedGPUProfile(const ScopedGPUProfile &)': cannot convert argument 1 from 'const char [17]' to 'const ScopedGPUProfile &'
              C:\Users\Stefan\Documents\GitHub\game-engine\src\Application.cpp(353,9):
              Reason: cannot convert from 'const char [17]' to 'const ScopedGPUProfile'
      C:\Users\Stefan\Documents\GitHub\game-engine\src\Application.cpp(353,9):
      while trying to match the argument list '(const char [17])'
  
C:\Users\Stefan\Documents\GitHub\game-engine\src\Application.cpp(354,21): error C2039: 'Render': is not a member of 'Renderer' [C:\Users\Stefan\Documents\GitHub\game-engine\build\GameEngine.vcxproj]
      C:\Users\Stefan\Documents\GitHub\game-engine\include\Renderer.h(34,7):
      see declaration of 'Renderer'
  
C:\Users\Stefan\Documents\GitHub\game-engine\src\Application.cpp(842,9): error C2065: 'm_BlendTreeEditor': undeclared identifier [C:\Users\Stefan\Documents\GitHub\game-engine\build\GameEngine.vcxproj]
C:\Users\Stefan\Documents\GitHub\game-engine\src\Application.cpp(846,13): error C2065: 'm_BlendTreeEditor': undeclared identifier [C:\Users\Stefan\Documents\GitHub\game-engine\build\GameEngine.vcxproj]
C:\Users\Stefan\Documents\GitHub\game-engine\src\Application.cpp(848,14): error C2065: 'm_BlendTreeEditor': undeclared identifier [C:\Users\Stefan\Documents\GitHub\game-engine\build\GameEngine.vcxproj]
C:\Users\Stefan\Documents\GitHub\game-engine\src\Application.cpp(851,9): error C2065: 'm_BlendTreeEditor': undeclared identifier [C:\Users\Stefan\Documents\GitHub\game-engine\build\GameEngine.vcxproj]
C:\Users\Stefan\Documents\GitHub\game-engine\src\Application.cpp(1038,43): error C2039: 'GetGradient': is not a member of 'ParticleEmitter' [C:\Users\Stefan\Documents\GitHub\game-engine\build\GameEngine.vcxproj]
      C:\Users\Stefan\Documents\GitHub\game-engine\include\ParticleEmitter.h(84,7):
      see declaration of 'ParticleEmitter'
  
C:\Users\Stefan\Documents\GitHub\game-engine\src\Application.cpp(1038,32): error C2530: 'gradient': references must be initialized [C:\Users\Stefan\Documents\GitHub\game-engine\build\GameEngine.vcxproj]
C:\Users\Stefan\Documents\GitHub\game-engine\src\Application.cpp(1039,40): error C3536: 'gradient': cannot be used before it is initialized [C:\Users\Stefan\Documents\GitHub\game-engine\build\GameEngine.vcxproj]
C:\Users\Stefan\Documents\GitHub\game-engine\src\Application.cpp(1041,55): error C2109: subscript requires array or pointer type [C:\Users\Stefan\Documents\GitHub\game-engine\build\GameEngine.vcxproj]
C:\Users\Stefan\Documents\GitHub\game-engine\src\Application.cpp(1041,29): error C2664: 'bool ImGui::DragFloat(const char *,float *,float,float,float,const char *,ImGuiSliderFlags)': cannot convert argument 2 from 'float' to 'float *' [C:\Users\Stefan\Documents\GitHub\game-engine\build\GameEngine.vcxproj]
      C:\Users\Stefan\Documents\GitHub\game-engine\include\imgui\imgui.h(677,29):
      see declaration of 'ImGui::DragFloat'
      C:\Users\Stefan\Documents\GitHub\game-engine\src\Application.cpp(1041,29):
      while trying to match the argument list '(const char [2], float, float, float)'
  
C:\Users\Stefan\Documents\GitHub\game-engine\src\Application.cpp(1042,60): error C2109: subscript requires array or pointer type [C:\Users\Stefan\Documents\GitHub\game-engine\build\GameEngine.vcxproj]
C:\Users\Stefan\Documents\GitHub\game-engine\src\Application.cpp(1042,29): error C2660: 'ImGui::ColorEdit4': function does not take 1 arguments [C:\Users\Stefan\Documents\GitHub\game-engine\build\GameEngine.vcxproj]
      C:\Users\Stefan\Documents\GitHub\game-engine\include\imgui\imgui.h(733,29):
      see declaration of 'ImGui::ColorEdit4'
      C:\Users\Stefan\Documents\GitHub\game-engine\src\Application.cpp(1042,29):
      while trying to match the argument list '(const char [6])'
  
C:\Users\Stefan\Documents\GitHub\game-engine\src\Application.cpp(1050,30): error C2248: 'ParticleEmitter::AddGradientStop': cannot access private member declared in class 'ParticleEmitter' [C:\Users\Stefan\Documents\GitHub\game-engine\build\GameEngine.vcxproj]
      C:\Users\Stefan\Documents\GitHub\game-engine\include\ParticleEmitter.h(276,10):
      see declaration of 'ParticleEmitter::AddGradientStop'
      C:\Users\Stefan\Documents\GitHub\game-engine\include\ParticleEmitter.h(84,7):
      see declaration of 'ParticleEmitter'
  
C:\Users\Stefan\Documents\GitHub\game-engine\src\Application.cpp(1057,40): error C2039: 'GetSizeCurve': is not a member of 'ParticleEmitter' [C:\Users\Stefan\Documents\GitHub\game-engine\build\GameEngine.vcxproj]
      C:\Users\Stefan\Documents\GitHub\game-engine\include\ParticleEmitter.h(84,7):
      see declaration of 'ParticleEmitter'
  
C:\Users\Stefan\Documents\GitHub\game-engine\src\Application.cpp(1057,29): error C2530: 'curve': references must be initialized [C:\Users\Stefan\Documents\GitHub\game-engine\build\GameEngine.vcxproj]
C:\Users\Stefan\Documents\GitHub\game-engine\src\Application.cpp(1059,22): error C3536: 'curve': cannot be used before it is initialized [C:\Users\Stefan\Documents\GitHub\game-engine\build\GameEngine.vcxproj]
C:\Users\Stefan\Documents\GitHub\game-engine\src\Application.cpp(1060,28): error C2665: 'ImGui::PlotLines': no overloaded function could convert all the argument types [C:\Users\Stefan\Documents\GitHub\game-engine\build\GameEngine.vcxproj]
      C:\Users\Stefan\Documents\GitHub\game-engine\include\imgui\imgui.h(793,29):
      could be 'void ImGui::PlotLines(const char *,float (__cdecl *)(void *,int),void *,int,int,const char *,float,float,ImVec2)'
          C:\Users\Stefan\Documents\GitHub\game-engine\src\Application.cpp(1060,28):
          'void ImGui::PlotLines(const char *,float (__cdecl *)(void *,int),void *,int,int,const char *,float,float,ImVec2)': cannot convert argument 6 from 'ImVec2' to 'const char *'
              C:\Users\Stefan\Documents\GitHub\game-engine\src\Application.cpp(1060,110):
              No user-defined-conversion operator available that can perform this conversion, or the operator cannot be called
      C:\Users\Stefan\Documents\GitHub\game-engine\include\imgui\imgui.h(792,29):
      or       'void ImGui::PlotLines(const char *,const float *,int,int,const char *,float,float,ImVec2,int)'
          C:\Users\Stefan\Documents\GitHub\game-engine\src\Application.cpp(1060,28):
          'void ImGui::PlotLines(const char *,const float *,int,int,const char *,float,float,ImVec2,int)': cannot convert argument 3 from 'nullptr' to 'int'
              C:\Users\Stefan\Documents\GitHub\game-engine\src\Application.cpp(1060,83):
              A native nullptr can only be converted to bool or, using reinterpret_cast, to an integral type
      C:\Users\Stefan\Documents\GitHub\game-engine\src\Application.cpp(1060,28):
      while trying to match the argument list '(const char [6], int, nullptr, float, float, ImVec2)'
  
C:\Users\Stefan\Documents\GitHub\game-engine\src\Application.cpp(1066,64): error C2109: subscript requires array or pointer type [C:\Users\Stefan\Documents\GitHub\game-engine\build\GameEngine.vcxproj]
C:\Users\Stefan\Documents\GitHub\game-engine\src\Application.cpp(1066,29): error C2660: 'ImGui::SliderFloat': function does not take 3 arguments [C:\Users\Stefan\Documents\GitHub\game-engine\build\GameEngine.vcxproj]
      C:\Users\Stefan\Documents\GitHub\game-engine\include\imgui\imgui.h(696,29):
      see declaration of 'ImGui::SliderFloat'
      C:\Users\Stefan\Documents\GitHub\game-engine\src\Application.cpp(1066,29):
      while trying to match the argument list '(const _Elem *, float, float)'
          with
          [
              _Elem=char
          ]
  
C:\Users\Stefan\Documents\GitHub\game-engine\src\Application.cpp(1070,30): error C2248: 'ParticleEmitter::AddSizeCurvePoint': cannot access private member declared in class 'ParticleEmitter' [C:\Users\Stefan\Documents\GitHub\game-engine\build\GameEngine.vcxproj]
      C:\Users\Stefan\Documents\GitHub\game-engine\include\ParticleEmitter.h(277,10):
      see declaration of 'ParticleEmitter::AddSizeCurvePoint'
      C:\Users\Stefan\Documents\GitHub\game-engine\include\ParticleEmitter.h(84,7):
      see declaration of 'ParticleEmitter'
  
C:\Users\Stefan\Documents\GitHub\game-engine\src\Application.cpp(1081,46): error C2039: 'GetSubEmitterDeath': is not a member of 'ParticleEmitter' [C:\Users\Stefan\Documents\GitHub\game-engine\build\GameEngine.vcxproj]
      C:\Users\Stefan\Documents\GitHub\game-engine\include\ParticleEmitter.h(84,7):
      see declaration of 'ParticleEmitter'
  
C:\Users\Stefan\Documents\GitHub\game-engine\src\Application.cpp(1082,43): error C3536: 'currentDeath': cannot be used before it is initialized [C:\Users\Stefan\Documents\GitHub\game-engine\build\GameEngine.vcxproj]
C:\Users\Stefan\Documents\GitHub\game-engine\src\Application.cpp(1085,34): error C2039: 'SetSubEmitterDeath': is not a member of 'ParticleEmitter' [C:\Users\Stefan\Documents\GitHub\game-engine\build\GameEngine.vcxproj]
      C:\Users\Stefan\Documents\GitHub\game-engine\include\ParticleEmitter.h(84,7):
      see declaration of 'ParticleEmitter'
  
C:\Users\Stefan\Documents\GitHub\game-engine\src\Application.cpp(1090,75): error C2446: '==': no conversion from 'const _Ty' to '<error type>' [C:\Users\Stefan\Documents\GitHub\game-engine\build\GameEngine.vcxproj]
C:\Users\Stefan\Documents\GitHub\game-engine\src\Application.cpp(1090,75): error C2446:         with [C:\Users\Stefan\Documents\GitHub\game-engine\build\GameEngine.vcxproj]
C:\Users\Stefan\Documents\GitHub\game-engine\src\Application.cpp(1090,75): error C2446:         [ [C:\Users\Stefan\Documents\GitHub\game-engine\build\GameEngine.vcxproj]
C:\Users\Stefan\Documents\GitHub\game-engine\src\Application.cpp(1090,75): error C2446:             _Ty=std::shared_ptr<ParticleEmitter> [C:\Users\Stefan\Documents\GitHub\game-engine\build\GameEngine.vcxproj]
C:\Users\Stefan\Documents\GitHub\game-engine\src\Application.cpp(1090,75): error C2446:         ] [C:\Users\Stefan\Documents\GitHub\game-engine\build\GameEngine.vcxproj]
      C:\Users\Stefan\Documents\GitHub\game-engine\src\Application.cpp(1090,88):
      No user-defined-conversion operator available that can perform this conversion, or the operator cannot be called
  
C:\Users\Stefan\Documents\GitHub\game-engine\src\Application.cpp(1091,38): error C2039: 'SetSubEmitterDeath': is not a member of 'ParticleEmitter' [C:\Users\Stefan\Documents\GitHub\game-engine\build\GameEngine.vcxproj]
      C:\Users\Stefan\Documents\GitHub\game-engine\include\ParticleEmitter.h(84,7):
      see declaration of 'ParticleEmitter'
  
  Mesh.cpp
C:\Users\Stefan\Documents\GitHub\game-engine\include\GLExtensions.h(28,9): warning C4005: 'GL_TEXTURE_MIN_FILTER': macro redefinition [C:\Users\Stefan\Documents\GitHub\game-engine\build\GameEngine.vcxproj]
  (compiling source file '../src/Mesh.cpp')
      C:\Program Files (x86)\Windows Kits\10\Include\10.0.19041.0\um\gl\GL.h(948,9):
      see previous definition of 'GL_TEXTURE_MIN_FILTER'
  
C:\Users\Stefan\Documents\GitHub\game-engine\include\GLExtensions.h(29,9): warning C4005: 'GL_TEXTURE_MAG_FILTER': macro redefinition [C:\Users\Stefan\Documents\GitHub\game-engine\build\GameEngine.vcxproj]
  (compiling source file '../src/Mesh.cpp')
      C:\Program Files (x86)\Windows Kits\10\Include\10.0.19041.0\um\gl\GL.h(947,9):
      see previous definition of 'GL_TEXTURE_MAG_FILTER'
  
C:\Users\Stefan\Documents\GitHub\game-engine\src\Mesh.cpp(122,5): error C3861: 'glVertexAttribIPointer': identifier not found [C:\Users\Stefan\Documents\GitHub\game-engine\build\GameEngine.vcxproj]
C:\Users\Stefan\Documents\GitHub\game-engine\src\Mesh.cpp(133,5): error C4430: missing type specifier - int assumed. Note: C++ does not support default-int [C:\Users\Stefan\Documents\GitHub\game-engine\build\GameEngine.vcxproj]
C:\Users\Stefan\Documents\GitHub\game-engine\src\Mesh.cpp(133,5): error C2373: 'glBindBuffer': redefinition; different type modifiers [C:\Users\Stefan\Documents\GitHub\game-engine\build\GameEngine.vcxproj]
      C:\Users\Stefan\Documents\GitHub\game-engine\include\GLExtensions.h(215,28):
      see declaration of 'glBindBuffer'
  
C:\Users\Stefan\Documents\GitHub\game-engine\src\Mesh.cpp(134,5): error C4430: missing type specifier - int assumed. Note: C++ does not support default-int [C:\Users\Stefan\Documents\GitHub\game-engine\build\GameEngine.vcxproj]
C:\Users\Stefan\Documents\GitHub\game-engine\src\Mesh.cpp(134,5): error C2373: 'glBindVertexArray': redefinition; different type modifiers [C:\Users\Stefan\Documents\GitHub\game-engine\build\GameEngine.vcxproj]
      C:\Users\Stefan\Documents\GitHub\game-engine\include\GLExtensions.h(212,33):
      see declaration of 'glBindVertexArray'
  
C:\Users\Stefan\Documents\GitHub\game-engine\src\Mesh.cpp(135,1): error C2059: syntax error: '}' [C:\Users\Stefan\Documents\GitHub\game-engine\build\GameEngine.vcxproj]
C:\Users\Stefan\Documents\GitHub\game-engine\src\Mesh.cpp(135,1): error C2143: syntax error: missing ';' before '}' [C:\Users\Stefan\Documents\GitHub\game-engine\build\GameEngine.vcxproj]
C:\Users\Stefan\Documents\GitHub\game-engine\src\Mesh.cpp(137,66): error C2143: syntax error: missing ';' before '{' [C:\Users\Stefan\Documents\GitHub\game-engine\build\GameEngine.vcxproj]
C:\Users\Stefan\Documents\GitHub\game-engine\src\Mesh.cpp(137,66): error C2447: '{': missing function header (old-style formal list?) [C:\Users\Stefan\Documents\GitHub\game-engine\build\GameEngine.vcxproj]
C:\Users\Stefan\Documents\GitHub\game-engine\src\Mesh.cpp(406,17): error C2676: binary '+=': 'Vec2' does not define this operator or a conversion to a type acceptable to the predefined operator [C:\Users\Stefan\Documents\GitHub\game-engine\build\GameEngine.vcxproj]
C:\Users\Stefan\Documents\GitHub\game-engine\src\Mesh.cpp(419,23): error C2676: binary '*=': 'Vec3' does not define this operator or a conversion to a type acceptable to the predefined operator [C:\Users\Stefan\Documents\GitHub\game-engine\build\GameEngine.vcxproj]
C:\Users\Stefan\Documents\GitHub\game-engine\src\Mesh.cpp(421,17): error C2676: binary '*=': 'Vec2' does not define this operator or a conversion to a type acceptable to the predefined operator [C:\Users\Stefan\Documents\GitHub\game-engine\build\GameEngine.vcxproj]
  Renderer.cpp
C:\Users\Stefan\Documents\GitHub\game-engine\include\GLExtensions.h(28,9): warning C4005: 'GL_TEXTURE_MIN_FILTER': macro redefinition [C:\Users\Stefan\Documents\GitHub\game-engine\build\GameEngine.vcxproj]
  (compiling source file '../src/Renderer.cpp')
      C:\Program Files (x86)\Windows Kits\10\Include\10.0.19041.0\um\gl\GL.h(948,9):
      see previous definition of 'GL_TEXTURE_MIN_FILTER'
  
C:\Users\Stefan\Documents\GitHub\game-engine\include\GLExtensions.h(29,9): warning C4005: 'GL_TEXTURE_MAG_FILTER': macro redefinition [C:\Users\Stefan\Documents\GitHub\game-engine\build\GameEngine.vcxproj]
  (compiling source file '../src/Renderer.cpp')
      C:\Program Files (x86)\Windows Kits\10\Include\10.0.19041.0\um\gl\GL.h(947,9):
      see previous definition of 'GL_TEXTURE_MAG_FILTER'
  
C:\Users\Stefan\Documents\GitHub\game-engine\include\Profiler.h(172,53): error C2653: 'glm': is not a class or namespace name [C:\Users\Stefan\Documents\GitHub\game-engine\build\GameEngine.vcxproj]
  (compiling source file '../src/Renderer.cpp')
  
C:\Users\Stefan\Documents\GitHub\game-engine\include\Profiler.h(172,47): error C4430: missing type specifier - int assumed. Note: C++ does not support default-int [C:\Users\Stefan\Documents\GitHub\game-engine\build\GameEngine.vcxproj]
  (compiling source file '../src/Renderer.cpp')
  
C:\Users\Stefan\Documents\GitHub\game-engine\include\Profiler.h(172,62): error C2143: syntax error: missing ',' before '&' [C:\Users\Stefan\Documents\GitHub\game-engine\build\GameEngine.vcxproj]
  (compiling source file '../src/Renderer.cpp')
  
C:\Users\Stefan\Documents\GitHub\game-engine\include\Profiler.h(174,54): error C2653: 'glm': is not a class or namespace name [C:\Users\Stefan\Documents\GitHub\game-engine\build\GameEngine.vcxproj]
  (compiling source file '../src/Renderer.cpp')
  
C:\Users\Stefan\Documents\GitHub\game-engine\include\Profiler.h(174,48): error C4430: missing type specifier - int assumed. Note: C++ does not support default-int [C:\Users\Stefan\Documents\GitHub\game-engine\build\GameEngine.vcxproj]
  (compiling source file '../src/Renderer.cpp')
  
C:\Users\Stefan\Documents\GitHub\game-engine\include\Profiler.h(174,63): error C2143: syntax error: missing ',' before '&' [C:\Users\Stefan\Documents\GitHub\game-engine\build\GameEngine.vcxproj]
  (compiling source file '../src/Renderer.cpp')
  
C:\Users\Stefan\Documents\GitHub\game-engine\include\Profiler.h(217,62): error C2653: 'glm': is not a class or namespace name [C:\Users\Stefan\Documents\GitHub\game-engine\build\GameEngine.vcxproj]
  (compiling source file '../src/Renderer.cpp')
  
C:\Users\Stefan\Documents\GitHub\game-engine\include\Profiler.h(217,56): error C4430: missing type specifier - int assumed. Note: C++ does not support default-int [C:\Users\Stefan\Documents\GitHub\game-engine\build\GameEngine.vcxproj]
  (compiling source file '../src/Renderer.cpp')
  
C:\Users\Stefan\Documents\GitHub\game-engine\include\Profiler.h(217,71): error C2143: syntax error: missing ',' before '&' [C:\Users\Stefan\Documents\GitHub\game-engine\build\GameEngine.vcxproj]
  (compiling source file '../src/Renderer.cpp')
  
C:\Users\Stefan\Documents\GitHub\game-engine\include\Profiler.h(222,55): error C2065: 'color': undeclared identifier [C:\Users\Stefan\Documents\GitHub\game-engine\build\GameEngine.vcxproj]
  (compiling source file '../src/Renderer.cpp')
  
C:\Users\Stefan\Documents\GitHub\game-engine\src\Renderer.cpp(248,64): error C2039: 'GetMatrix': is not a member of 'Transform' [C:\Users\Stefan\Documents\GitHub\game-engine\build\GameEngine.vcxproj]
      C:\Users\Stefan\Documents\GitHub\game-engine\include\Transform.h(6,7):
      see declaration of 'Transform'
  
C:\Users\Stefan\Documents\GitHub\game-engine\src\Renderer.cpp(250,62): error C2039: 'GetMatrix': is not a member of 'Transform' [C:\Users\Stefan\Documents\GitHub\game-engine\build\GameEngine.vcxproj]
      C:\Users\Stefan\Documents\GitHub\game-engine\include\Transform.h(6,7):
      see declaration of 'Transform'
  
C:\Users\Stefan\Documents\GitHub\game-engine\src\Renderer.cpp(250,23): error C2660: 'Shader::SetMat4': function does not take 1 arguments [C:\Users\Stefan\Documents\GitHub\game-engine\build\GameEngine.vcxproj]
      C:\Users\Stefan\Documents\GitHub\game-engine\include\Shader.h(22,10):
      see declaration of 'Shader::SetMat4'
      C:\Users\Stefan\Documents\GitHub\game-engine\src\Renderer.cpp(250,23):
      while trying to match the argument list '(const char [8])'
  
C:\Users\Stefan\Documents\GitHub\game-engine\src\Renderer.cpp(260,18): error C2660: 'GameObject::Draw': function does not take 1 arguments [C:\Users\Stefan\Documents\GitHub\game-engine\build\GameEngine.vcxproj]
      C:\Users\Stefan\Documents\GitHub\game-engine\include\GameObject.h(30,10):
      see declaration of 'GameObject::Draw'
      C:\Users\Stefan\Documents\GitHub\game-engine\src\Renderer.cpp(260,18):
      while trying to match the argument list '(Shader *)'
  
C:\Users\Stefan\Documents\GitHub\game-engine\src\Renderer.cpp(477,34): error C2027: use of undefined type 'Animator' [C:\Users\Stefan\Documents\GitHub\game-engine\build\GameEngine.vcxproj]
      C:\Users\Stefan\Documents\GitHub\game-engine\include\GameObject.h(61,38):
      see declaration of 'Animator'
  
C:\Users\Stefan\Documents\GitHub\game-engine\src\Renderer.cpp(477,44): error C2039: 'GetAnimationCount': is not a member of 'std::shared_ptr<Animator>' [C:\Users\Stefan\Documents\GitHub\game-engine\build\GameEngine.vcxproj]
      C:\Program Files (x86)\Microsoft Visual Studio\2022\BuildTools\VC\Tools\MSVC\14.44.35207\include\memory(1565,7):
      see declaration of 'std::shared_ptr<Animator>'
  
C:\Users\Stefan\Documents\GitHub\game-engine\src\Renderer.cpp(481,25): error C2027: use of undefined type 'Animator' [C:\Users\Stefan\Documents\GitHub\game-engine\build\GameEngine.vcxproj]
      C:\Users\Stefan\Documents\GitHub\game-engine\include\GameObject.h(61,38):
      see declaration of 'Animator'
  
C:\Users\Stefan\Documents\GitHub\game-engine\src\Renderer.cpp(481,35): error C2039: 'GetAnimationCount': is not a member of 'std::shared_ptr<Animator>' [C:\Users\Stefan\Documents\GitHub\game-engine\build\GameEngine.vcxproj]
      C:\Program Files (x86)\Microsoft Visual Studio\2022\BuildTools\VC\Tools\MSVC\14.44.35207\include\memory(1565,7):
      see declaration of 'std::shared_ptr<Animator>'
  
C:\Users\Stefan\Documents\GitHub\game-engine\src\Renderer.cpp(887,31): warning C4244: 'initializing': conversion from 'double' to 'unsigned int', possible loss of data [C:\Users\Stefan\Documents\GitHub\game-engine\build\GameEngine.vcxproj]
C:\Users\Stefan\Documents\GitHub\game-engine\src\Renderer.cpp(888,32): warning C4244: 'initializing': conversion from 'double' to 'unsigned int', possible loss of data [C:\Users\Stefan\Documents\GitHub\game-engine\build\GameEngine.vcxproj]
C:\Users\Stefan\Documents\GitHub\game-engine\src\Renderer.cpp(1091,29): error C2027: use of undefined type 'Animator' [C:\Users\Stefan\Documents\GitHub\game-engine\build\GameEngine.vcxproj]
      C:\Users\Stefan\Documents\GitHub\game-engine\include\GameObject.h(61,38):
      see declaration of 'Animator'
  
C:\Users\Stefan\Documents\GitHub\game-engine\src\Renderer.cpp(1091,39): error C2039: 'GetAnimationCount': is not a member of 'std::shared_ptr<Animator>' [C:\Users\Stefan\Documents\GitHub\game-engine\build\GameEngine.vcxproj]
      C:\Program Files (x86)\Microsoft Visual Studio\2022\BuildTools\VC\Tools\MSVC\14.44.35207\include\memory(1565,7):
      see declaration of 'std::shared_ptr<Animator>'
  
C:\Users\Stefan\Documents\GitHub\game-engine\src\Renderer.cpp(1105,21): error C2027: use of undefined type 'Animator' [C:\Users\Stefan\Documents\GitHub\game-engine\build\GameEngine.vcxproj]
      C:\Users\Stefan\Documents\GitHub\game-engine\include\GameObject.h(61,38):
      see declaration of 'Animator'
  
C:\Users\Stefan\Documents\GitHub\game-engine\src\Renderer.cpp(1105,31): error C2039: 'TransitionToAnimation': is not a member of 'std::shared_ptr<Animator>' [C:\Users\Stefan\Documents\GitHub\game-engine\build\GameEngine.vcxproj]
      C:\Program Files (x86)\Microsoft Visual Studio\2022\BuildTools\VC\Tools\MSVC\14.44.35207\include\memory(1565,7):
      see declaration of 'std::shared_ptr<Animator>'
  
C:\Users\Stefan\Documents\GitHub\game-engine\src\Renderer.cpp(1109,21): error C2027: use of undefined type 'Animator' [C:\Users\Stefan\Documents\GitHub\game-engine\build\GameEngine.vcxproj]
      C:\Users\Stefan\Documents\GitHub\game-engine\include\GameObject.h(61,38):
      see declaration of 'Animator'
  
C:\Users\Stefan\Documents\GitHub\game-engine\src\Renderer.cpp(1109,31): error C2039: 'IsBlending': is not a member of 'std::shared_ptr<Animator>' [C:\Users\Stefan\Documents\GitHub\game-engine\build\GameEngine.vcxproj]
      C:\Program Files (x86)\Microsoft Visual Studio\2022\BuildTools\VC\Tools\MSVC\14.44.35207\include\memory(1565,7):
      see declaration of 'std::shared_ptr<Animator>'
  
C:\Users\Stefan\Documents\GitHub\game-engine\src\Renderer.cpp(1112,55): error C2027: use of undefined type 'Animator' [C:\Users\Stefan\Documents\GitHub\game-engine\build\GameEngine.vcxproj]
      C:\Users\Stefan\Documents\GitHub\game-engine\include\GameObject.h(61,38):
      see declaration of 'Animator'
  
C:\Users\Stefan\Documents\GitHub\game-engine\src\Renderer.cpp(1112,65): error C2039: 'GetBlendProgress': is not a member of 'std::shared_ptr<Animator>' [C:\Users\Stefan\Documents\GitHub\game-engine\build\GameEngine.vcxproj]
      C:\Program Files (x86)\Microsoft Visual Studio\2022\BuildTools\VC\Tools\MSVC\14.44.35207\include\memory(1565,7):
      see declaration of 'std::shared_ptr<Animator>'
  
C:\Users\Stefan\Documents\GitHub\game-engine\src\Renderer.cpp(1142,16): error C2039: 'Render': is not a member of 'Renderer' [C:\Users\Stefan\Documents\GitHub\game-engine\build\GameEngine.vcxproj]
      C:\Users\Stefan\Documents\GitHub\game-engine\include\Renderer.h(34,7):
      see declaration of 'Renderer'
  
C:\Users\Stefan\Documents\GitHub\game-engine\src\Renderer.cpp(1152,9): warning C4002: too many arguments for function-like macro invocation 'SCOPED_GPU_PROFILE' [C:\Users\Stefan\Documents\GitHub\game-engine\build\GameEngine.vcxproj]
C:\Users\Stefan\Documents\GitHub\game-engine\src\Renderer.cpp(1152,9): error C2665: 'ScopedGPUProfile::ScopedGPUProfile': no overloaded function could convert all the argument types [C:\Users\Stefan\Documents\GitHub\game-engine\build\GameEngine.vcxproj]
      C:\Users\Stefan\Documents\GitHub\game-engine\include\Profiler.h(236,1):
      could be 'ScopedGPUProfile::ScopedGPUProfile(const ScopedGPUProfile &)'
          C:\Users\Stefan\Documents\GitHub\game-engine\src\Renderer.cpp(1152,9):
          'ScopedGPUProfile::ScopedGPUProfile(const ScopedGPUProfile &)': cannot convert argument 1 from 'const char [16]' to 'const ScopedGPUProfile &'
              C:\Users\Stefan\Documents\GitHub\game-engine\src\Renderer.cpp(1152,9):
              Reason: cannot convert from 'const char [16]' to 'const ScopedGPUProfile'
      C:\Users\Stefan\Documents\GitHub\game-engine\src\Renderer.cpp(1152,9):
      while trying to match the argument list '(const char [16])'
  
C:\Users\Stefan\Documents\GitHub\game-engine\src\Renderer.cpp(1153,9): error C2065: 'm_PointShadowShader': undeclared identifier [C:\Users\Stefan\Documents\GitHub\game-engine\build\GameEngine.vcxproj]
C:\Users\Stefan\Documents\GitHub\game-engine\src\Renderer.cpp(1155,30): error C2065: 'm_Lights': undeclared identifier [C:\Users\Stefan\Documents\GitHub\game-engine\build\GameEngine.vcxproj]
C:\Users\Stefan\Documents\GitHub\game-engine\src\Renderer.cpp(1155,22): error C2530: 'light': references must be initialized [C:\Users\Stefan\Documents\GitHub\game-engine\build\GameEngine.vcxproj]
C:\Users\Stefan\Documents\GitHub\game-engine\src\Renderer.cpp(1155,22): error C3531: 'light': a symbol whose type contains 'auto' must have an initializer [C:\Users\Stefan\Documents\GitHub\game-engine\build\GameEngine.vcxproj]
C:\Users\Stefan\Documents\GitHub\game-engine\src\Renderer.cpp(1155,28): error C2143: syntax error: missing ';' before ':' [C:\Users\Stefan\Documents\GitHub\game-engine\build\GameEngine.vcxproj]
C:\Users\Stefan\Documents\GitHub\game-engine\src\Renderer.cpp(1155,38): error C2143: syntax error: missing ';' before ')' [C:\Users\Stefan\Documents\GitHub\game-engine\build\GameEngine.vcxproj]
C:\Users\Stefan\Documents\GitHub\game-engine\src\Renderer.cpp(1156,83): error C2065: 'm_PointShadows': undeclared identifier [C:\Users\Stefan\Documents\GitHub\game-engine\build\GameEngine.vcxproj]
C:\Users\Stefan\Documents\GitHub\game-engine\src\Renderer.cpp(1159,13): error C2065: 'm_PointShadows': undeclared identifier [C:\Users\Stefan\Documents\GitHub\game-engine\build\GameEngine.vcxproj]
C:\Users\Stefan\Documents\GitHub\game-engine\src\Renderer.cpp(1162,17): error C2065: 'm_PointShadowShader': undeclared identifier [C:\Users\Stefan\Documents\GitHub\game-engine\build\GameEngine.vcxproj]
C:\Users\Stefan\Documents\GitHub\game-engine\src\Renderer.cpp(1164,13): error C2065: 'm_PointShadowShader': undeclared identifier [C:\Users\Stefan\Documents\GitHub\game-engine\build\GameEngine.vcxproj]
C:\Users\Stefan\Documents\GitHub\game-engine\src\Renderer.cpp(1165,13): error C2065: 'm_PointShadowShader': undeclared identifier [C:\Users\Stefan\Documents\GitHub\game-engine\build\GameEngine.vcxproj]
C:\Users\Stefan\Documents\GitHub\game-engine\src\Renderer.cpp(1167,13): error C2065: 'm_PointShadows': undeclared identifier [C:\Users\Stefan\Documents\GitHub\game-engine\build\GameEngine.vcxproj]
C:\Users\Stefan\Documents\GitHub\game-engine\src\Renderer.cpp(1170,17): error C2065: 'm_Root': undeclared identifier [C:\Users\Stefan\Documents\GitHub\game-engine\build\GameEngine.vcxproj]
C:\Users\Stefan\Documents\GitHub\game-engine\src\Renderer.cpp(1174,17): error C2065: 'm_Root': undeclared identifier [C:\Users\Stefan\Documents\GitHub\game-engine\build\GameEngine.vcxproj]
C:\Users\Stefan\Documents\GitHub\game-engine\src\Renderer.cpp(1174,30): error C2065: 'm_PointShadowShader': undeclared identifier [C:\Users\Stefan\Documents\GitHub\game-engine\build\GameEngine.vcxproj]
C:\Users\Stefan\Documents\GitHub\game-engine\src\Renderer.cpp(1186,9): warning C4002: too many arguments for function-like macro invocation 'SCOPED_GPU_PROFILE' [C:\Users\Stefan\Documents\GitHub\game-engine\build\GameEngine.vcxproj]
C:\Users\Stefan\Documents\GitHub\game-engine\src\Renderer.cpp(1186,9): error C2665: 'ScopedGPUProfile::ScopedGPUProfile': no overloaded function could convert all the argument types [C:\Users\Stefan\Documents\GitHub\game-engine\build\GameEngine.vcxproj]
      C:\Users\Stefan\Documents\GitHub\game-engine\include\Profiler.h(236,1):
      could be 'ScopedGPUProfile::ScopedGPUProfile(const ScopedGPUProfile &)'
          C:\Users\Stefan\Documents\GitHub\game-engine\src\Renderer.cpp(1186,9):
          'ScopedGPUProfile::ScopedGPUProfile(const ScopedGPUProfile &)': cannot convert argument 1 from 'const char [15]' to 'const ScopedGPUProfile &'
              C:\Users\Stefan\Documents\GitHub\game-engine\src\Renderer.cpp(1186,9):
              Reason: cannot convert from 'const char [15]' to 'const ScopedGPUProfile'
      C:\Users\Stefan\Documents\GitHub\game-engine\src\Renderer.cpp(1186,9):
      while trying to match the argument list '(const char [15])'
  
C:\Users\Stefan\Documents\GitHub\game-engine\src\Renderer.cpp(1187,9): error C2065: 'm_DepthShader': undeclared identifier [C:\Users\Stefan\Documents\GitHub\game-engine\build\GameEngine.vcxproj]
C:\Users\Stefan\Documents\GitHub\game-engine\src\Renderer.cpp(1191,28): error C2065: 'm_Lights': undeclared identifier [C:\Users\Stefan\Documents\GitHub\game-engine\build\GameEngine.vcxproj]
C:\Users\Stefan\Documents\GitHub\game-engine\src\Renderer.cpp(1192,13): error C2065: 'm_Lights': undeclared identifier [C:\Users\Stefan\Documents\GitHub\game-engine\build\GameEngine.vcxproj]
C:\Users\Stefan\Documents\GitHub\game-engine\src\Renderer.cpp(1192,52): error C2065: 'm_Lights': undeclared identifier [C:\Users\Stefan\Documents\GitHub\game-engine\build\GameEngine.vcxproj]
C:\Users\Stefan\Documents\GitHub\game-engine\src\Renderer.cpp(1192,98): error C2065: 'm_SpotShadows': undeclared identifier [C:\Users\Stefan\Documents\GitHub\game-engine\build\GameEngine.vcxproj]
C:\Users\Stefan\Documents\GitHub\game-engine\src\Renderer.cpp(1193,55): error C2065: 'm_Lights': undeclared identifier [C:\Users\Stefan\Documents\GitHub\game-engine\build\GameEngine.vcxproj]
C:\Users\Stefan\Documents\GitHub\game-engine\src\Renderer.cpp(1193,36): error C3861: 'GetSpotLightMatrix': identifier not found [C:\Users\Stefan\Documents\GitHub\game-engine\build\GameEngine.vcxproj]
C:\Users\Stefan\Documents\GitHub\game-engine\src\Renderer.cpp(1196,13): error C2065: 'm_DepthShader': undeclared identifier [C:\Users\Stefan\Documents\GitHub\game-engine\build\GameEngine.vcxproj]
C:\Users\Stefan\Documents\GitHub\game-engine\src\Renderer.cpp(1198,30): error C2065: 'm_SpotShadows': undeclared identifier [C:\Users\Stefan\Documents\GitHub\game-engine\build\GameEngine.vcxproj]
C:\Users\Stefan\Documents\GitHub\game-engine\src\Renderer.cpp(1198,74): error C2065: 'm_SpotShadows': undeclared identifier [C:\Users\Stefan\Documents\GitHub\game-engine\build\GameEngine.vcxproj]
C:\Users\Stefan\Documents\GitHub\game-engine\src\Renderer.cpp(1198,13): error C2660: 'glViewport': function does not take 2 arguments [C:\Users\Stefan\Documents\GitHub\game-engine\build\GameEngine.vcxproj]
      C:\Program Files (x86)\Windows Kits\10\Include\10.0.19041.0\um\gl\GL.h(1492,25):
      see declaration of 'glViewport'
      C:\Users\Stefan\Documents\GitHub\game-engine\src\Renderer.cpp(1198,13):
      while trying to match the argument list '(int, int)'
  
C:\Users\Stefan\Documents\GitHub\game-engine\src\Renderer.cpp(1199,13): error C2065: 'm_SpotShadows': undeclared identifier [C:\Users\Stefan\Documents\GitHub\game-engine\build\GameEngine.vcxproj]
C:\Users\Stefan\Documents\GitHub\game-engine\src\Renderer.cpp(1202,17): error C2065: 'm_Root': undeclared identifier [C:\Users\Stefan\Documents\GitHub\game-engine\build\GameEngine.vcxproj]
C:\Users\Stefan\Documents\GitHub\game-engine\src\Renderer.cpp(1206,17): error C2065: 'm_Root': undeclared identifier [C:\Users\Stefan\Documents\GitHub\game-engine\build\GameEngine.vcxproj]
C:\Users\Stefan\Documents\GitHub\game-engine\src\Renderer.cpp(1206,30): error C2065: 'm_DepthShader': undeclared identifier [C:\Users\Stefan\Documents\GitHub\game-engine\build\GameEngine.vcxproj]
C:\Users\Stefan\Documents\GitHub\game-engine\src\Renderer.cpp(1218,9): warning C4002: too many arguments for function-like macro invocation 'SCOPED_GPU_PROFILE' [C:\Users\Stefan\Documents\GitHub\game-engine\build\GameEngine.vcxproj]
C:\Users\Stefan\Documents\GitHub\game-engine\src\Renderer.cpp(1218,9): error C2665: 'ScopedGPUProfile::ScopedGPUProfile': no overloaded function could convert all the argument types [C:\Users\Stefan\Documents\GitHub\game-engine\build\GameEngine.vcxproj]
      C:\Users\Stefan\Documents\GitHub\game-engine\include\Profiler.h(236,1):
      could be 'ScopedGPUProfile::ScopedGPUProfile(const ScopedGPUProfile &)'
          C:\Users\Stefan\Documents\GitHub\game-engine\src\Renderer.cpp(1218,9):
          'ScopedGPUProfile::ScopedGPUProfile(const ScopedGPUProfile &)': cannot convert argument 1 from 'const char [19]' to 'const ScopedGPUProfile &'
              C:\Users\Stefan\Documents\GitHub\game-engine\src\Renderer.cpp(1218,9):
              Reason: cannot convert from 'const char [19]' to 'const ScopedGPUProfile'
      C:\Users\Stefan\Documents\GitHub\game-engine\src\Renderer.cpp(1218,9):
      while trying to match the argument list '(const char [19])'
  
C:\Users\Stefan\Documents\GitHub\game-engine\src\Renderer.cpp(1220,9): error C2065: 'm_Lights': undeclared identifier [C:\Users\Stefan\Documents\GitHub\game-engine\build\GameEngine.vcxproj]
C:\Users\Stefan\Documents\GitHub\game-engine\src\Renderer.cpp(1220,32): error C2065: 'm_Lights': undeclared identifier [C:\Users\Stefan\Documents\GitHub\game-engine\build\GameEngine.vcxproj]
C:\Users\Stefan\Documents\GitHub\game-engine\src\Renderer.cpp(1221,30): error C3861: 'GetLightSpaceMatrices': identifier not found [C:\Users\Stefan\Documents\GitHub\game-engine\build\GameEngine.vcxproj]
C:\Users\Stefan\Documents\GitHub\game-engine\src\Renderer.cpp(1221,9): error C2593: 'operator =' is ambiguous [C:\Users\Stefan\Documents\GitHub\game-engine\build\GameEngine.vcxproj]
      C:\Program Files (x86)\Microsoft Visual Studio\2022\BuildTools\VC\Tools\MSVC\14.44.35207\include\vector(1544,26):
      could be 'std::vector<Mat4,std::allocator<Mat4>> &std::vector<Mat4,std::allocator<Mat4>>::operator =(std::initializer_list<_Ty>)'
          with
          [
              _Ty=Mat4
          ]
      C:\Program Files (x86)\Microsoft Visual Studio\2022\BuildTools\VC\Tools\MSVC\14.44.35207\include\vector(1523,26):
      or       'std::vector<Mat4,std::allocator<Mat4>> &std::vector<Mat4,std::allocator<Mat4>>::operator =(const std::vector<Mat4,std::allocator<Mat4>> &)'
      C:\Program Files (x86)\Microsoft Visual Studio\2022\BuildTools\VC\Tools\MSVC\14.44.35207\include\vector(798,26):
      or       'std::vector<Mat4,std::allocator<Mat4>> &std::vector<Mat4,std::allocator<Mat4>>::operator =(std::vector<Mat4,std::allocator<Mat4>> &&) noexcept(<expr>)'
      C:\Users\Stefan\Documents\GitHub\game-engine\src\Renderer.cpp(1221,9):
      while trying to match the argument list '(std::vector<Mat4,std::allocator<Mat4>>, <error type>)'
  
C:\Users\Stefan\Documents\GitHub\game-engine\src\Renderer.cpp(1223,9): error C2065: 'm_DepthShader': undeclared identifier [C:\Users\Stefan\Documents\GitHub\game-engine\build\GameEngine.vcxproj]
C:\Users\Stefan\Documents\GitHub\game-engine\src\Renderer.cpp(1226,13): error C2065: 'm_Root': undeclared identifier [C:\Users\Stefan\Documents\GitHub\game-engine\build\GameEngine.vcxproj]
C:\Users\Stefan\Documents\GitHub\game-engine\src\Renderer.cpp(1226,23): error C2065: 'm_Root': undeclared identifier [C:\Users\Stefan\Documents\GitHub\game-engine\build\GameEngine.vcxproj]
C:\Users\Stefan\Documents\GitHub\game-engine\src\Renderer.cpp(1227,29): error C2065: 'm_Root': undeclared identifier [C:\Users\Stefan\Documents\GitHub\game-engine\build\GameEngine.vcxproj]
C:\Users\Stefan\Documents\GitHub\game-engine\src\Renderer.cpp(1228,40): error C3536: 'animator': cannot be used before it is initialized [C:\Users\Stefan\Documents\GitHub\game-engine\build\GameEngine.vcxproj]
C:\Users\Stefan\Documents\GitHub\game-engine\src\Renderer.cpp(1228,38): error C2530: 'boneMatrices': references must be initialized [C:\Users\Stefan\Documents\GitHub\game-engine\build\GameEngine.vcxproj]
C:\Users\Stefan\Documents\GitHub\game-engine\src\Renderer.cpp(1230,36): error C3536: 'boneMatrices': cannot be used before it is initialized [C:\Users\Stefan\Documents\GitHub\game-engine\build\GameEngine.vcxproj]
C:\Users\Stefan\Documents\GitHub\game-engine\src\Renderer.cpp(1232,17): error C2065: 'm_DepthShader': undeclared identifier [C:\Users\Stefan\Documents\GitHub\game-engine\build\GameEngine.vcxproj]
C:\Users\Stefan\Documents\GitHub\game-engine\src\Renderer.cpp(1232,67): error C2109: subscript requires array or pointer type [C:\Users\Stefan\Documents\GitHub\game-engine\build\GameEngine.vcxproj]
C:\Users\Stefan\Documents\GitHub\game-engine\src\Renderer.cpp(1235,13): error C2065: 'm_DepthShader': undeclared identifier [C:\Users\Stefan\Documents\GitHub\game-engine\build\GameEngine.vcxproj]
C:\Users\Stefan\Documents\GitHub\game-engine\src\Renderer.cpp(1237,13): error C2065: 'm_DepthShader': undeclared identifier [C:\Users\Stefan\Documents\GitHub\game-engine\build\GameEngine.vcxproj]
C:\Users\Stefan\Documents\GitHub\game-engine\src\Renderer.cpp(1240,26): error C2065: 'm_CSM': undeclared identifier [C:\Users\Stefan\Documents\GitHub\game-engine\build\GameEngine.vcxproj]
C:\Users\Stefan\Documents\GitHub\game-engine\src\Renderer.cpp(1240,45): error C2065: 'm_CSM': undeclared identifier [C:\Users\Stefan\Documents\GitHub\game-engine\build\GameEngine.vcxproj]
C:\Users\Stefan\Documents\GitHub\game-engine\src\Renderer.cpp(1240,9): error C2660: 'glViewport': function does not take 2 arguments [C:\Users\Stefan\Documents\GitHub\game-engine\build\GameEngine.vcxproj]
      C:\Program Files (x86)\Windows Kits\10\Include\10.0.19041.0\um\gl\GL.h(1492,25):
      see declaration of 'glViewport'
      C:\Users\Stefan\Documents\GitHub\game-engine\src\Renderer.cpp(1240,9):
      while trying to match the argument list '(int, int)'
  
C:\Users\Stefan\Documents\GitHub\game-engine\src\Renderer.cpp(1243,13): error C2065: 'm_DepthShader': undeclared identifier [C:\Users\Stefan\Documents\GitHub\game-engine\build\GameEngine.vcxproj]
C:\Users\Stefan\Documents\GitHub\game-engine\src\Renderer.cpp(1244,13): error C2065: 'm_CSM': undeclared identifier [C:\Users\Stefan\Documents\GitHub\game-engine\build\GameEngine.vcxproj]
C:\Users\Stefan\Documents\GitHub\game-engine\src\Renderer.cpp(1247,17): error C2065: 'm_Root': undeclared identifier [C:\Users\Stefan\Documents\GitHub\game-engine\build\GameEngine.vcxproj]
C:\Users\Stefan\Documents\GitHub\game-engine\src\Renderer.cpp(1251,17): error C2065: 'm_Root': undeclared identifier [C:\Users\Stefan\Documents\GitHub\game-engine\build\GameEngine.vcxproj]
C:\Users\Stefan\Documents\GitHub\game-engine\src\Renderer.cpp(1251,30): error C2065: 'm_DepthShader': undeclared identifier [C:\Users\Stefan\Documents\GitHub\game-engine\build\GameEngine.vcxproj]
C:\Users\Stefan\Documents\GitHub\game-engine\src\Renderer.cpp(1278,5): error C2065: 'm_GBuffer': undeclared identifier [C:\Users\Stefan\Documents\GitHub\game-engine\build\GameEngine.vcxproj]
C:\Users\Stefan\Documents\GitHub\game-engine\src\Renderer.cpp(1280,5): error C2065: 'm_GeometryShader': undeclared identifier [C:\Users\Stefan\Documents\GitHub\game-engine\build\GameEngine.vcxproj]
C:\Users\Stefan\Documents\GitHub\game-engine\src\Renderer.cpp(1282,9): error C2065: 'm_Root': undeclared identifier [C:\Users\Stefan\Documents\GitHub\game-engine\build\GameEngine.vcxproj]
C:\Users\Stefan\Documents\GitHub\game-engine\src\Renderer.cpp(1284,25): error C2065: 'm_Root': undeclared identifier [C:\Users\Stefan\Documents\GitHub\game-engine\build\GameEngine.vcxproj]
C:\Users\Stefan\Documents\GitHub\game-engine\src\Renderer.cpp(1299,40): error C2065: 'm_GeometryShader': undeclared identifier [C:\Users\Stefan\Documents\GitHub\game-engine\build\GameEngine.vcxproj]
C:\Users\Stefan\Documents\GitHub\game-engine\src\Renderer.cpp(1299,64): error C2065: 'm_Camera': undeclared identifier [C:\Users\Stefan\Documents\GitHub\game-engine\build\GameEngine.vcxproj]
C:\Users\Stefan\Documents\GitHub\game-engine\src\Renderer.cpp(1299,91): error C2065: 'm_Camera': undeclared identifier [C:\Users\Stefan\Documents\GitHub\game-engine\build\GameEngine.vcxproj]
C:\Users\Stefan\Documents\GitHub\game-engine\src\Renderer.cpp(1299,22): error C2660: 'GameObject::RenderBoundingBox': function does not take 1 arguments [C:\Users\Stefan\Documents\GitHub\game-engine\build\GameEngine.vcxproj]
      C:\Users\Stefan\Documents\GitHub\game-engine\include\GameObject.h(103,10):
      see declaration of 'GameObject::RenderBoundingBox'
      C:\Users\Stefan\Documents\GitHub\game-engine\src\Renderer.cpp(1299,22):
      while trying to match the argument list '()'
  
C:\Users\Stefan\Documents\GitHub\game-engine\src\Renderer.cpp(1326,9): error C2065: 'm_Root': undeclared identifier [C:\Users\Stefan\Documents\GitHub\game-engine\build\GameEngine.vcxproj]
C:\Users\Stefan\Documents\GitHub\game-engine\src\Renderer.cpp(1328,25): error C2065: 'm_Root': undeclared identifier [C:\Users\Stefan\Documents\GitHub\game-engine\build\GameEngine.vcxproj]
C:\Users\Stefan\Documents\GitHub\game-engine\src\Renderer.cpp(1356,9): error C2065: 'm_PlanarReflectionEnabled': undeclared identifier [C:\Users\Stefan\Documents\GitHub\game-engine\build\GameEngine.vcxproj]
C:\Users\Stefan\Documents\GitHub\game-engine\src\Renderer.cpp(1356,38): error C2065: 'm_PlanarReflection': undeclared identifier [C:\Users\Stefan\Documents\GitHub\game-engine\build\GameEngine.vcxproj]
C:\Users\Stefan\Documents\GitHub\game-engine\src\Renderer.cpp(1356,60): error C2065: 'm_PlanarReflection': undeclared identifier [C:\Users\Stefan\Documents\GitHub\game-engine\build\GameEngine.vcxproj]
C:\Users\Stefan\Documents\GitHub\game-engine\src\Renderer.cpp(1357,9): error C3861: 'RenderReflectionPass': identifier not found [C:\Users\Stefan\Documents\GitHub\game-engine\build\GameEngine.vcxproj]
C:\Users\Stefan\Documents\GitHub\game-engine\src\Renderer.cpp(1363,9): warning C4002: too many arguments for function-like macro invocation 'SCOPED_GPU_PROFILE' [C:\Users\Stefan\Documents\GitHub\game-engine\build\GameEngine.vcxproj]
C:\Users\Stefan\Documents\GitHub\game-engine\src\Renderer.cpp(1363,9): error C2665: 'ScopedGPUProfile::ScopedGPUProfile': no overloaded function could convert all the argument types [C:\Users\Stefan\Documents\GitHub\game-engine\build\GameEngine.vcxproj]
      C:\Users\Stefan\Documents\GitHub\game-engine\include\Profiler.h(236,1):
      could be 'ScopedGPUProfile::ScopedGPUProfile(const ScopedGPUProfile &)'
          C:\Users\Stefan\Documents\GitHub\game-engine\src\Renderer.cpp(1363,9):
          'ScopedGPUProfile::ScopedGPUProfile(const ScopedGPUProfile &)': cannot convert argument 1 from 'const char [13]' to 'const ScopedGPUProfile &'
              C:\Users\Stefan\Documents\GitHub\game-engine\src\Renderer.cpp(1363,9):
              Reason: cannot convert from 'const char [13]' to 'const ScopedGPUProfile'
      C:\Users\Stefan\Documents\GitHub\game-engine\src\Renderer.cpp(1363,9):
      while trying to match the argument list '(const char [13])'
  
C:\Users\Stefan\Documents\GitHub\game-engine\src\Renderer.cpp(1365,5): error C2065: 'm_GBuffer': undeclared identifier [C:\Users\Stefan\Documents\GitHub\game-engine\build\GameEngine.vcxproj]
C:\Users\Stefan\Documents\GitHub\game-engine\src\Renderer.cpp(1368,5): error C2065: 'm_GeometryShader': undeclared identifier [C:\Users\Stefan\Documents\GitHub\game-engine\build\GameEngine.vcxproj]
C:\Users\Stefan\Documents\GitHub\game-engine\src\Renderer.cpp(1371,20): error C2065: 'm_Camera': undeclared identifier [C:\Users\Stefan\Documents\GitHub\game-engine\build\GameEngine.vcxproj]
C:\Users\Stefan\Documents\GitHub\game-engine\src\Renderer.cpp(1372,5): error C2065: 'm_GeometryShader': undeclared identifier [C:\Users\Stefan\Documents\GitHub\game-engine\build\GameEngine.vcxproj]
C:\Users\Stefan\Documents\GitHub\game-engine\src\Renderer.cpp(1372,5): error C1003: error count exceeds 100; stopping compilation [C:\Users\Stefan\Documents\GitHub\game-engine\build\GameEngine.vcxproj]
  GameObject.cpp
C:\Users\Stefan\Documents\GitHub\game-engine\include\GLExtensions.h(28,9): warning C4005: 'GL_TEXTURE_MIN_FILTER': macro redefinition [C:\Users\Stefan\Documents\GitHub\game-engine\build\GameEngine.vcxproj]
  (compiling source file '../src/GameObject.cpp')
      C:\Program Files (x86)\Windows Kits\10\Include\10.0.19041.0\um\gl\GL.h(948,9):
      see previous definition of 'GL_TEXTURE_MIN_FILTER'
  
C:\Users\Stefan\Documents\GitHub\game-engine\include\GLExtensions.h(29,9): warning C4005: 'GL_TEXTURE_MAG_FILTER': macro redefinition [C:\Users\Stefan\Documents\GitHub\game-engine\build\GameEngine.vcxproj]
  (compiling source file '../src/GameObject.cpp')
      C:\Program Files (x86)\Windows Kits\10\Include\10.0.19041.0\um\gl\GL.h(947,9):
      see previous definition of 'GL_TEXTURE_MAG_FILTER'
  
C:\Users\Stefan\Documents\GitHub\game-engine\include\Animation.h(59,10): error C2535: 'void Animation::AddChannel(const AnimationChannel &)': member function already defined or declared [C:\Users\Stefan\Documents\GitHub\game-engine\build\GameEngine.vcxproj]
  (compiling source file '../src/GameObject.cpp')
      C:\Users\Stefan\Documents\GitHub\game-engine\include\Animation.h(58,10):
      see declaration of 'Animation::AddChannel'
  
C:\Users\Stefan\Documents\GitHub\game-engine\build\_deps\lua-src\luaconf.h(51,9): warning C4005: 'LUA_USE_WINDOWS': macro redefinition [C:\Users\Stefan\Documents\GitHub\game-engine\build\GameEngine.vcxproj]
  (compiling source file '../src/GameObject.cpp')
      C:\Users\Stefan\Documents\GitHub\game-engine\build\_deps\lua-src\luaconf.h(51,9):
      'LUA_USE_WINDOWS' previously declared on the command line
  
C:\Users\Stefan\Documents\GitHub\game-engine\src\GameObject.cpp(86,13): error C2027: use of undefined type 'AudioSource' [C:\Users\Stefan\Documents\GitHub\game-engine\build\GameEngine.vcxproj]
      C:\Users\Stefan\Documents\GitHub\game-engine\include\GameObject.h(118,41):
      see declaration of 'AudioSource'
  
C:\Users\Stefan\Documents\GitHub\game-engine\src\GameObject.cpp(86,21): error C2039: 'SetPosition': is not a member of 'std::shared_ptr<AudioSource>' [C:\Users\Stefan\Documents\GitHub\game-engine\build\GameEngine.vcxproj]
      C:\Program Files (x86)\Microsoft Visual Studio\2022\BuildTools\VC\Tools\MSVC\14.44.35207\include\memory(1565,7):
      see declaration of 'std::shared_ptr<AudioSource>'
  
C:\Users\Stefan\Documents\GitHub\game-engine\src\GameObject.cpp(87,13): error C2027: use of undefined type 'AudioSource' [C:\Users\Stefan\Documents\GitHub\game-engine\build\GameEngine.vcxproj]
      C:\Users\Stefan\Documents\GitHub\game-engine\include\GameObject.h(118,41):
      see declaration of 'AudioSource'
  
C:\Users\Stefan\Documents\GitHub\game-engine\src\GameObject.cpp(87,21): error C2039: 'SetVelocity': is not a member of 'std::shared_ptr<AudioSource>' [C:\Users\Stefan\Documents\GitHub\game-engine\build\GameEngine.vcxproj]
      C:\Program Files (x86)\Microsoft Visual Studio\2022\BuildTools\VC\Tools\MSVC\14.44.35207\include\memory(1565,7):
      see declaration of 'std::shared_ptr<AudioSource>'
  
C:\Users\Stefan\Documents\GitHub\game-engine\src\GameObject.cpp(98,9): error C2027: use of undefined type 'AudioListener' [C:\Users\Stefan\Documents\GitHub\game-engine\build\GameEngine.vcxproj]
      C:\Users\Stefan\Documents\GitHub\game-engine\include\GameObject.h(124,43):
      see declaration of 'AudioListener'
  
C:\Users\Stefan\Documents\GitHub\game-engine\src\GameObject.cpp(98,26): error C2039: 'UpdateState': is not a member of 'std::shared_ptr<AudioListener>' [C:\Users\Stefan\Documents\GitHub\game-engine\build\GameEngine.vcxproj]
      C:\Program Files (x86)\Microsoft Visual Studio\2022\BuildTools\VC\Tools\MSVC\14.44.35207\include\memory(1565,7):
      see declaration of 'std::shared_ptr<AudioListener>'
  
C:\Users\Stefan\Documents\GitHub\game-engine\src\GameObject.cpp(99,9): error C2027: use of undefined type 'AudioListener' [C:\Users\Stefan\Documents\GitHub\game-engine\build\GameEngine.vcxproj]
      C:\Users\Stefan\Documents\GitHub\game-engine\include\GameObject.h(124,43):
      see declaration of 'AudioListener'
  
C:\Users\Stefan\Documents\GitHub\game-engine\src\GameObject.cpp(99,26): error C2039: 'UpdateState': is not a member of 'std::shared_ptr<AudioListener>' [C:\Users\Stefan\Documents\GitHub\game-engine\build\GameEngine.vcxproj]
      C:\Program Files (x86)\Microsoft Visual Studio\2022\BuildTools\VC\Tools\MSVC\14.44.35207\include\memory(1565,7):
      see declaration of 'std::shared_ptr<AudioListener>'
  
C:\Users\Stefan\Documents\GitHub\game-engine\src\GameObject.cpp(297,59): error C2039: 'GetScale': is not a member of 'Mat4' [C:\Users\Stefan\Documents\GitHub\game-engine\build\GameEngine.vcxproj]
      C:\Users\Stefan\Documents\GitHub\game-engine\include\Math\Mat4.h(8,7):
      see declaration of 'Mat4'
  
C:\Users\Stefan\Documents\GitHub\game-engine\src\GameObject.cpp(297,87): error C2039: 'GetScale': is not a member of 'Mat4' [C:\Users\Stefan\Documents\GitHub\game-engine\build\GameEngine.vcxproj]
      C:\Users\Stefan\Documents\GitHub\game-engine\include\Math\Mat4.h(8,7):
      see declaration of 'Mat4'
  
C:\Users\Stefan\Documents\GitHub\game-engine\src\GameObject.cpp(297,27): error C2660: 'Shader::SetVec2': function does not take 1 arguments [C:\Users\Stefan\Documents\GitHub\game-engine\build\GameEngine.vcxproj]
      C:\Users\Stefan\Documents\GitHub\game-engine\include\Shader.h(19,10):
      see declaration of 'Shader::SetVec2'
      C:\Users\Stefan\Documents\GitHub\game-engine\src\GameObject.cpp(297,27):
      while trying to match the argument list '(const char [7])'
  
C:\Users\Stefan\Documents\GitHub\game-engine\src\GameObject.cpp(326,36): error C2109: subscript requires array or pointer type [C:\Users\Stefan\Documents\GitHub\game-engine\build\GameEngine.vcxproj]
C:\Users\Stefan\Documents\GitHub\game-engine\src\GameObject.cpp(326,55): error C2109: subscript requires array or pointer type [C:\Users\Stefan\Documents\GitHub\game-engine\build\GameEngine.vcxproj]
C:\Users\Stefan\Documents\GitHub\game-engine\src\GameObject.cpp(326,74): error C2109: subscript requires array or pointer type [C:\Users\Stefan\Documents\GitHub\game-engine\build\GameEngine.vcxproj]
C:\Users\Stefan\Documents\GitHub\game-engine\src\GameObject.cpp(327,36): error C2109: subscript requires array or pointer type [C:\Users\Stefan\Documents\GitHub\game-engine\build\GameEngine.vcxproj]
C:\Users\Stefan\Documents\GitHub\game-engine\src\GameObject.cpp(327,55): error C2109: subscript requires array or pointer type [C:\Users\Stefan\Documents\GitHub\game-engine\build\GameEngine.vcxproj]
C:\Users\Stefan\Documents\GitHub\game-engine\src\GameObject.cpp(327,74): error C2109: subscript requires array or pointer type [C:\Users\Stefan\Documents\GitHub\game-engine\build\GameEngine.vcxproj]
C:\Users\Stefan\Documents\GitHub\game-engine\src\GameObject.cpp(328,36): error C2109: subscript requires array or pointer type [C:\Users\Stefan\Documents\GitHub\game-engine\build\GameEngine.vcxproj]
C:\Users\Stefan\Documents\GitHub\game-engine\src\GameObject.cpp(328,55): error C2109: subscript requires array or pointer type [C:\Users\Stefan\Documents\GitHub\game-engine\build\GameEngine.vcxproj]
C:\Users\Stefan\Documents\GitHub\game-engine\src\GameObject.cpp(328,74): error C2109: subscript requires array or pointer type [C:\Users\Stefan\Documents\GitHub\game-engine\build\GameEngine.vcxproj]
C:\Users\Stefan\Documents\GitHub\game-engine\src\GameObject.cpp(329,36): error C2109: subscript requires array or pointer type [C:\Users\Stefan\Documents\GitHub\game-engine\build\GameEngine.vcxproj]
C:\Users\Stefan\Documents\GitHub\game-engine\src\GameObject.cpp(329,55): error C2109: subscript requires array or pointer type [C:\Users\Stefan\Documents\GitHub\game-engine\build\GameEngine.vcxproj]
C:\Users\Stefan\Documents\GitHub\game-engine\src\GameObject.cpp(329,74): error C2109: subscript requires array or pointer type [C:\Users\Stefan\Documents\GitHub\game-engine\build\GameEngine.vcxproj]
C:\Users\Stefan\Documents\GitHub\game-engine\src\GameObject.cpp(358,36): error C2109: subscript requires array or pointer type [C:\Users\Stefan\Documents\GitHub\game-engine\build\GameEngine.vcxproj]
C:\Users\Stefan\Documents\GitHub\game-engine\src\GameObject.cpp(359,36): error C2109: subscript requires array or pointer type [C:\Users\Stefan\Documents\GitHub\game-engine\build\GameEngine.vcxproj]
C:\Users\Stefan\Documents\GitHub\game-engine\src\GameObject.cpp(360,36): error C2109: subscript requires array or pointer type [C:\Users\Stefan\Documents\GitHub\game-engine\build\GameEngine.vcxproj]
C:\Users\Stefan\Documents\GitHub\game-engine\src\GameObject.cpp(362,38): error C2109: subscript requires array or pointer type [C:\Users\Stefan\Documents\GitHub\game-engine\build\GameEngine.vcxproj]
C:\Users\Stefan\Documents\GitHub\game-engine\src\GameObject.cpp(362,56): error C2109: subscript requires array or pointer type [C:\Users\Stefan\Documents\GitHub\game-engine\build\GameEngine.vcxproj]
C:\Users\Stefan\Documents\GitHub\game-engine\src\GameObject.cpp(362,74): error C2109: subscript requires array or pointer type [C:\Users\Stefan\Documents\GitHub\game-engine\build\GameEngine.vcxproj]
C:\Users\Stefan\Documents\GitHub\game-engine\src\GameObject.cpp(363,38): error C2109: subscript requires array or pointer type [C:\Users\Stefan\Documents\GitHub\game-engine\build\GameEngine.vcxproj]
C:\Users\Stefan\Documents\GitHub\game-engine\src\GameObject.cpp(363,56): error C2109: subscript requires array or pointer type [C:\Users\Stefan\Documents\GitHub\game-engine\build\GameEngine.vcxproj]
C:\Users\Stefan\Documents\GitHub\game-engine\src\GameObject.cpp(363,74): error C2109: subscript requires array or pointer type [C:\Users\Stefan\Documents\GitHub\game-engine\build\GameEngine.vcxproj]
C:\Users\Stefan\Documents\GitHub\game-engine\src\GameObject.cpp(364,38): error C2109: subscript requires array or pointer type [C:\Users\Stefan\Documents\GitHub\game-engine\build\GameEngine.vcxproj]
C:\Users\Stefan\Documents\GitHub\game-engine\src\GameObject.cpp(364,56): error C2109: subscript requires array or pointer type [C:\Users\Stefan\Documents\GitHub\game-engine\build\GameEngine.vcxproj]
C:\Users\Stefan\Documents\GitHub\game-engine\src\GameObject.cpp(364,74): error C2109: subscript requires array or pointer type [C:\Users\Stefan\Documents\GitHub\game-engine\build\GameEngine.vcxproj]
C:\Users\Stefan\Documents\GitHub\game-engine\src\GameObject.cpp(418,18): error C2511: 'void GameObject::AddLOD(std::shared_ptr<Mesh>,float,bool)': overloaded member function not found in 'GameObject' [C:\Users\Stefan\Documents\GitHub\game-engine\build\GameEngine.vcxproj]
      C:\Users\Stefan\Documents\GitHub\game-engine\include\GameObject.h(21,7):
      see declaration of 'GameObject'
  
C:\Users\Stefan\Documents\GitHub\game-engine\src\GameObject.cpp(426,10): error C2672: 'std::sort': no matching overloaded function found [C:\Users\Stefan\Documents\GitHub\game-engine\build\GameEngine.vcxproj]
      C:\Program Files (x86)\Microsoft Visual Studio\2022\BuildTools\VC\Tools\MSVC\14.44.35207\include\algorithm(8417,6):
      could be 'void std::sort(_ExPo &&,const _RanIt,const _RanIt) noexcept'
          C:\Users\Stefan\Documents\GitHub\game-engine\src\GameObject.cpp(426,10):
          'void std::sort(_ExPo &&,const _RanIt,const _RanIt) noexcept': expects 3 arguments - 2 provided
      C:\Program Files (x86)\Microsoft Visual Studio\2022\BuildTools\VC\Tools\MSVC\14.44.35207\include\algorithm(8414,6):
      or       'void std::sort(_ExPo &&,_RanIt,_RanIt,_Pr) noexcept'
          C:\Users\Stefan\Documents\GitHub\game-engine\src\GameObject.cpp(426,10):
          'void std::sort(_ExPo &&,_RanIt,_RanIt,_Pr) noexcept': expects 4 arguments - 2 provided
      C:\Program Files (x86)\Microsoft Visual Studio\2022\BuildTools\VC\Tools\MSVC\14.44.35207\include\algorithm(8408,19):
      or       'void std::sort(const _RanIt,const _RanIt)'
      C:\Program Files (x86)\Microsoft Visual Studio\2022\BuildTools\VC\Tools\MSVC\14.44.35207\include\algorithm(8400,19):
      or       'void std::sort(const _RanIt,const _RanIt,_Pr)'
          C:\Users\Stefan\Documents\GitHub\game-engine\src\GameObject.cpp(426,10):
          'void std::sort(const _RanIt,const _RanIt,_Pr)': expects 3 arguments - 2 provided
  
  ModelLoader.cpp
C:\Users\Stefan\Documents\GitHub\game-engine\src\ModelLoader.cpp(200,39): warning C4267: '=': conversion from 'size_t' to 'int', possible loss of data [C:\Users\Stefan\Documents\GitHub\game-engine\build\GameEngine.vcxproj]
C:\Users\Stefan\Documents\GitHub\game-engine\src\ModelLoader.cpp(201,46): warning C4267: '=': conversion from 'size_t' to 'int', possible loss of data [C:\Users\Stefan\Documents\GitHub\game-engine\build\GameEngine.vcxproj]
C:\Users\Stefan\Documents\GitHub\game-engine\src\ModelLoader.cpp(247,26): error C2039: 'GetModel': is not a member of 'GameObject' [C:\Users\Stefan\Documents\GitHub\game-engine\build\GameEngine.vcxproj]
      C:\Users\Stefan\Documents\GitHub\game-engine\include\GameObject.h(21,7):
      see declaration of 'GameObject'
  
C:\Users\Stefan\Documents\GitHub\game-engine\src\ModelLoader.cpp(248,46): error C2039: 'GetModel': is not a member of 'GameObject' [C:\Users\Stefan\Documents\GitHub\game-engine\build\GameEngine.vcxproj]
      C:\Users\Stefan\Documents\GitHub\game-engine\include\GameObject.h(21,7):
      see declaration of 'GameObject'
  
C:\Users\Stefan\Documents\GitHub\game-engine\src\ModelLoader.cpp(249,50): error C2039: 'GetModel': is not a member of 'GameObject' [C:\Users\Stefan\Documents\GitHub\game-engine\build\GameEngine.vcxproj]
      C:\Users\Stefan\Documents\GitHub\game-engine\include\GameObject.h(21,7):
      see declaration of 'GameObject'
  
C:\Users\Stefan\Documents\GitHub\game-engine\src\ModelLoader.cpp(387,47): warning C4456: declaration of 'i' hides previous local declaration [C:\Users\Stefan\Documents\GitHub\game-engine\build\GameEngine.vcxproj]
      C:\Users\Stefan\Documents\GitHub\game-engine\src\ModelLoader.cpp(335,35):
      see declaration of 'i'
  
C:\Users\Stefan\Documents\GitHub\game-engine\src\ModelLoader.cpp(516,51): warning C4267: 'argument': conversion from 'size_t' to 'const unsigned int', possible loss of data [C:\Users\Stefan\Documents\GitHub\game-engine\build\GameEngine.vcxproj]
  GLTFLoader.cpp
C:\Users\Stefan\Documents\GitHub\game-engine\include\Animation.h(59,10): error C2535: 'void Animation::AddChannel(const AnimationChannel &)': member function already defined or declared [C:\Users\Stefan\Documents\GitHub\game-engine\build\GameEngine.vcxproj]
  (compiling source file '../src/GLTFLoader.cpp')
      C:\Users\Stefan\Documents\GitHub\game-engine\include\Animation.h(58,10):
      see declaration of 'Animation::AddChannel'
  
C:\Users\Stefan\Documents\GitHub\game-engine\src\GLTFLoader.cpp(30,25): warning C4244: '=': conversion from 'double' to 'float', possible loss of data [C:\Users\Stefan\Documents\GitHub\game-engine\build\GameEngine.vcxproj]
C:\Users\Stefan\Documents\GitHub\game-engine\src\GLTFLoader.cpp(35,32): warning C4244: '=': conversion from 'double' to 'float', possible loss of data [C:\Users\Stefan\Documents\GitHub\game-engine\build\GameEngine.vcxproj]
C:\Users\Stefan\Documents\GitHub\game-engine\src\GLTFLoader.cpp(37,28): warning C4244: '=': conversion from 'double' to 'float', possible loss of data [C:\Users\Stefan\Documents\GitHub\game-engine\build\GameEngine.vcxproj]
C:\Users\Stefan\Documents\GitHub\game-engine\src\GLTFLoader.cpp(42,25): warning C4244: '=': conversion from 'double' to 'float', possible loss of data [C:\Users\Stefan\Documents\GitHub\game-engine\build\GameEngine.vcxproj]
C:\Users\Stefan\Documents\GitHub\game-engine\src\GLTFLoader.cpp(171,108): warning C4244: 'argument': conversion from 'const _Ty' to 'float', possible loss of data [C:\Users\Stefan\Documents\GitHub\game-engine\build\GameEngine.vcxproj]
C:\Users\Stefan\Documents\GitHub\game-engine\src\GLTFLoader.cpp(171,108): warning C4244:         with [C:\Users\Stefan\Documents\GitHub\game-engine\build\GameEngine.vcxproj]
C:\Users\Stefan\Documents\GitHub\game-engine\src\GLTFLoader.cpp(171,108): warning C4244:         [ [C:\Users\Stefan\Documents\GitHub\game-engine\build\GameEngine.vcxproj]
C:\Users\Stefan\Documents\GitHub\game-engine\src\GLTFLoader.cpp(171,108): warning C4244:             _Ty=double [C:\Users\Stefan\Documents\GitHub\game-engine\build\GameEngine.vcxproj]
C:\Users\Stefan\Documents\GitHub\game-engine\src\GLTFLoader.cpp(171,108): warning C4244:         ] [C:\Users\Stefan\Documents\GitHub\game-engine\build\GameEngine.vcxproj]
C:\Users\Stefan\Documents\GitHub\game-engine\src\GLTFLoader.cpp(171,84): warning C4244: 'argument': conversion from 'const _Ty' to 'float', possible loss of data [C:\Users\Stefan\Documents\GitHub\game-engine\build\GameEngine.vcxproj]
C:\Users\Stefan\Documents\GitHub\game-engine\src\GLTFLoader.cpp(171,84): warning C4244:         with [C:\Users\Stefan\Documents\GitHub\game-engine\build\GameEngine.vcxproj]
C:\Users\Stefan\Documents\GitHub\game-engine\src\GLTFLoader.cpp(171,84): warning C4244:         [ [C:\Users\Stefan\Documents\GitHub\game-engine\build\GameEngine.vcxproj]
C:\Users\Stefan\Documents\GitHub\game-engine\src\GLTFLoader.cpp(171,84): warning C4244:             _Ty=double [C:\Users\Stefan\Documents\GitHub\game-engine\build\GameEngine.vcxproj]
C:\Users\Stefan\Documents\GitHub\game-engine\src\GLTFLoader.cpp(171,84): warning C4244:         ] [C:\Users\Stefan\Documents\GitHub\game-engine\build\GameEngine.vcxproj]
C:\Users\Stefan\Documents\GitHub\game-engine\src\GLTFLoader.cpp(171,60): warning C4244: 'argument': conversion from 'const _Ty' to 'float', possible loss of data [C:\Users\Stefan\Documents\GitHub\game-engine\build\GameEngine.vcxproj]
C:\Users\Stefan\Documents\GitHub\game-engine\src\GLTFLoader.cpp(171,60): warning C4244:         with [C:\Users\Stefan\Documents\GitHub\game-engine\build\GameEngine.vcxproj]
C:\Users\Stefan\Documents\GitHub\game-engine\src\GLTFLoader.cpp(171,60): warning C4244:         [ [C:\Users\Stefan\Documents\GitHub\game-engine\build\GameEngine.vcxproj]
C:\Users\Stefan\Documents\GitHub\game-engine\src\GLTFLoader.cpp(171,60): warning C4244:             _Ty=double [C:\Users\Stefan\Documents\GitHub\game-engine\build\GameEngine.vcxproj]
C:\Users\Stefan\Documents\GitHub\game-engine\src\GLTFLoader.cpp(171,60): warning C4244:         ] [C:\Users\Stefan\Documents\GitHub\game-engine\build\GameEngine.vcxproj]
C:\Users\Stefan\Documents\GitHub\game-engine\src\GLTFLoader.cpp(204,111): warning C4244: 'argument': conversion from 'const _Ty' to 'float', possible loss of data [C:\Users\Stefan\Documents\GitHub\game-engine\build\GameEngine.vcxproj]
C:\Users\Stefan\Documents\GitHub\game-engine\src\GLTFLoader.cpp(204,111): warning C4244:         with [C:\Users\Stefan\Documents\GitHub\game-engine\build\GameEngine.vcxproj]
C:\Users\Stefan\Documents\GitHub\game-engine\src\GLTFLoader.cpp(204,111): warning C4244:         [ [C:\Users\Stefan\Documents\GitHub\game-engine\build\GameEngine.vcxproj]
C:\Users\Stefan\Documents\GitHub\game-engine\src\GLTFLoader.cpp(204,111): warning C4244:             _Ty=double [C:\Users\Stefan\Documents\GitHub\game-engine\build\GameEngine.vcxproj]
C:\Users\Stefan\Documents\GitHub\game-engine\src\GLTFLoader.cpp(204,111): warning C4244:         ] [C:\Users\Stefan\Documents\GitHub\game-engine\build\GameEngine.vcxproj]
C:\Users\Stefan\Documents\GitHub\game-engine\src\GLTFLoader.cpp(204,88): warning C4244: 'argument': conversion from 'const _Ty' to 'float', possible loss of data [C:\Users\Stefan\Documents\GitHub\game-engine\build\GameEngine.vcxproj]
C:\Users\Stefan\Documents\GitHub\game-engine\src\GLTFLoader.cpp(204,88): warning C4244:         with [C:\Users\Stefan\Documents\GitHub\game-engine\build\GameEngine.vcxproj]
C:\Users\Stefan\Documents\GitHub\game-engine\src\GLTFLoader.cpp(204,88): warning C4244:         [ [C:\Users\Stefan\Documents\GitHub\game-engine\build\GameEngine.vcxproj]
C:\Users\Stefan\Documents\GitHub\game-engine\src\GLTFLoader.cpp(204,88): warning C4244:             _Ty=double [C:\Users\Stefan\Documents\GitHub\game-engine\build\GameEngine.vcxproj]
C:\Users\Stefan\Documents\GitHub\game-engine\src\GLTFLoader.cpp(204,88): warning C4244:         ] [C:\Users\Stefan\Documents\GitHub\game-engine\build\GameEngine.vcxproj]
C:\Users\Stefan\Documents\GitHub\game-engine\src\GLTFLoader.cpp(204,65): warning C4244: 'argument': conversion from 'const _Ty' to 'float', possible loss of data [C:\Users\Stefan\Documents\GitHub\game-engine\build\GameEngine.vcxproj]
C:\Users\Stefan\Documents\GitHub\game-engine\src\GLTFLoader.cpp(204,65): warning C4244:         with [C:\Users\Stefan\Documents\GitHub\game-engine\build\GameEngine.vcxproj]
C:\Users\Stefan\Documents\GitHub\game-engine\src\GLTFLoader.cpp(204,65): warning C4244:         [ [C:\Users\Stefan\Documents\GitHub\game-engine\build\GameEngine.vcxproj]
C:\Users\Stefan\Documents\GitHub\game-engine\src\GLTFLoader.cpp(204,65): warning C4244:             _Ty=double [C:\Users\Stefan\Documents\GitHub\game-engine\build\GameEngine.vcxproj]
C:\Users\Stefan\Documents\GitHub\game-engine\src\GLTFLoader.cpp(204,65): warning C4244:         ] [C:\Users\Stefan\Documents\GitHub\game-engine\build\GameEngine.vcxproj]
C:\Users\Stefan\Documents\GitHub\game-engine\src\GLTFLoader.cpp(281,41): error C2039: 'Translation': is not a member of 'Mat4' [C:\Users\Stefan\Documents\GitHub\game-engine\build\GameEngine.vcxproj]
      C:\Users\Stefan\Documents\GitHub\game-engine\include\Math\Mat4.h(8,7):
      see declaration of 'Mat4'
  
C:\Users\Stefan\Documents\GitHub\game-engine\src\GLTFLoader.cpp(281,41): error C3861: 'Translation': identifier not found [C:\Users\Stefan\Documents\GitHub\game-engine\build\GameEngine.vcxproj]
C:\Users\Stefan\Documents\GitHub\game-engine\src\GLTFLoader.cpp(284,103): warning C4244: 'argument': conversion from 'const _Ty' to 'float', possible loss of data [C:\Users\Stefan\Documents\GitHub\game-engine\build\GameEngine.vcxproj]
C:\Users\Stefan\Documents\GitHub\game-engine\src\GLTFLoader.cpp(284,103): warning C4244:         with [C:\Users\Stefan\Documents\GitHub\game-engine\build\GameEngine.vcxproj]
C:\Users\Stefan\Documents\GitHub\game-engine\src\GLTFLoader.cpp(284,103): warning C4244:         [ [C:\Users\Stefan\Documents\GitHub\game-engine\build\GameEngine.vcxproj]
C:\Users\Stefan\Documents\GitHub\game-engine\src\GLTFLoader.cpp(284,103): warning C4244:             _Ty=double [C:\Users\Stefan\Documents\GitHub\game-engine\build\GameEngine.vcxproj]
C:\Users\Stefan\Documents\GitHub\game-engine\src\GLTFLoader.cpp(284,103): warning C4244:         ] [C:\Users\Stefan\Documents\GitHub\game-engine\build\GameEngine.vcxproj]
C:\Users\Stefan\Documents\GitHub\game-engine\src\GLTFLoader.cpp(284,85): warning C4244: 'argument': conversion from 'const _Ty' to 'float', possible loss of data [C:\Users\Stefan\Documents\GitHub\game-engine\build\GameEngine.vcxproj]
C:\Users\Stefan\Documents\GitHub\game-engine\src\GLTFLoader.cpp(284,85): warning C4244:         with [C:\Users\Stefan\Documents\GitHub\game-engine\build\GameEngine.vcxproj]
C:\Users\Stefan\Documents\GitHub\game-engine\src\GLTFLoader.cpp(284,85): warning C4244:         [ [C:\Users\Stefan\Documents\GitHub\game-engine\build\GameEngine.vcxproj]
C:\Users\Stefan\Documents\GitHub\game-engine\src\GLTFLoader.cpp(284,85): warning C4244:             _Ty=double [C:\Users\Stefan\Documents\GitHub\game-engine\build\GameEngine.vcxproj]
C:\Users\Stefan\Documents\GitHub\game-engine\src\GLTFLoader.cpp(284,85): warning C4244:         ] [C:\Users\Stefan\Documents\GitHub\game-engine\build\GameEngine.vcxproj]
C:\Users\Stefan\Documents\GitHub\game-engine\src\GLTFLoader.cpp(284,67): warning C4244: 'argument': conversion from 'const _Ty' to 'float', possible loss of data [C:\Users\Stefan\Documents\GitHub\game-engine\build\GameEngine.vcxproj]
C:\Users\Stefan\Documents\GitHub\game-engine\src\GLTFLoader.cpp(284,67): warning C4244:         with [C:\Users\Stefan\Documents\GitHub\game-engine\build\GameEngine.vcxproj]
C:\Users\Stefan\Documents\GitHub\game-engine\src\GLTFLoader.cpp(284,67): warning C4244:         [ [C:\Users\Stefan\Documents\GitHub\game-engine\build\GameEngine.vcxproj]
C:\Users\Stefan\Documents\GitHub\game-engine\src\GLTFLoader.cpp(284,67): warning C4244:             _Ty=double [C:\Users\Stefan\Documents\GitHub\game-engine\build\GameEngine.vcxproj]
C:\Users\Stefan\Documents\GitHub\game-engine\src\GLTFLoader.cpp(284,67): warning C4244:         ] [C:\Users\Stefan\Documents\GitHub\game-engine\build\GameEngine.vcxproj]
C:\Users\Stefan\Documents\GitHub\game-engine\src\GLTFLoader.cpp(284,49): warning C4244: 'argument': conversion from 'const _Ty' to 'float', possible loss of data [C:\Users\Stefan\Documents\GitHub\game-engine\build\GameEngine.vcxproj]
C:\Users\Stefan\Documents\GitHub\game-engine\src\GLTFLoader.cpp(284,49): warning C4244:         with [C:\Users\Stefan\Documents\GitHub\game-engine\build\GameEngine.vcxproj]
C:\Users\Stefan\Documents\GitHub\game-engine\src\GLTFLoader.cpp(284,49): warning C4244:         [ [C:\Users\Stefan\Documents\GitHub\game-engine\build\GameEngine.vcxproj]
C:\Users\Stefan\Documents\GitHub\game-engine\src\GLTFLoader.cpp(284,49): warning C4244:             _Ty=double [C:\Users\Stefan\Documents\GitHub\game-engine\build\GameEngine.vcxproj]
C:\Users\Stefan\Documents\GitHub\game-engine\src\GLTFLoader.cpp(284,49): warning C4244:         ] [C:\Users\Stefan\Documents\GitHub\game-engine\build\GameEngine.vcxproj]
C:\Users\Stefan\Documents\GitHub\game-engine\src\GLTFLoader.cpp(288,88): warning C4244: 'argument': conversion from 'const _Ty' to 'float', possible loss of data [C:\Users\Stefan\Documents\GitHub\game-engine\build\GameEngine.vcxproj]
C:\Users\Stefan\Documents\GitHub\game-engine\src\GLTFLoader.cpp(288,88): warning C4244:         with [C:\Users\Stefan\Documents\GitHub\game-engine\build\GameEngine.vcxproj]
C:\Users\Stefan\Documents\GitHub\game-engine\src\GLTFLoader.cpp(288,88): warning C4244:         [ [C:\Users\Stefan\Documents\GitHub\game-engine\build\GameEngine.vcxproj]
C:\Users\Stefan\Documents\GitHub\game-engine\src\GLTFLoader.cpp(288,88): warning C4244:             _Ty=double [C:\Users\Stefan\Documents\GitHub\game-engine\build\GameEngine.vcxproj]
C:\Users\Stefan\Documents\GitHub\game-engine\src\GLTFLoader.cpp(288,88): warning C4244:         ] [C:\Users\Stefan\Documents\GitHub\game-engine\build\GameEngine.vcxproj]
C:\Users\Stefan\Documents\GitHub\game-engine\src\GLTFLoader.cpp(288,73): warning C4244: 'argument': conversion from 'const _Ty' to 'float', possible loss of data [C:\Users\Stefan\Documents\GitHub\game-engine\build\GameEngine.vcxproj]
C:\Users\Stefan\Documents\GitHub\game-engine\src\GLTFLoader.cpp(288,73): warning C4244:         with [C:\Users\Stefan\Documents\GitHub\game-engine\build\GameEngine.vcxproj]
C:\Users\Stefan\Documents\GitHub\game-engine\src\GLTFLoader.cpp(288,73): warning C4244:         [ [C:\Users\Stefan\Documents\GitHub\game-engine\build\GameEngine.vcxproj]
C:\Users\Stefan\Documents\GitHub\game-engine\src\GLTFLoader.cpp(288,73): warning C4244:             _Ty=double [C:\Users\Stefan\Documents\GitHub\game-engine\build\GameEngine.vcxproj]
C:\Users\Stefan\Documents\GitHub\game-engine\src\GLTFLoader.cpp(288,73): warning C4244:         ] [C:\Users\Stefan\Documents\GitHub\game-engine\build\GameEngine.vcxproj]
C:\Users\Stefan\Documents\GitHub\game-engine\src\GLTFLoader.cpp(288,58): warning C4244: 'argument': conversion from 'const _Ty' to 'float', possible loss of data [C:\Users\Stefan\Documents\GitHub\game-engine\build\GameEngine.vcxproj]
C:\Users\Stefan\Documents\GitHub\game-engine\src\GLTFLoader.cpp(288,58): warning C4244:         with [C:\Users\Stefan\Documents\GitHub\game-engine\build\GameEngine.vcxproj]
C:\Users\Stefan\Documents\GitHub\game-engine\src\GLTFLoader.cpp(288,58): warning C4244:         [ [C:\Users\Stefan\Documents\GitHub\game-engine\build\GameEngine.vcxproj]
C:\Users\Stefan\Documents\GitHub\game-engine\src\GLTFLoader.cpp(288,58): warning C4244:             _Ty=double [C:\Users\Stefan\Documents\GitHub\game-engine\build\GameEngine.vcxproj]
C:\Users\Stefan\Documents\GitHub\game-engine\src\GLTFLoader.cpp(288,58): warning C4244:         ] [C:\Users\Stefan\Documents\GitHub\game-engine\build\GameEngine.vcxproj]
C:\Users\Stefan\Documents\GitHub\game-engine\src\GLTFLoader.cpp(405,120): warning C4244: 'argument': conversion from 'const _Ty' to 'float', possible loss of data [C:\Users\Stefan\Documents\GitHub\game-engine\build\GameEngine.vcxproj]
C:\Users\Stefan\Documents\GitHub\game-engine\src\GLTFLoader.cpp(405,120): warning C4244:         with [C:\Users\Stefan\Documents\GitHub\game-engine\build\GameEngine.vcxproj]
C:\Users\Stefan\Documents\GitHub\game-engine\src\GLTFLoader.cpp(405,120): warning C4244:         [ [C:\Users\Stefan\Documents\GitHub\game-engine\build\GameEngine.vcxproj]
C:\Users\Stefan\Documents\GitHub\game-engine\src\GLTFLoader.cpp(405,120): warning C4244:             _Ty=double [C:\Users\Stefan\Documents\GitHub\game-engine\build\GameEngine.vcxproj]
C:\Users\Stefan\Documents\GitHub\game-engine\src\GLTFLoader.cpp(405,120): warning C4244:         ] [C:\Users\Stefan\Documents\GitHub\game-engine\build\GameEngine.vcxproj]
C:\Users\Stefan\Documents\GitHub\game-engine\src\GLTFLoader.cpp(405,99): warning C4244: 'argument': conversion from 'const _Ty' to 'float', possible loss of data [C:\Users\Stefan\Documents\GitHub\game-engine\build\GameEngine.vcxproj]
C:\Users\Stefan\Documents\GitHub\game-engine\src\GLTFLoader.cpp(405,99): warning C4244:         with [C:\Users\Stefan\Documents\GitHub\game-engine\build\GameEngine.vcxproj]
C:\Users\Stefan\Documents\GitHub\game-engine\src\GLTFLoader.cpp(405,99): warning C4244:         [ [C:\Users\Stefan\Documents\GitHub\game-engine\build\GameEngine.vcxproj]
C:\Users\Stefan\Documents\GitHub\game-engine\src\GLTFLoader.cpp(405,99): warning C4244:             _Ty=double [C:\Users\Stefan\Documents\GitHub\game-engine\build\GameEngine.vcxproj]
C:\Users\Stefan\Documents\GitHub\game-engine\src\GLTFLoader.cpp(405,99): warning C4244:         ] [C:\Users\Stefan\Documents\GitHub\game-engine\build\GameEngine.vcxproj]
C:\Users\Stefan\Documents\GitHub\game-engine\src\GLTFLoader.cpp(405,78): warning C4244: 'argument': conversion from 'const _Ty' to 'float', possible loss of data [C:\Users\Stefan\Documents\GitHub\game-engine\build\GameEngine.vcxproj]
C:\Users\Stefan\Documents\GitHub\game-engine\src\GLTFLoader.cpp(405,78): warning C4244:         with [C:\Users\Stefan\Documents\GitHub\game-engine\build\GameEngine.vcxproj]
C:\Users\Stefan\Documents\GitHub\game-engine\src\GLTFLoader.cpp(405,78): warning C4244:         [ [C:\Users\Stefan\Documents\GitHub\game-engine\build\GameEngine.vcxproj]
C:\Users\Stefan\Documents\GitHub\game-engine\src\GLTFLoader.cpp(405,78): warning C4244:             _Ty=double [C:\Users\Stefan\Documents\GitHub\game-engine\build\GameEngine.vcxproj]
C:\Users\Stefan\Documents\GitHub\game-engine\src\GLTFLoader.cpp(405,78): warning C4244:         ] [C:\Users\Stefan\Documents\GitHub\game-engine\build\GameEngine.vcxproj]
C:\Users\Stefan\Documents\GitHub\game-engine\src\GLTFLoader.cpp(411,99): warning C4244: 'argument': conversion from 'const _Ty' to 'float', possible loss of data [C:\Users\Stefan\Documents\GitHub\game-engine\build\GameEngine.vcxproj]
C:\Users\Stefan\Documents\GitHub\game-engine\src\GLTFLoader.cpp(411,99): warning C4244:         with [C:\Users\Stefan\Documents\GitHub\game-engine\build\GameEngine.vcxproj]
C:\Users\Stefan\Documents\GitHub\game-engine\src\GLTFLoader.cpp(411,99): warning C4244:         [ [C:\Users\Stefan\Documents\GitHub\game-engine\build\GameEngine.vcxproj]
C:\Users\Stefan\Documents\GitHub\game-engine\src\GLTFLoader.cpp(411,99): warning C4244:             _Ty=double [C:\Users\Stefan\Documents\GitHub\game-engine\build\GameEngine.vcxproj]
C:\Users\Stefan\Documents\GitHub\game-engine\src\GLTFLoader.cpp(411,99): warning C4244:         ] [C:\Users\Stefan\Documents\GitHub\game-engine\build\GameEngine.vcxproj]
C:\Users\Stefan\Documents\GitHub\game-engine\src\GLTFLoader.cpp(411,84): warning C4244: 'argument': conversion from 'const _Ty' to 'float', possible loss of data [C:\Users\Stefan\Documents\GitHub\game-engine\build\GameEngine.vcxproj]
C:\Users\Stefan\Documents\GitHub\game-engine\src\GLTFLoader.cpp(411,84): warning C4244:         with [C:\Users\Stefan\Documents\GitHub\game-engine\build\GameEngine.vcxproj]
C:\Users\Stefan\Documents\GitHub\game-engine\src\GLTFLoader.cpp(411,84): warning C4244:         [ [C:\Users\Stefan\Documents\GitHub\game-engine\build\GameEngine.vcxproj]
C:\Users\Stefan\Documents\GitHub\game-engine\src\GLTFLoader.cpp(411,84): warning C4244:             _Ty=double [C:\Users\Stefan\Documents\GitHub\game-engine\build\GameEngine.vcxproj]
C:\Users\Stefan\Documents\GitHub\game-engine\src\GLTFLoader.cpp(411,84): warning C4244:         ] [C:\Users\Stefan\Documents\GitHub\game-engine\build\GameEngine.vcxproj]
C:\Users\Stefan\Documents\GitHub\game-engine\src\GLTFLoader.cpp(411,69): warning C4244: 'argument': conversion from 'const _Ty' to 'float', possible loss of data [C:\Users\Stefan\Documents\GitHub\game-engine\build\GameEngine.vcxproj]
C:\Users\Stefan\Documents\GitHub\game-engine\src\GLTFLoader.cpp(411,69): warning C4244:         with [C:\Users\Stefan\Documents\GitHub\game-engine\build\GameEngine.vcxproj]
C:\Users\Stefan\Documents\GitHub\game-engine\src\GLTFLoader.cpp(411,69): warning C4244:         [ [C:\Users\Stefan\Documents\GitHub\game-engine\build\GameEngine.vcxproj]
C:\Users\Stefan\Documents\GitHub\game-engine\src\GLTFLoader.cpp(411,69): warning C4244:             _Ty=double [C:\Users\Stefan\Documents\GitHub\game-engine\build\GameEngine.vcxproj]
C:\Users\Stefan\Documents\GitHub\game-engine\src\GLTFLoader.cpp(411,69): warning C4244:         ] [C:\Users\Stefan\Documents\GitHub\game-engine\build\GameEngine.vcxproj]
  ParticleEmitter.cpp
C:\Users\Stefan\Documents\GitHub\game-engine\include\GLExtensions.h(28,9): warning C4005: 'GL_TEXTURE_MIN_FILTER': macro redefinition [C:\Users\Stefan\Documents\GitHub\game-engine\build\GameEngine.vcxproj]
  (compiling source file '../src/ParticleEmitter.cpp')
      C:\Program Files (x86)\Windows Kits\10\Include\10.0.19041.0\um\gl\GL.h(948,9):
      see previous definition of 'GL_TEXTURE_MIN_FILTER'
  
C:\Users\Stefan\Documents\GitHub\game-engine\include\GLExtensions.h(29,9): warning C4005: 'GL_TEXTURE_MAG_FILTER': macro redefinition [C:\Users\Stefan\Documents\GitHub\game-engine\build\GameEngine.vcxproj]
  (compiling source file '../src/ParticleEmitter.cpp')
      C:\Program Files (x86)\Windows Kits\10\Include\10.0.19041.0\um\gl\GL.h(947,9):
      see previous definition of 'GL_TEXTURE_MAG_FILTER'
  
C:\Users\Stefan\Documents\GitHub\game-engine\src\ParticleEmitter.cpp(61,7): error C2437: 'm_GasConstant': has already been initialized [C:\Users\Stefan\Documents\GitHub\game-engine\build\GameEngine.vcxproj]
C:\Users\Stefan\Documents\GitHub\game-engine\src\ParticleEmitter.cpp(62,7): error C2437: 'm_Viscosity': has already been initialized [C:\Users\Stefan\Documents\GitHub\game-engine\build\GameEngine.vcxproj]
C:\Users\Stefan\Documents\GitHub\game-engine\src\ParticleEmitter.cpp(63,7): error C2437: 'm_SmoothingRadius': has already been initialized [C:\Users\Stefan\Documents\GitHub\game-engine\build\GameEngine.vcxproj]
C:\Users\Stefan\Documents\GitHub\game-engine\src\ParticleEmitter.cpp(82,5): error C4430: missing type specifier - int assumed. Note: C++ does not support default-int [C:\Users\Stefan\Documents\GitHub\game-engine\build\GameEngine.vcxproj]
C:\Users\Stefan\Documents\GitHub\game-engine\src\ParticleEmitter.cpp(82,17): error C2440: 'initializing': cannot convert from 'EmitterLOD' to 'int' [C:\Users\Stefan\Documents\GitHub\game-engine\build\GameEngine.vcxproj]
      C:\Users\Stefan\Documents\GitHub\game-engine\src\ParticleEmitter.cpp(82,17):
      No user-defined-conversion operator available that can perform this conversion, or the operator cannot be called
  
C:\Users\Stefan\Documents\GitHub\game-engine\src\ParticleEmitter.cpp(83,1): error C2059: syntax error: '}' [C:\Users\Stefan\Documents\GitHub\game-engine\build\GameEngine.vcxproj]
C:\Users\Stefan\Documents\GitHub\game-engine\src\ParticleEmitter.cpp(83,1): error C2143: syntax error: missing ';' before '}' [C:\Users\Stefan\Documents\GitHub\game-engine\build\GameEngine.vcxproj]
C:\Users\Stefan\Documents\GitHub\game-engine\src\ParticleEmitter.cpp(85,49): error C2143: syntax error: missing ';' before '{' [C:\Users\Stefan\Documents\GitHub\game-engine\build\GameEngine.vcxproj]
C:\Users\Stefan\Documents\GitHub\game-engine\src\ParticleEmitter.cpp(85,49): error C2447: '{': missing function header (old-style formal list?) [C:\Users\Stefan\Documents\GitHub\game-engine\build\GameEngine.vcxproj]
C:\Users\Stefan\Documents\GitHub\game-engine\src\ParticleEmitter.cpp(171,23): error C2601: 'ParticleEmitter::Burst': local function definitions are illegal [C:\Users\Stefan\Documents\GitHub\game-engine\build\GameEngine.vcxproj]
C:\Users\Stefan\Documents\GitHub\game-engine\src\ParticleEmitter.cpp(178,23): error C2601: 'ParticleEmitter::SpawnParticle': local function definitions are illegal [C:\Users\Stefan\Documents\GitHub\game-engine\build\GameEngine.vcxproj]
C:\Users\Stefan\Documents\GitHub\game-engine\src\ParticleEmitter.cpp(234,22): error C2679: binary '=': no operator found which takes a right-hand operand of type 'std::shared_ptr<ParticleTrail>' (or there is no acceptable conversion) [C:\Users\Stefan\Documents\GitHub\game-engine\build\GameEngine.vcxproj]
      C:\Program Files (x86)\Microsoft Visual Studio\2022\BuildTools\VC\Tools\MSVC\14.44.35207\include\memory(3476,17):
      could be 'std::unique_ptr<ParticleTrail,std::default_delete<ParticleTrail>> &std::unique_ptr<ParticleTrail,std::default_delete<ParticleTrail>>::operator =(const std::unique_ptr<ParticleTrail,std::default_delete<ParticleTrail>> &)'
          C:\Users\Stefan\Documents\GitHub\game-engine\src\ParticleEmitter.cpp(234,22):
          'std::unique_ptr<ParticleTrail,std::default_delete<ParticleTrail>> &std::unique_ptr<ParticleTrail,std::default_delete<ParticleTrail>>::operator =(const std::unique_ptr<ParticleTrail,std::default_delete<ParticleTrail>> &)': cannot convert argument 2 from 'std::shared_ptr<ParticleTrail>' to 'const std::unique_ptr<ParticleTrail,std::default_delete<ParticleTrail>> &'
              C:\Users\Stefan\Documents\GitHub\game-engine\src\ParticleEmitter.cpp(234,62):
              Reason: cannot convert from 'std::shared_ptr<ParticleTrail>' to 'const std::unique_ptr<ParticleTrail,std::default_delete<ParticleTrail>>'
              C:\Users\Stefan\Documents\GitHub\game-engine\src\ParticleEmitter.cpp(234,62):
              No user-defined-conversion operator available that can perform this conversion, or the operator cannot be called
      C:\Program Files (x86)\Microsoft Visual Studio\2022\BuildTools\VC\Tools\MSVC\14.44.35207\include\memory(3362,30):
      or       'std::unique_ptr<ParticleTrail,std::default_delete<ParticleTrail>> &std::unique_ptr<ParticleTrail,std::default_delete<ParticleTrail>>::operator =(std::nullptr_t) noexcept'
          C:\Users\Stefan\Documents\GitHub\game-engine\src\ParticleEmitter.cpp(234,22):
          'std::unique_ptr<ParticleTrail,std::default_delete<ParticleTrail>> &std::unique_ptr<ParticleTrail,std::default_delete<ParticleTrail>>::operator =(std::nullptr_t) noexcept': cannot convert argument 2 from 'std::shared_ptr<ParticleTrail>' to 'std::nullptr_t'
              C:\Users\Stefan\Documents\GitHub\game-engine\src\ParticleEmitter.cpp(234,62):
              No user-defined-conversion operator available that can perform this conversion, or the operator cannot be called
      C:\Program Files (x86)\Microsoft Visual Studio\2022\BuildTools\VC\Tools\MSVC\14.44.35207\include\memory(3413,30):
      or       'std::unique_ptr<ParticleTrail,std::default_delete<ParticleTrail>> &std::unique_ptr<ParticleTrail,std::default_delete<ParticleTrail>>::operator =(std::unique_ptr<ParticleTrail,std::default_delete<ParticleTrail>> &&) noexcept'
          C:\Users\Stefan\Documents\GitHub\game-engine\src\ParticleEmitter.cpp(234,62):
          'initializing': cannot convert from 'std::shared_ptr<ParticleTrail>' to 'std::unique_ptr<ParticleTrail,std::default_delete<ParticleTrail>> &&'
              C:\Users\Stefan\Documents\GitHub\game-engine\src\ParticleEmitter.cpp(234,62):
              Reason: cannot convert from 'std::shared_ptr<ParticleTrail>' to 'std::unique_ptr<ParticleTrail,std::default_delete<ParticleTrail>>'
              C:\Users\Stefan\Documents\GitHub\game-engine\src\ParticleEmitter.cpp(234,62):
              No user-defined-conversion operator available that can perform this conversion, or the operator cannot be called
      C:\Program Files (x86)\Microsoft Visual Studio\2022\BuildTools\VC\Tools\MSVC\14.44.35207\include\memory(3406,30):
      or       'std::unique_ptr<ParticleTrail,std::default_delete<ParticleTrail>> &std::unique_ptr<ParticleTrail,std::default_delete<ParticleTrail>>::operator =(std::unique_ptr<_Ux,_Dx> &&) noexcept'
          C:\Users\Stefan\Documents\GitHub\game-engine\src\ParticleEmitter.cpp(234,22):
          'std::unique_ptr<ParticleTrail,std::default_delete<ParticleTrail>> &std::unique_ptr<ParticleTrail,std::default_delete<ParticleTrail>>::operator =(std::unique_ptr<_Ux,_Dx> &&) noexcept': could not deduce template argument for 'std::unique_ptr<_Ux,_Dx> &&' from 'std::shared_ptr<ParticleTrail>'
      C:\Users\Stefan\Documents\GitHub\game-engine\src\ParticleEmitter.cpp(234,22):
      while trying to match the argument list '(std::unique_ptr<ParticleTrail,std::default_delete<ParticleTrail>>, std::shared_ptr<ParticleTrail>)'
  
C:\Users\Stefan\Documents\GitHub\game-engine\src\ParticleEmitter.cpp(236,26): error C2039: 'Reset': is not a member of 'ParticleTrail' [C:\Users\Stefan\Documents\GitHub\game-engine\build\GameEngine.vcxproj]
      C:\Users\Stefan\Documents\GitHub\game-engine\include\ParticleTrail.h(34,7):
      see declaration of 'ParticleTrail'
  
C:\Users\Stefan\Documents\GitHub\game-engine\src\ParticleEmitter.cpp(267,49): error C2039: 'Reset': is not a member of 'ParticleTrail' [C:\Users\Stefan\Documents\GitHub\game-engine\build\GameEngine.vcxproj]
      C:\Users\Stefan\Documents\GitHub\game-engine\include\ParticleTrail.h(34,7):
      see declaration of 'ParticleTrail'
  
C:\Users\Stefan\Documents\GitHub\game-engine\src\ParticleEmitter.cpp(293,23): error C2065: 'm_PhysicsContext': undeclared identifier [C:\Users\Stefan\Documents\GitHub\game-engine\build\GameEngine.vcxproj]
C:\Users\Stefan\Documents\GitHub\game-engine\src\ParticleEmitter.cpp(296,13): error C2065: 'm_PhysicsContext': undeclared identifier [C:\Users\Stefan\Documents\GitHub\game-engine\build\GameEngine.vcxproj]
C:\Users\Stefan\Documents\GitHub\game-engine\src\ParticleEmitter.cpp(297,37): error C2065: 'm_PhysicsContext': undeclared identifier [C:\Users\Stefan\Documents\GitHub\game-engine\build\GameEngine.vcxproj]
C:\Users\Stefan\Documents\GitHub\game-engine\src\ParticleEmitter.cpp(297,30): error C2530: 'att': references must be initialized [C:\Users\Stefan\Documents\GitHub\game-engine\build\GameEngine.vcxproj]
C:\Users\Stefan\Documents\GitHub\game-engine\src\ParticleEmitter.cpp(297,30): error C3531: 'att': a symbol whose type contains 'auto' must have an initializer [C:\Users\Stefan\Documents\GitHub\game-engine\build\GameEngine.vcxproj]
C:\Users\Stefan\Documents\GitHub\game-engine\src\ParticleEmitter.cpp(297,34): error C2143: syntax error: missing ';' before ':' [C:\Users\Stefan\Documents\GitHub\game-engine\build\GameEngine.vcxproj]
C:\Users\Stefan\Documents\GitHub\game-engine\src\ParticleEmitter.cpp(297,64): error C2143: syntax error: missing ';' before ')' [C:\Users\Stefan\Documents\GitHub\game-engine\build\GameEngine.vcxproj]
C:\Users\Stefan\Documents\GitHub\game-engine\src\ParticleEmitter.cpp(769,18): warning C4244: 'initializing': conversion from 'double' to 'float', possible loss of data [C:\Users\Stefan\Documents\GitHub\game-engine\build\GameEngine.vcxproj]
C:\Users\Stefan\Documents\GitHub\game-engine\src\ParticleEmitter.cpp(788,18): warning C4244: 'initializing': conversion from 'double' to 'float', possible loss of data [C:\Users\Stefan\Documents\GitHub\game-engine\build\GameEngine.vcxproj]
  Water.cpp
C:\Users\Stefan\Documents\GitHub\game-engine\src\Water.cpp(16,16): error C3861: 'glDeleteTextures': identifier not found [C:\Users\Stefan\Documents\GitHub\game-engine\build\GameEngine.vcxproj]
C:\Users\Stefan\Documents\GitHub\game-engine\src\Water.cpp(17,16): error C3861: 'glDeleteTextures': identifier not found [C:\Users\Stefan\Documents\GitHub\game-engine\build\GameEngine.vcxproj]
C:\Users\Stefan\Documents\GitHub\game-engine\src\Water.cpp(18,27): error C3861: 'glDeleteTextures': identifier not found [C:\Users\Stefan\Documents\GitHub\game-engine\build\GameEngine.vcxproj]
C:\Users\Stefan\Documents\GitHub\game-engine\src\Water.cpp(19,25): error C3861: 'glDeleteTextures': identifier not found [C:\Users\Stefan\Documents\GitHub\game-engine\build\GameEngine.vcxproj]
C:\Users\Stefan\Documents\GitHub\game-engine\src\Water.cpp(20,19): error C3861: 'glDeleteTextures': identifier not found [C:\Users\Stefan\Documents\GitHub\game-engine\build\GameEngine.vcxproj]
C:\Users\Stefan\Documents\GitHub\game-engine\src\Water.cpp(21,21): error C3861: 'glDeleteTextures': identifier not found [C:\Users\Stefan\Documents\GitHub\game-engine\build\GameEngine.vcxproj]
C:\Users\Stefan\Documents\GitHub\game-engine\include\GLExtensions.h(28,9): warning C4005: 'GL_TEXTURE_MIN_FILTER': macro redefinition [C:\Users\Stefan\Documents\GitHub\game-engine\build\GameEngine.vcxproj]
  (compiling source file '../src/Water.cpp')
      C:\Program Files (x86)\Windows Kits\10\Include\10.0.19041.0\um\gl\GL.h(948,9):
      see previous definition of 'GL_TEXTURE_MIN_FILTER'
  
C:\Users\Stefan\Documents\GitHub\game-engine\include\GLExtensions.h(29,9): warning C4005: 'GL_TEXTURE_MAG_FILTER': macro redefinition [C:\Users\Stefan\Documents\GitHub\game-engine\build\GameEngine.vcxproj]
  (compiling source file '../src/Water.cpp')
      C:\Program Files (x86)\Windows Kits\10\Include\10.0.19041.0\um\gl\GL.h(947,9):
      see previous definition of 'GL_TEXTURE_MAG_FILTER'
  
C:\Users\Stefan\Documents\GitHub\game-engine\src\Water.cpp(75,5): error C3861: 'glBindImageTexture': identifier not found [C:\Users\Stefan\Documents\GitHub\game-engine\build\GameEngine.vcxproj]
C:\Users\Stefan\Documents\GitHub\game-engine\src\Water.cpp(78,21): error C2065: 'GL_SHADER_IMAGE_ACCESS_BARRIER_BIT': undeclared identifier [C:\Users\Stefan\Documents\GitHub\game-engine\build\GameEngine.vcxproj]
C:\Users\Stefan\Documents\GitHub\game-engine\src\Water.cpp(88,5): error C3861: 'glTexStorage2D': identifier not found [C:\Users\Stefan\Documents\GitHub\game-engine\build\GameEngine.vcxproj]
C:\Users\Stefan\Documents\GitHub\game-engine\src\Water.cpp(97,5): error C3861: 'glTexStorage2D': identifier not found [C:\Users\Stefan\Documents\GitHub\game-engine\build\GameEngine.vcxproj]
C:\Users\Stefan\Documents\GitHub\game-engine\src\Water.cpp(105,5): error C3861: 'glTexStorage2D': identifier not found [C:\Users\Stefan\Documents\GitHub\game-engine\build\GameEngine.vcxproj]
C:\Users\Stefan\Documents\GitHub\game-engine\src\Water.cpp(112,5): error C3861: 'glTexStorage2D': identifier not found [C:\Users\Stefan\Documents\GitHub\game-engine\build\GameEngine.vcxproj]
C:\Users\Stefan\Documents\GitHub\game-engine\src\Water.cpp(121,5): error C3861: 'glTexStorage2D': identifier not found [C:\Users\Stefan\Documents\GitHub\game-engine\build\GameEngine.vcxproj]
C:\Users\Stefan\Documents\GitHub\game-engine\src\Water.cpp(130,5): error C3861: 'glTexStorage2D': identifier not found [C:\Users\Stefan\Documents\GitHub\game-engine\build\GameEngine.vcxproj]
C:\Users\Stefan\Documents\GitHub\game-engine\src\Water.cpp(231,5): error C3861: 'glBindImageTexture': identifier not found [C:\Users\Stefan\Documents\GitHub\game-engine\build\GameEngine.vcxproj]
C:\Users\Stefan\Documents\GitHub\game-engine\src\Water.cpp(232,5): error C3861: 'glBindImageTexture': identifier not found [C:\Users\Stefan\Documents\GitHub\game-engine\build\GameEngine.vcxproj]
C:\Users\Stefan\Documents\GitHub\game-engine\src\Water.cpp(235,21): error C2065: 'GL_SHADER_IMAGE_ACCESS_BARRIER_BIT': undeclared identifier [C:\Users\Stefan\Documents\GitHub\game-engine\build\GameEngine.vcxproj]
C:\Users\Stefan\Documents\GitHub\game-engine\src\Water.cpp(250,9): error C3861: 'glBindImageTexture': identifier not found [C:\Users\Stefan\Documents\GitHub\game-engine\build\GameEngine.vcxproj]
C:\Users\Stefan\Documents\GitHub\game-engine\src\Water.cpp(253,13): error C3861: 'glBindImageTexture': identifier not found [C:\Users\Stefan\Documents\GitHub\game-engine\build\GameEngine.vcxproj]
C:\Users\Stefan\Documents\GitHub\game-engine\src\Water.cpp(254,13): error C3861: 'glBindImageTexture': identifier not found [C:\Users\Stefan\Documents\GitHub\game-engine\build\GameEngine.vcxproj]
C:\Users\Stefan\Documents\GitHub\game-engine\src\Water.cpp(257,17): error C3861: 'glBindImageTexture': identifier not found [C:\Users\Stefan\Documents\GitHub\game-engine\build\GameEngine.vcxproj]
C:\Users\Stefan\Documents\GitHub\game-engine\src\Water.cpp(258,17): error C3861: 'glBindImageTexture': identifier not found [C:\Users\Stefan\Documents\GitHub\game-engine\build\GameEngine.vcxproj]
C:\Users\Stefan\Documents\GitHub\game-engine\src\Water.cpp(260,17): error C3861: 'glBindImageTexture': identifier not found [C:\Users\Stefan\Documents\GitHub\game-engine\build\GameEngine.vcxproj]
C:\Users\Stefan\Documents\GitHub\game-engine\src\Water.cpp(261,17): error C3861: 'glBindImageTexture': identifier not found [C:\Users\Stefan\Documents\GitHub\game-engine\build\GameEngine.vcxproj]
C:\Users\Stefan\Documents\GitHub\game-engine\src\Water.cpp(266,25): error C2065: 'GL_SHADER_IMAGE_ACCESS_BARRIER_BIT': undeclared identifier [C:\Users\Stefan\Documents\GitHub\game-engine\build\GameEngine.vcxproj]
C:\Users\Stefan\Documents\GitHub\game-engine\src\Water.cpp(279,14): error C3861: 'glBindImageTexture': identifier not found [C:\Users\Stefan\Documents\GitHub\game-engine\build\GameEngine.vcxproj]
C:\Users\Stefan\Documents\GitHub\game-engine\src\Water.cpp(280,14): error C3861: 'glBindImageTexture': identifier not found [C:\Users\Stefan\Documents\GitHub\game-engine\build\GameEngine.vcxproj]
C:\Users\Stefan\Documents\GitHub\game-engine\src\Water.cpp(282,14): error C3861: 'glBindImageTexture': identifier not found [C:\Users\Stefan\Documents\GitHub\game-engine\build\GameEngine.vcxproj]
C:\Users\Stefan\Documents\GitHub\game-engine\src\Water.cpp(283,14): error C3861: 'glBindImageTexture': identifier not found [C:\Users\Stefan\Documents\GitHub\game-engine\build\GameEngine.vcxproj]
C:\Users\Stefan\Documents\GitHub\game-engine\src\Water.cpp(287,25): error C2065: 'GL_SHADER_IMAGE_ACCESS_BARRIER_BIT': undeclared identifier [C:\Users\Stefan\Documents\GitHub\game-engine\build\GameEngine.vcxproj]
C:\Users\Stefan\Documents\GitHub\game-engine\src\Water.cpp(304,5): error C3861: 'glBindImageTexture': identifier not found [C:\Users\Stefan\Documents\GitHub\game-engine\build\GameEngine.vcxproj]
C:\Users\Stefan\Documents\GitHub\game-engine\src\Water.cpp(305,5): error C3861: 'glBindImageTexture': identifier not found [C:\Users\Stefan\Documents\GitHub\game-engine\build\GameEngine.vcxproj]
C:\Users\Stefan\Documents\GitHub\game-engine\src\Water.cpp(306,5): error C3861: 'glBindImageTexture': identifier not found [C:\Users\Stefan\Documents\GitHub\game-engine\build\GameEngine.vcxproj]
C:\Users\Stefan\Documents\GitHub\game-engine\src\Water.cpp(309,21): error C2065: 'GL_SHADER_IMAGE_ACCESS_BARRIER_BIT': undeclared identifier [C:\Users\Stefan\Documents\GitHub\game-engine\build\GameEngine.vcxproj]
  WaterSprayEmitter.cpp
C:\Users\Stefan\Documents\GitHub\game-engine\include\GLExtensions.h(28,9): warning C4005: 'GL_TEXTURE_MIN_FILTER': macro redefinition [C:\Users\Stefan\Documents\GitHub\game-engine\build\GameEngine.vcxproj]
  (compiling source file '../src/WaterSprayEmitter.cpp')
      C:\Program Files (x86)\Windows Kits\10\Include\10.0.19041.0\um\gl\GL.h(948,9):
      see previous definition of 'GL_TEXTURE_MIN_FILTER'
  
C:\Users\Stefan\Documents\GitHub\game-engine\include\GLExtensions.h(29,9): warning C4005: 'GL_TEXTURE_MAG_FILTER': macro redefinition [C:\Users\Stefan\Documents\GitHub\game-engine\build\GameEngine.vcxproj]
  (compiling source file '../src/WaterSprayEmitter.cpp')
      C:\Program Files (x86)\Windows Kits\10\Include\10.0.19041.0\um\gl\GL.h(947,9):
      see previous definition of 'GL_TEXTURE_MAG_FILTER'
  
C:\Users\Stefan\Documents\GitHub\game-engine\src\WaterSprayEmitter.cpp(22,36): error C2440: '=': cannot convert from 'std::shared_ptr<Water>' to 'Water *' [C:\Users\Stefan\Documents\GitHub\game-engine\build\GameEngine.vcxproj]
      C:\Users\Stefan\Documents\GitHub\game-engine\src\WaterSprayEmitter.cpp(22,36):
      No user-defined-conversion operator available that can perform this conversion, or the operator cannot be called
  
  Terrain.cpp
C:\Users\Stefan\Documents\GitHub\game-engine\include\GLExtensions.h(28,9): warning C4005: 'GL_TEXTURE_MIN_FILTER': macro redefinition [C:\Users\Stefan\Documents\GitHub\game-engine\build\GameEngine.vcxproj]
  (compiling source file '../src/Terrain.cpp')
      C:\Program Files (x86)\Windows Kits\10\Include\10.0.19041.0\um\gl\GL.h(948,9):
      see previous definition of 'GL_TEXTURE_MIN_FILTER'
  
C:\Users\Stefan\Documents\GitHub\game-engine\include\GLExtensions.h(29,9): warning C4005: 'GL_TEXTURE_MAG_FILTER': macro redefinition [C:\Users\Stefan\Documents\GitHub\game-engine\build\GameEngine.vcxproj]
  (compiling source file '../src/Terrain.cpp')
      C:\Program Files (x86)\Windows Kits\10\Include\10.0.19041.0\um\gl\GL.h(947,9):
      see previous definition of 'GL_TEXTURE_MAG_FILTER'
  
C:\Users\Stefan\Documents\GitHub\game-engine\src\Terrain.cpp(64,36): error C2065: 'GL_R32F': undeclared identifier [C:\Users\Stefan\Documents\GitHub\game-engine\build\GameEngine.vcxproj]
C:\Users\Stefan\Documents\GitHub\game-engine\src\Terrain.cpp(129,36): error C2065: 'GL_R32F': undeclared identifier [C:\Users\Stefan\Documents\GitHub\game-engine\build\GameEngine.vcxproj]
  SceneSerializer.cpp
C:\Users\Stefan\Documents\GitHub\game-engine\include\Animation.h(59,10): error C2535: 'void Animation::AddChannel(const AnimationChannel &)': member function already defined or declared [C:\Users\Stefan\Documents\GitHub\game-engine\build\GameEngine.vcxproj]
  (compiling source file '../src/SceneSerializer.cpp')
      C:\Users\Stefan\Documents\GitHub\game-engine\include\Animation.h(58,10):
      see declaration of 'Animation::AddChannel'
  
C:\Users\Stefan\Documents\GitHub\game-engine\src\SceneSerializer.cpp(63,37): warning C4267: 'initializing': conversion from 'size_t' to 'uint32_t', possible loss of data [C:\Users\Stefan\Documents\GitHub\game-engine\build\GameEngine.vcxproj]
C:\Users\Stefan\Documents\GitHub\game-engine\src\SceneSerializer.cpp(474,21): warning C4267: 'initializing': conversion from 'size_t' to 'uint32_t', possible loss of data [C:\Users\Stefan\Documents\GitHub\game-engine\build\GameEngine.vcxproj]
  AssetThumbnailGenerator.cpp
C:\Users\Stefan\Documents\GitHub\game-engine\src\AssetThumbnailGenerator.cpp(3,10): error C1083: Cannot open include file: 'GL/glew.h': No such file or directory [C:\Users\Stefan\Documents\GitHub\game-engine\build\GameEngine.vcxproj]
  Gizmo.cpp
C:\Users\Stefan\Documents\GitHub\game-engine\include\Gizmo.h(42,31): warning C4100: 'deltaTime': unreferenced parameter [C:\Users\Stefan\Documents\GitHub\game-engine\build\GameEngine.vcxproj]
  (compiling source file '../src/Gizmo.cpp')
  
C:\Users\Stefan\Documents\GitHub\game-engine\src\Gizmo.cpp(4,10): error C1083: Cannot open include file: 'glad/glad.h': No such file or directory [C:\Users\Stefan\Documents\GitHub\game-engine\build\GameEngine.vcxproj]
  GizmoManager.cpp
C:\Users\Stefan\Documents\GitHub\game-engine\include\Gizmo.h(42,31): warning C4100: 'deltaTime': unreferenced parameter [C:\Users\Stefan\Documents\GitHub\game-engine\build\GameEngine.vcxproj]
  (compiling source file '../src/GizmoManager.cpp')
  
C:\Users\Stefan\Documents\GitHub\game-engine\src\GizmoManager.cpp(47,25): error C2039: 'SetSnapping': is not a member of 'TranslationGizmo' [C:\Users\Stefan\Documents\GitHub\game-engine\build\GameEngine.vcxproj]
      C:\Users\Stefan\Documents\GitHub\game-engine\include\TranslationGizmo.h(5,7):
      see declaration of 'TranslationGizmo'
  
C:\Users\Stefan\Documents\GitHub\game-engine\src\GizmoManager.cpp(48,22): error C2039: 'SetSnapping': is not a member of 'RotationGizmo' [C:\Users\Stefan\Documents\GitHub\game-engine\build\GameEngine.vcxproj]
      C:\Users\Stefan\Documents\GitHub\game-engine\include\RotationGizmo.h(5,7):
      see declaration of 'RotationGizmo'
  
C:\Users\Stefan\Documents\GitHub\game-engine\src\GizmoManager.cpp(49,19): error C2039: 'SetSnapping': is not a member of 'ScaleGizmo' [C:\Users\Stefan\Documents\GitHub\game-engine\build\GameEngine.vcxproj]
      C:\Users\Stefan\Documents\GitHub\game-engine\include\ScaleGizmo.h(5,7):
      see declaration of 'ScaleGizmo'
  
C:\Users\Stefan\Documents\GitHub\game-engine\src\GizmoManager.cpp(102,20): error C2027: use of undefined type 'Camera' [C:\Users\Stefan\Documents\GitHub\game-engine\build\GameEngine.vcxproj]
      C:\Users\Stefan\Documents\GitHub\game-engine\include\Gizmo.h(10,7):
      see declaration of 'Camera'
  
C:\Users\Stefan\Documents\GitHub\game-engine\src\GizmoManager.cpp(103,20): error C2027: use of undefined type 'Camera' [C:\Users\Stefan\Documents\GitHub\game-engine\build\GameEngine.vcxproj]
      C:\Users\Stefan\Documents\GitHub\game-engine\include\Gizmo.h(10,7):
      see declaration of 'Camera'
  
C:\Users\Stefan\Documents\GitHub\game-engine\src\GizmoManager.cpp(114,18): error C2027: use of undefined type 'Camera' [C:\Users\Stefan\Documents\GitHub\game-engine\build\GameEngine.vcxproj]
      C:\Users\Stefan\Documents\GitHub\game-engine\include\Gizmo.h(10,7):
      see declaration of 'Camera'
  
  ScriptSystem.cpp
C:\Users\Stefan\Documents\GitHub\game-engine\build\_deps\lua-src\luaconf.h(51,9): warning C4005: 'LUA_USE_WINDOWS': macro redefinition [C:\Users\Stefan\Documents\GitHub\game-engine\build\GameEngine.vcxproj]
  (compiling source file '../src/ScriptSystem.cpp')
      C:\Users\Stefan\Documents\GitHub\game-engine\build\_deps\lua-src\luaconf.h(51,9):
      'LUA_USE_WINDOWS' previously declared on the command line
  
C:\Users\Stefan\Documents\GitHub\game-engine\src\ScriptSystem.cpp(40,36): warning C4100: 'deltaTime': unreferenced parameter [C:\Users\Stefan\Documents\GitHub\game-engine\build\GameEngine.vcxproj]
C:\Users\Stefan\Documents\GitHub\game-engine\src\ScriptSystem.cpp(57,5): error C2065: 'Vec3_ToString': undeclared identifier [C:\Users\Stefan\Documents\GitHub\game-engine\build\GameEngine.vcxproj]
C:\Users\Stefan\Documents\GitHub\game-engine\src\ScriptSystem.cpp(58,5): error C2065: 'Vec3_Index': undeclared identifier [C:\Users\Stefan\Documents\GitHub\game-engine\build\GameEngine.vcxproj]
C:\Users\Stefan\Documents\GitHub\game-engine\src\ScriptSystem.cpp(59,5): error C2065: 'Vec3_NewIndex': undeclared identifier [C:\Users\Stefan\Documents\GitHub\game-engine\build\GameEngine.vcxproj]
C:\Users\Stefan\Documents\GitHub\game-engine\src\ScriptSystem.cpp(63,5): error C2065: 'Vec3_New': undeclared identifier [C:\Users\Stefan\Documents\GitHub\game-engine\build\GameEngine.vcxproj]
  PythonScriptSystem.cpp
C:\Users\Stefan\Documents\GitHub\game-engine\include\PythonScriptSystem.h(31,23): warning C4100: 'deltaTime': unreferenced parameter [C:\Users\Stefan\Documents\GitHub\game-engine\build\GameEngine.vcxproj]
  (compiling source file '../src/PythonScriptSystem.cpp')
  
C:\Users\Stefan\Documents\GitHub\game-engine\src\PythonScriptSystem.cpp(22,47): error C2039: 'GetPosition': is not a member of 'Transform' [C:\Users\Stefan\Documents\GitHub\game-engine\build\GameEngine.vcxproj]
      C:\Users\Stefan\Documents\GitHub\game-engine\include\Transform.h(6,7):
      see declaration of 'Transform'
  
C:\Users\Stefan\Documents\GitHub\game-engine\src\PythonScriptSystem.cpp(22,47): error C2065: 'GetPosition': undeclared identifier [C:\Users\Stefan\Documents\GitHub\game-engine\build\GameEngine.vcxproj]
C:\Users\Stefan\Documents\GitHub\game-engine\src\PythonScriptSystem.cpp(22,72): error C2039: 'SetPosition': is not a member of 'Transform' [C:\Users\Stefan\Documents\GitHub\game-engine\build\GameEngine.vcxproj]
      C:\Users\Stefan\Documents\GitHub\game-engine\include\Transform.h(6,7):
      see declaration of 'Transform'
  
C:\Users\Stefan\Documents\GitHub\game-engine\src\PythonScriptSystem.cpp(22,72): error C2065: 'SetPosition': undeclared identifier [C:\Users\Stefan\Documents\GitHub\game-engine\build\GameEngine.vcxproj]
C:\Users\Stefan\Documents\GitHub\game-engine\src\PythonScriptSystem.cpp(23,47): error C2039: 'GetRotation': is not a member of 'Transform' [C:\Users\Stefan\Documents\GitHub\game-engine\build\GameEngine.vcxproj]
      C:\Users\Stefan\Documents\GitHub\game-engine\include\Transform.h(6,7):
      see declaration of 'Transform'
  
C:\Users\Stefan\Documents\GitHub\game-engine\src\PythonScriptSystem.cpp(23,47): error C2065: 'GetRotation': undeclared identifier [C:\Users\Stefan\Documents\GitHub\game-engine\build\GameEngine.vcxproj]
C:\Users\Stefan\Documents\GitHub\game-engine\src\PythonScriptSystem.cpp(23,72): error C2039: 'SetRotation': is not a member of 'Transform' [C:\Users\Stefan\Documents\GitHub\game-engine\build\GameEngine.vcxproj]
      C:\Users\Stefan\Documents\GitHub\game-engine\include\Transform.h(6,7):
      see declaration of 'Transform'
  
C:\Users\Stefan\Documents\GitHub\game-engine\src\PythonScriptSystem.cpp(23,72): error C2065: 'SetRotation': undeclared identifier [C:\Users\Stefan\Documents\GitHub\game-engine\build\GameEngine.vcxproj]
C:\Users\Stefan\Documents\GitHub\game-engine\src\PythonScriptSystem.cpp(24,44): error C2039: 'GetScale': is not a member of 'Transform' [C:\Users\Stefan\Documents\GitHub\game-engine\build\GameEngine.vcxproj]
      C:\Users\Stefan\Documents\GitHub\game-engine\include\Transform.h(6,7):
      see declaration of 'Transform'
  
C:\Users\Stefan\Documents\GitHub\game-engine\src\PythonScriptSystem.cpp(24,44): error C2065: 'GetScale': undeclared identifier [C:\Users\Stefan\Documents\GitHub\game-engine\build\GameEngine.vcxproj]
C:\Users\Stefan\Documents\GitHub\game-engine\src\PythonScriptSystem.cpp(24,66): error C2039: 'SetScale': is not a member of 'Transform' [C:\Users\Stefan\Documents\GitHub\game-engine\build\GameEngine.vcxproj]
      C:\Users\Stefan\Documents\GitHub\game-engine\include\Transform.h(6,7):
      see declaration of 'Transform'
  
C:\Users\Stefan\Documents\GitHub\game-engine\src\PythonScriptSystem.cpp(24,66): error C2065: 'SetScale': undeclared identifier [C:\Users\Stefan\Documents\GitHub\game-engine\build\GameEngine.vcxproj]
  Generating Code...
  gmock.vcxproj -> C:\Users\Stefan\Documents\GitHub\game-engine\build\lib\Release\gmock.lib
  gmock_main.vcxproj -> C:\Users\Stefan\Documents\GitHub\game-engine\build\lib\Release\gmock_main.lib
  gtest.vcxproj -> C:\Users\Stefan\Documents\GitHub\game-engine\build\lib\Release\gtest.lib
  gtest_main.vcxproj -> C:\Users\Stefan\Documents\GitHub\game-engine\build\lib\Release\gtest_main.lib
  loader_example.vcxproj -> C:\Users\Stefan\Documents\GitHub\game-engine\build\_deps\tinygltf-build\Release\loader_example.exe
  test_math.cpp
C:\Users\Stefan\Documents\GitHub\game-engine\tests\test_math.cpp(2,10): error C1083: Cannot open include file: 'Math/Matrix4.h': No such file or directory [C:\Users\Stefan\Documents\GitHub\game-engine\build\tests.vcxproj]
  test_transform.cpp
C:\Users\Stefan\Documents\GitHub\game-engine\tests\test_transform.cpp(3,10): error C1083: Cannot open include file: 'Math/Vector3.h': No such file or directory [C:\Users\Stefan\Documents\GitHub\game-engine\build\tests.vcxproj]
  test_gameobject.cpp
C:\Users\Stefan\Documents\GitHub\game-engine\tests\test_gameobject.cpp(24,5): error C2653: 'glm': is not a class or namespace name [C:\Users\Stefan\Documents\GitHub\game-engine\build\tests.vcxproj]
C:\Users\Stefan\Documents\GitHub\game-engine\tests\test_gameobject.cpp(24,10): error C2065: 'vec3': undeclared identifier [C:\Users\Stefan\Documents\GitHub\game-engine\build\tests.vcxproj]
C:\Users\Stefan\Documents\GitHub\game-engine\tests\test_gameobject.cpp(24,15): error C2146: syntax error: missing ';' before identifier 'pos' [C:\Users\Stefan\Documents\GitHub\game-engine\build\tests.vcxproj]
C:\Users\Stefan\Documents\GitHub\game-engine\tests\test_gameobject.cpp(24,15): error C3861: 'pos': identifier not found [C:\Users\Stefan\Documents\GitHub\game-engine\build\tests.vcxproj]
C:\Users\Stefan\Documents\GitHub\game-engine\tests\test_gameobject.cpp(25,25): error C2039: 'SetPosition': is not a member of 'Transform' [C:\Users\Stefan\Documents\GitHub\game-engine\build\tests.vcxproj]
      C:\Users\Stefan\Documents\GitHub\game-engine\include\Transform.h(6,7):
      see declaration of 'Transform'
  
C:\Users\Stefan\Documents\GitHub\game-engine\tests\test_gameobject.cpp(25,37): error C2065: 'pos': undeclared identifier [C:\Users\Stefan\Documents\GitHub\game-engine\build\tests.vcxproj]
C:\Users\Stefan\Documents\GitHub\game-engine\tests\test_gameobject.cpp(27,5): error C2653: 'glm': is not a class or namespace name [C:\Users\Stefan\Documents\GitHub\game-engine\build\tests.vcxproj]
C:\Users\Stefan\Documents\GitHub\game-engine\tests\test_gameobject.cpp(27,10): error C2065: 'vec3': undeclared identifier [C:\Users\Stefan\Documents\GitHub\game-engine\build\tests.vcxproj]
C:\Users\Stefan\Documents\GitHub\game-engine\tests\test_gameobject.cpp(27,15): error C2146: syntax error: missing ';' before identifier 'retrievedPos' [C:\Users\Stefan\Documents\GitHub\game-engine\build\tests.vcxproj]
C:\Users\Stefan\Documents\GitHub\game-engine\tests\test_gameobject.cpp(27,15): error C2065: 'retrievedPos': undeclared identifier [C:\Users\Stefan\Documents\GitHub\game-engine\build\tests.vcxproj]
C:\Users\Stefan\Documents\GitHub\game-engine\tests\test_gameobject.cpp(27,50): error C2039: 'GetPosition': is not a member of 'Transform' [C:\Users\Stefan\Documents\GitHub\game-engine\build\tests.vcxproj]
      C:\Users\Stefan\Documents\GitHub\game-engine\include\Transform.h(6,7):
      see declaration of 'Transform'
  
C:\Users\Stefan\Documents\GitHub\game-engine\tests\test_gameobject.cpp(28,5): error C2065: 'retrievedPos': undeclared identifier [C:\Users\Stefan\Documents\GitHub\game-engine\build\tests.vcxproj]
C:\Users\Stefan\Documents\GitHub\game-engine\tests\test_gameobject.cpp(28,5): error C2660: 'testing::internal::EqHelper::Compare': function does not take 3 arguments [C:\Users\Stefan\Documents\GitHub\game-engine\build\tests.vcxproj]
      C:\Users\Stefan\Documents\GitHub\game-engine\build\_deps\googletest-src\googletest\include\gtest\gtest.h(1407,26):
      see declaration of 'testing::internal::EqHelper::Compare'
      C:\Users\Stefan\Documents\GitHub\game-engine\build\_deps\googletest-src\googletest\include\gtest\gtest.h(1414,26):
      could be 'testing::AssertionResult testing::internal::EqHelper::Compare(const char *,const char *,std::nullptr_t,T *)'
          C:\Users\Stefan\Documents\GitHub\game-engine\tests\test_gameobject.cpp(28,5):
          'testing::AssertionResult testing::internal::EqHelper::Compare(const char *,const char *,std::nullptr_t,T *)': expects 4 arguments - 3 provided
      C:\Users\Stefan\Documents\GitHub\game-engine\build\_deps\googletest-src\googletest\include\gtest\gtest.h(1395,26):
      or       'testing::AssertionResult testing::internal::EqHelper::Compare(const char *,const char *,const T1 &,const T2 &)'
          C:\Users\Stefan\Documents\GitHub\game-engine\tests\test_gameobject.cpp(28,5):
          'testing::AssertionResult testing::internal::EqHelper::Compare(const char *,const char *,const T1 &,const T2 &)': expects 4 arguments - 3 provided
      C:\Users\Stefan\Documents\GitHub\game-engine\tests\test_gameobject.cpp(28,5):
      while trying to match the argument list '(const char [15], const char [5], float)'
  
C:\Users\Stefan\Documents\GitHub\game-engine\tests\test_gameobject.cpp(29,5): error C2065: 'retrievedPos': undeclared identifier [C:\Users\Stefan\Documents\GitHub\game-engine\build\tests.vcxproj]
C:\Users\Stefan\Documents\GitHub\game-engine\tests\test_gameobject.cpp(29,5): error C2660: 'testing::internal::EqHelper::Compare': function does not take 3 arguments [C:\Users\Stefan\Documents\GitHub\game-engine\build\tests.vcxproj]
      C:\Users\Stefan\Documents\GitHub\game-engine\build\_deps\googletest-src\googletest\include\gtest\gtest.h(1407,26):
      see declaration of 'testing::internal::EqHelper::Compare'
      C:\Users\Stefan\Documents\GitHub\game-engine\build\_deps\googletest-src\googletest\include\gtest\gtest.h(1414,26):
      could be 'testing::AssertionResult testing::internal::EqHelper::Compare(const char *,const char *,std::nullptr_t,T *)'
          C:\Users\Stefan\Documents\GitHub\game-engine\tests\test_gameobject.cpp(29,5):
          'testing::AssertionResult testing::internal::EqHelper::Compare(const char *,const char *,std::nullptr_t,T *)': expects 4 arguments - 3 provided
      C:\Users\Stefan\Documents\GitHub\game-engine\build\_deps\googletest-src\googletest\include\gtest\gtest.h(1395,26):
      or       'testing::AssertionResult testing::internal::EqHelper::Compare(const char *,const char *,const T1 &,const T2 &)'
          C:\Users\Stefan\Documents\GitHub\game-engine\tests\test_gameobject.cpp(29,5):
          'testing::AssertionResult testing::internal::EqHelper::Compare(const char *,const char *,const T1 &,const T2 &)': expects 4 arguments - 3 provided
      C:\Users\Stefan\Documents\GitHub\game-engine\tests\test_gameobject.cpp(29,5):
      while trying to match the argument list '(const char [15], const char [6], float)'
  
C:\Users\Stefan\Documents\GitHub\game-engine\tests\test_gameobject.cpp(30,5): error C2065: 'retrievedPos': undeclared identifier [C:\Users\Stefan\Documents\GitHub\game-engine\build\tests.vcxproj]
C:\Users\Stefan\Documents\GitHub\game-engine\tests\test_gameobject.cpp(30,5): error C2660: 'testing::internal::EqHelper::Compare': function does not take 3 arguments [C:\Users\Stefan\Documents\GitHub\game-engine\build\tests.vcxproj]
      C:\Users\Stefan\Documents\GitHub\game-engine\build\_deps\googletest-src\googletest\include\gtest\gtest.h(1407,26):
      see declaration of 'testing::internal::EqHelper::Compare'
      C:\Users\Stefan\Documents\GitHub\game-engine\build\_deps\googletest-src\googletest\include\gtest\gtest.h(1414,26):
      could be 'testing::AssertionResult testing::internal::EqHelper::Compare(const char *,const char *,std::nullptr_t,T *)'
          C:\Users\Stefan\Documents\GitHub\game-engine\tests\test_gameobject.cpp(30,5):
          'testing::AssertionResult testing::internal::EqHelper::Compare(const char *,const char *,std::nullptr_t,T *)': expects 4 arguments - 3 provided
      C:\Users\Stefan\Documents\GitHub\game-engine\build\_deps\googletest-src\googletest\include\gtest\gtest.h(1395,26):
      or       'testing::AssertionResult testing::internal::EqHelper::Compare(const char *,const char *,const T1 &,const T2 &)'
          C:\Users\Stefan\Documents\GitHub\game-engine\tests\test_gameobject.cpp(30,5):
          'testing::AssertionResult testing::internal::EqHelper::Compare(const char *,const char *,const T1 &,const T2 &)': expects 4 arguments - 3 provided
      C:\Users\Stefan\Documents\GitHub\game-engine\tests\test_gameobject.cpp(30,5):
      while trying to match the argument list '(const char [15], const char [6], float)'
  
C:\Users\Stefan\Documents\GitHub\game-engine\tests\test_gameobject.cpp(35,5): error C2653: 'glm': is not a class or namespace name [C:\Users\Stefan\Documents\GitHub\game-engine\build\tests.vcxproj]
C:\Users\Stefan\Documents\GitHub\game-engine\tests\test_gameobject.cpp(35,10): error C2065: 'vec3': undeclared identifier [C:\Users\Stefan\Documents\GitHub\game-engine\build\tests.vcxproj]
C:\Users\Stefan\Documents\GitHub\game-engine\tests\test_gameobject.cpp(35,15): error C2146: syntax error: missing ';' before identifier 'scale' [C:\Users\Stefan\Documents\GitHub\game-engine\build\tests.vcxproj]
C:\Users\Stefan\Documents\GitHub\game-engine\tests\test_gameobject.cpp(35,15): error C3861: 'scale': identifier not found [C:\Users\Stefan\Documents\GitHub\game-engine\build\tests.vcxproj]
C:\Users\Stefan\Documents\GitHub\game-engine\tests\test_gameobject.cpp(36,25): error C2039: 'SetScale': is not a member of 'Transform' [C:\Users\Stefan\Documents\GitHub\game-engine\build\tests.vcxproj]
      C:\Users\Stefan\Documents\GitHub\game-engine\include\Transform.h(6,7):
      see declaration of 'Transform'
  
C:\Users\Stefan\Documents\GitHub\game-engine\tests\test_gameobject.cpp(36,34): error C2065: 'scale': undeclared identifier [C:\Users\Stefan\Documents\GitHub\game-engine\build\tests.vcxproj]
C:\Users\Stefan\Documents\GitHub\game-engine\tests\test_gameobject.cpp(38,5): error C2653: 'glm': is not a class or namespace name [C:\Users\Stefan\Documents\GitHub\game-engine\build\tests.vcxproj]
C:\Users\Stefan\Documents\GitHub\game-engine\tests\test_gameobject.cpp(38,10): error C2065: 'vec3': undeclared identifier [C:\Users\Stefan\Documents\GitHub\game-engine\build\tests.vcxproj]
C:\Users\Stefan\Documents\GitHub\game-engine\tests\test_gameobject.cpp(38,15): error C2146: syntax error: missing ';' before identifier 'retrievedScale' [C:\Users\Stefan\Documents\GitHub\game-engine\build\tests.vcxproj]
C:\Users\Stefan\Documents\GitHub\game-engine\tests\test_gameobject.cpp(38,15): error C2065: 'retrievedScale': undeclared identifier [C:\Users\Stefan\Documents\GitHub\game-engine\build\tests.vcxproj]
C:\Users\Stefan\Documents\GitHub\game-engine\tests\test_gameobject.cpp(38,52): error C2039: 'GetScale': is not a member of 'Transform' [C:\Users\Stefan\Documents\GitHub\game-engine\build\tests.vcxproj]
      C:\Users\Stefan\Documents\GitHub\game-engine\include\Transform.h(6,7):
      see declaration of 'Transform'
  
C:\Users\Stefan\Documents\GitHub\game-engine\tests\test_gameobject.cpp(39,5): error C2065: 'retrievedScale': undeclared identifier [C:\Users\Stefan\Documents\GitHub\game-engine\build\tests.vcxproj]
C:\Users\Stefan\Documents\GitHub\game-engine\tests\test_gameobject.cpp(39,5): error C2660: 'testing::internal::EqHelper::Compare': function does not take 3 arguments [C:\Users\Stefan\Documents\GitHub\game-engine\build\tests.vcxproj]
      C:\Users\Stefan\Documents\GitHub\game-engine\build\_deps\googletest-src\googletest\include\gtest\gtest.h(1407,26):
      see declaration of 'testing::internal::EqHelper::Compare'
      C:\Users\Stefan\Documents\GitHub\game-engine\build\_deps\googletest-src\googletest\include\gtest\gtest.h(1414,26):
      could be 'testing::AssertionResult testing::internal::EqHelper::Compare(const char *,const char *,std::nullptr_t,T *)'
          C:\Users\Stefan\Documents\GitHub\game-engine\tests\test_gameobject.cpp(39,5):
          'testing::AssertionResult testing::internal::EqHelper::Compare(const char *,const char *,std::nullptr_t,T *)': expects 4 arguments - 3 provided
      C:\Users\Stefan\Documents\GitHub\game-engine\build\_deps\googletest-src\googletest\include\gtest\gtest.h(1395,26):
      or       'testing::AssertionResult testing::internal::EqHelper::Compare(const char *,const char *,const T1 &,const T2 &)'
          C:\Users\Stefan\Documents\GitHub\game-engine\tests\test_gameobject.cpp(39,5):
          'testing::AssertionResult testing::internal::EqHelper::Compare(const char *,const char *,const T1 &,const T2 &)': expects 4 arguments - 3 provided
      C:\Users\Stefan\Documents\GitHub\game-engine\tests\test_gameobject.cpp(39,5):
      while trying to match the argument list '(const char [17], const char [5], float)'
  
C:\Users\Stefan\Documents\GitHub\game-engine\tests\test_gameobject.cpp(40,5): error C2065: 'retrievedScale': undeclared identifier [C:\Users\Stefan\Documents\GitHub\game-engine\build\tests.vcxproj]
C:\Users\Stefan\Documents\GitHub\game-engine\tests\test_gameobject.cpp(40,5): error C2660: 'testing::internal::EqHelper::Compare': function does not take 3 arguments [C:\Users\Stefan\Documents\GitHub\game-engine\build\tests.vcxproj]
      C:\Users\Stefan\Documents\GitHub\game-engine\build\_deps\googletest-src\googletest\include\gtest\gtest.h(1407,26):
      see declaration of 'testing::internal::EqHelper::Compare'
      C:\Users\Stefan\Documents\GitHub\game-engine\build\_deps\googletest-src\googletest\include\gtest\gtest.h(1414,26):
      could be 'testing::AssertionResult testing::internal::EqHelper::Compare(const char *,const char *,std::nullptr_t,T *)'
          C:\Users\Stefan\Documents\GitHub\game-engine\tests\test_gameobject.cpp(40,5):
          'testing::AssertionResult testing::internal::EqHelper::Compare(const char *,const char *,std::nullptr_t,T *)': expects 4 arguments - 3 provided
      C:\Users\Stefan\Documents\GitHub\game-engine\build\_deps\googletest-src\googletest\include\gtest\gtest.h(1395,26):
      or       'testing::AssertionResult testing::internal::EqHelper::Compare(const char *,const char *,const T1 &,const T2 &)'
          C:\Users\Stefan\Documents\GitHub\game-engine\tests\test_gameobject.cpp(40,5):
          'testing::AssertionResult testing::internal::EqHelper::Compare(const char *,const char *,const T1 &,const T2 &)': expects 4 arguments - 3 provided
      C:\Users\Stefan\Documents\GitHub\game-engine\tests\test_gameobject.cpp(40,5):
      while trying to match the argument list '(const char [17], const char [5], float)'
  
C:\Users\Stefan\Documents\GitHub\game-engine\tests\test_gameobject.cpp(41,5): error C2065: 'retrievedScale': undeclared identifier [C:\Users\Stefan\Documents\GitHub\game-engine\build\tests.vcxproj]
C:\Users\Stefan\Documents\GitHub\game-engine\tests\test_gameobject.cpp(41,5): error C2660: 'testing::internal::EqHelper::Compare': function does not take 3 arguments [C:\Users\Stefan\Documents\GitHub\game-engine\build\tests.vcxproj]
      C:\Users\Stefan\Documents\GitHub\game-engine\build\_deps\googletest-src\googletest\include\gtest\gtest.h(1407,26):
      see declaration of 'testing::internal::EqHelper::Compare'
      C:\Users\Stefan\Documents\GitHub\game-engine\build\_deps\googletest-src\googletest\include\gtest\gtest.h(1414,26):
      could be 'testing::AssertionResult testing::internal::EqHelper::Compare(const char *,const char *,std::nullptr_t,T *)'
          C:\Users\Stefan\Documents\GitHub\game-engine\tests\test_gameobject.cpp(41,5):
          'testing::AssertionResult testing::internal::EqHelper::Compare(const char *,const char *,std::nullptr_t,T *)': expects 4 arguments - 3 provided
      C:\Users\Stefan\Documents\GitHub\game-engine\build\_deps\googletest-src\googletest\include\gtest\gtest.h(1395,26):
      or       'testing::AssertionResult testing::internal::EqHelper::Compare(const char *,const char *,const T1 &,const T2 &)'
          C:\Users\Stefan\Documents\GitHub\game-engine\tests\test_gameobject.cpp(41,5):
          'testing::AssertionResult testing::internal::EqHelper::Compare(const char *,const char *,const T1 &,const T2 &)': expects 4 arguments - 3 provided
      C:\Users\Stefan\Documents\GitHub\game-engine\tests\test_gameobject.cpp(41,5):
      while trying to match the argument list '(const char [17], const char [5], float)'
  
C:\Users\Stefan\Documents\GitHub\game-engine\tests\test_gameobject.cpp(46,5): error C2039: 'IsActive': is not a member of 'GameObject' [C:\Users\Stefan\Documents\GitHub\game-engine\build\tests.vcxproj]
      C:\Users\Stefan\Documents\GitHub\game-engine\include\GameObject.h(21,7):
      see declaration of 'GameObject'
  
C:\Users\Stefan\Documents\GitHub\game-engine\tests\test_gameobject.cpp(46,5): error C2512: 'testing::AssertionResult': no appropriate default constructor available [C:\Users\Stefan\Documents\GitHub\game-engine\build\tests.vcxproj]
      C:\Users\Stefan\Documents\GitHub\game-engine\tests\test_gameobject.cpp(46,5):
      'testing::AssertionResult::AssertionResult': no appropriate default constructor available
          C:\Users\Stefan\Documents\GitHub\game-engine\build\_deps\googletest-src\googletest\include\gtest\gtest-assertion-result.h(155,3):
          could be 'testing::AssertionResult::AssertionResult(const T &,std::enable_if<!std::is_convertible<T,testing::AssertionResult>::value,void>::type *)'
          C:\Users\Stefan\Documents\GitHub\game-engine\tests\test_gameobject.cpp(46,5):
          while trying to match the argument list '()'
  
C:\Users\Stefan\Documents\GitHub\game-engine\tests\test_gameobject.cpp(46,5): error C2737: 'gtest_ar_': const object must be initialized [C:\Users\Stefan\Documents\GitHub\game-engine\build\tests.vcxproj]
C:\Users\Stefan\Documents\GitHub\game-engine\tests\test_gameobject.cpp(48,10): error C2039: 'SetActive': is not a member of 'GameObject' [C:\Users\Stefan\Documents\GitHub\game-engine\build\tests.vcxproj]
      C:\Users\Stefan\Documents\GitHub\game-engine\include\GameObject.h(21,7):
      see declaration of 'GameObject'
  
C:\Users\Stefan\Documents\GitHub\game-engine\tests\test_gameobject.cpp(49,5): error C2039: 'IsActive': is not a member of 'GameObject' [C:\Users\Stefan\Documents\GitHub\game-engine\build\tests.vcxproj]
      C:\Users\Stefan\Documents\GitHub\game-engine\include\GameObject.h(21,7):
      see declaration of 'GameObject'
  
C:\Users\Stefan\Documents\GitHub\game-engine\tests\test_gameobject.cpp(49,5): error C2512: 'testing::AssertionResult': no appropriate default constructor available [C:\Users\Stefan\Documents\GitHub\game-engine\build\tests.vcxproj]
      C:\Users\Stefan\Documents\GitHub\game-engine\tests\test_gameobject.cpp(49,5):
      'testing::AssertionResult::AssertionResult': no appropriate default constructor available
          C:\Users\Stefan\Documents\GitHub\game-engine\build\_deps\googletest-src\googletest\include\gtest\gtest-assertion-result.h(155,3):
          could be 'testing::AssertionResult::AssertionResult(const T &,std::enable_if<!std::is_convertible<T,testing::AssertionResult>::value,void>::type *)'
          C:\Users\Stefan\Documents\GitHub\game-engine\tests\test_gameobject.cpp(49,5):
          while trying to match the argument list '()'
  
C:\Users\Stefan\Documents\GitHub\game-engine\tests\test_gameobject.cpp(49,5): error C2737: 'gtest_ar_': const object must be initialized [C:\Users\Stefan\Documents\GitHub\game-engine\build\tests.vcxproj]
C:\Users\Stefan\Documents\GitHub\game-engine\tests\test_gameobject.cpp(51,10): error C2039: 'SetActive': is not a member of 'GameObject' [C:\Users\Stefan\Documents\GitHub\game-engine\build\tests.vcxproj]
      C:\Users\Stefan\Documents\GitHub\game-engine\include\GameObject.h(21,7):
      see declaration of 'GameObject'
  
C:\Users\Stefan\Documents\GitHub\game-engine\tests\test_gameobject.cpp(52,5): error C2039: 'IsActive': is not a member of 'GameObject' [C:\Users\Stefan\Documents\GitHub\game-engine\build\tests.vcxproj]
      C:\Users\Stefan\Documents\GitHub\game-engine\include\GameObject.h(21,7):
      see declaration of 'GameObject'
  
C:\Users\Stefan\Documents\GitHub\game-engine\tests\test_gameobject.cpp(52,5): error C2512: 'testing::AssertionResult': no appropriate default constructor available [C:\Users\Stefan\Documents\GitHub\game-engine\build\tests.vcxproj]
      C:\Users\Stefan\Documents\GitHub\game-engine\tests\test_gameobject.cpp(52,5):
      'testing::AssertionResult::AssertionResult': no appropriate default constructor available
          C:\Users\Stefan\Documents\GitHub\game-engine\build\_deps\googletest-src\googletest\include\gtest\gtest-assertion-result.h(155,3):
          could be 'testing::AssertionResult::AssertionResult(const T &,std::enable_if<!std::is_convertible<T,testing::AssertionResult>::value,void>::type *)'
          C:\Users\Stefan\Documents\GitHub\game-engine\tests\test_gameobject.cpp(52,5):
          while trying to match the argument list '()'
  
C:\Users\Stefan\Documents\GitHub\game-engine\tests\test_gameobject.cpp(52,5): error C2737: 'gtest_ar_': const object must be initialized [C:\Users\Stefan\Documents\GitHub\game-engine\build\tests.vcxproj]
C:\Users\Stefan\Documents\GitHub\game-engine\tests\test_gameobject.cpp(78,25): error C2039: 'SetPosition': is not a member of 'Transform' [C:\Users\Stefan\Documents\GitHub\game-engine\build\tests.vcxproj]
      C:\Users\Stefan\Documents\GitHub\game-engine\include\Transform.h(6,7):
      see declaration of 'Transform'
  
C:\Users\Stefan\Documents\GitHub\game-engine\tests\test_gameobject.cpp(78,37): error C2653: 'glm': is not a class or namespace name [C:\Users\Stefan\Documents\GitHub\game-engine\build\tests.vcxproj]
C:\Users\Stefan\Documents\GitHub\game-engine\tests\test_gameobject.cpp(78,42): error C3861: 'vec3': identifier not found [C:\Users\Stefan\Documents\GitHub\game-engine\build\tests.vcxproj]
C:\Users\Stefan\Documents\GitHub\game-engine\tests\test_gameobject.cpp(79,5): error C2039: 'GetPosition': is not a member of 'Transform' [C:\Users\Stefan\Documents\GitHub\game-engine\build\tests.vcxproj]
      C:\Users\Stefan\Documents\GitHub\game-engine\include\Transform.h(6,7):
      see declaration of 'Transform'
  
C:\Users\Stefan\Documents\GitHub\game-engine\tests\test_gameobject.cpp(79,5): error C2660: 'testing::internal::EqHelper::Compare': function does not take 3 arguments [C:\Users\Stefan\Documents\GitHub\game-engine\build\tests.vcxproj]
      C:\Users\Stefan\Documents\GitHub\game-engine\build\_deps\googletest-src\googletest\include\gtest\gtest.h(1407,26):
      see declaration of 'testing::internal::EqHelper::Compare'
      C:\Users\Stefan\Documents\GitHub\game-engine\build\_deps\googletest-src\googletest\include\gtest\gtest.h(1414,26):
      could be 'testing::AssertionResult testing::internal::EqHelper::Compare(const char *,const char *,std::nullptr_t,T *)'
          C:\Users\Stefan\Documents\GitHub\game-engine\tests\test_gameobject.cpp(79,5):
          'testing::AssertionResult testing::internal::EqHelper::Compare(const char *,const char *,std::nullptr_t,T *)': expects 4 arguments - 3 provided
      C:\Users\Stefan\Documents\GitHub\game-engine\build\_deps\googletest-src\googletest\include\gtest\gtest.h(1395,26):
      or       'testing::AssertionResult testing::internal::EqHelper::Compare(const char *,const char *,const T1 &,const T2 &)'
          C:\Users\Stefan\Documents\GitHub\game-engine\tests\test_gameobject.cpp(79,5):
          'testing::AssertionResult testing::internal::EqHelper::Compare(const char *,const char *,const T1 &,const T2 &)': expects 4 arguments - 3 provided
      C:\Users\Stefan\Documents\GitHub\game-engine\tests\test_gameobject.cpp(79,5):
      while trying to match the argument list '(const char [36], const char [5], float)'
  
C:\Users\Stefan\Documents\GitHub\game-engine\tests\test_gameobject.cpp(81,25): error C2039: 'SetPosition': is not a member of 'Transform' [C:\Users\Stefan\Documents\GitHub\game-engine\build\tests.vcxproj]
      C:\Users\Stefan\Documents\GitHub\game-engine\include\Transform.h(6,7):
      see declaration of 'Transform'
  
C:\Users\Stefan\Documents\GitHub\game-engine\tests\test_gameobject.cpp(81,37): error C2653: 'glm': is not a class or namespace name [C:\Users\Stefan\Documents\GitHub\game-engine\build\tests.vcxproj]
C:\Users\Stefan\Documents\GitHub\game-engine\tests\test_gameobject.cpp(81,42): error C3861: 'vec3': identifier not found [C:\Users\Stefan\Documents\GitHub\game-engine\build\tests.vcxproj]
C:\Users\Stefan\Documents\GitHub\game-engine\tests\test_gameobject.cpp(82,5): error C2039: 'GetPosition': is not a member of 'Transform' [C:\Users\Stefan\Documents\GitHub\game-engine\build\tests.vcxproj]
      C:\Users\Stefan\Documents\GitHub\game-engine\include\Transform.h(6,7):
      see declaration of 'Transform'
  
C:\Users\Stefan\Documents\GitHub\game-engine\tests\test_gameobject.cpp(82,5): error C2660: 'testing::internal::EqHelper::Compare': function does not take 3 arguments [C:\Users\Stefan\Documents\GitHub\game-engine\build\tests.vcxproj]
      C:\Users\Stefan\Documents\GitHub\game-engine\build\_deps\googletest-src\googletest\include\gtest\gtest.h(1407,26):
      see declaration of 'testing::internal::EqHelper::Compare'
      C:\Users\Stefan\Documents\GitHub\game-engine\build\_deps\googletest-src\googletest\include\gtest\gtest.h(1414,26):
      could be 'testing::AssertionResult testing::internal::EqHelper::Compare(const char *,const char *,std::nullptr_t,T *)'
          C:\Users\Stefan\Documents\GitHub\game-engine\tests\test_gameobject.cpp(82,5):
          'testing::AssertionResult testing::internal::EqHelper::Compare(const char *,const char *,std::nullptr_t,T *)': expects 4 arguments - 3 provided
      C:\Users\Stefan\Documents\GitHub\game-engine\build\_deps\googletest-src\googletest\include\gtest\gtest.h(1395,26):
      or       'testing::AssertionResult testing::internal::EqHelper::Compare(const char *,const char *,const T1 &,const T2 &)'
          C:\Users\Stefan\Documents\GitHub\game-engine\tests\test_gameobject.cpp(82,5):
          'testing::AssertionResult testing::internal::EqHelper::Compare(const char *,const char *,const T1 &,const T2 &)': expects 4 arguments - 3 provided
      C:\Users\Stefan\Documents\GitHub\game-engine\tests\test_gameobject.cpp(82,5):
      while trying to match the argument list '(const char [36], const char [5], float)'
  
C:\Users\Stefan\Documents\GitHub\game-engine\tests\test_gameobject.cpp(87,5): error C2653: 'glm': is not a class or namespace name [C:\Users\Stefan\Documents\GitHub\game-engine\build\tests.vcxproj]
C:\Users\Stefan\Documents\GitHub\game-engine\tests\test_gameobject.cpp(87,10): error C2065: 'quat': undeclared identifier [C:\Users\Stefan\Documents\GitHub\game-engine\build\tests.vcxproj]
C:\Users\Stefan\Documents\GitHub\game-engine\tests\test_gameobject.cpp(87,15): error C2146: syntax error: missing ';' before identifier 'rotation' [C:\Users\Stefan\Documents\GitHub\game-engine\build\tests.vcxproj]
C:\Users\Stefan\Documents\GitHub\game-engine\tests\test_gameobject.cpp(87,15): error C2065: 'rotation': undeclared identifier [C:\Users\Stefan\Documents\GitHub\game-engine\build\tests.vcxproj]
C:\Users\Stefan\Documents\GitHub\game-engine\tests\test_gameobject.cpp(87,26): error C2653: 'glm': is not a class or namespace name [C:\Users\Stefan\Documents\GitHub\game-engine\build\tests.vcxproj]
C:\Users\Stefan\Documents\GitHub\game-engine\tests\test_gameobject.cpp(87,41): error C2653: 'glm': is not a class or namespace name [C:\Users\Stefan\Documents\GitHub\game-engine\build\tests.vcxproj]
C:\Users\Stefan\Documents\GitHub\game-engine\tests\test_gameobject.cpp(87,46): error C3861: 'radians': identifier not found [C:\Users\Stefan\Documents\GitHub\game-engine\build\tests.vcxproj]
C:\Users\Stefan\Documents\GitHub\game-engine\tests\test_gameobject.cpp(87,62): error C2653: 'glm': is not a class or namespace name [C:\Users\Stefan\Documents\GitHub\game-engine\build\tests.vcxproj]
C:\Users\Stefan\Documents\GitHub\game-engine\tests\test_gameobject.cpp(87,67): error C3861: 'vec3': identifier not found [C:\Users\Stefan\Documents\GitHub\game-engine\build\tests.vcxproj]
C:\Users\Stefan\Documents\GitHub\game-engine\tests\test_gameobject.cpp(87,31): error C3861: 'angleAxis': identifier not found [C:\Users\Stefan\Documents\GitHub\game-engine\build\tests.vcxproj]
C:\Users\Stefan\Documents\GitHub\game-engine\tests\test_gameobject.cpp(88,25): error C2039: 'SetRotation': is not a member of 'Transform' [C:\Users\Stefan\Documents\GitHub\game-engine\build\tests.vcxproj]
      C:\Users\Stefan\Documents\GitHub\game-engine\include\Transform.h(6,7):
      see declaration of 'Transform'
  
C:\Users\Stefan\Documents\GitHub\game-engine\tests\test_gameobject.cpp(88,37): error C2065: 'rotation': undeclared identifier [C:\Users\Stefan\Documents\GitHub\game-engine\build\tests.vcxproj]
C:\Users\Stefan\Documents\GitHub\game-engine\tests\test_gameobject.cpp(90,5): error C2653: 'glm': is not a class or namespace name [C:\Users\Stefan\Documents\GitHub\game-engine\build\tests.vcxproj]
C:\Users\Stefan\Documents\GitHub\game-engine\tests\test_gameobject.cpp(90,10): error C2065: 'quat': undeclared identifier [C:\Users\Stefan\Documents\GitHub\game-engine\build\tests.vcxproj]
C:\Users\Stefan\Documents\GitHub\game-engine\tests\test_gameobject.cpp(90,15): error C2146: syntax error: missing ';' before identifier 'retrievedRotation' [C:\Users\Stefan\Documents\GitHub\game-engine\build\tests.vcxproj]
C:\Users\Stefan\Documents\GitHub\game-engine\tests\test_gameobject.cpp(90,15): error C2065: 'retrievedRotation': undeclared identifier [C:\Users\Stefan\Documents\GitHub\game-engine\build\tests.vcxproj]
C:\Users\Stefan\Documents\GitHub\game-engine\tests\test_gameobject.cpp(90,55): error C2039: 'GetRotation': is not a member of 'Transform' [C:\Users\Stefan\Documents\GitHub\game-engine\build\tests.vcxproj]
      C:\Users\Stefan\Documents\GitHub\game-engine\include\Transform.h(6,7):
      see declaration of 'Transform'
  
C:\Users\Stefan\Documents\GitHub\game-engine\tests\test_gameobject.cpp(91,5): error C2653: 'glm': is not a class or namespace name [C:\Users\Stefan\Documents\GitHub\game-engine\build\tests.vcxproj]
C:\Users\Stefan\Documents\GitHub\game-engine\tests\test_gameobject.cpp(91,5): error C2065: 'retrievedRotation': undeclared identifier [C:\Users\Stefan\Documents\GitHub\game-engine\build\tests.vcxproj]
C:\Users\Stefan\Documents\GitHub\game-engine\tests\test_gameobject.cpp(91,5): error C3861: 'length': identifier not found [C:\Users\Stefan\Documents\GitHub\game-engine\build\tests.vcxproj]
C:\Users\Stefan\Documents\GitHub\game-engine\tests\test_gameobject.cpp(97,25): error C2039: 'SetScale': is not a member of 'Transform' [C:\Users\Stefan\Documents\GitHub\game-engine\build\tests.vcxproj]
      C:\Users\Stefan\Documents\GitHub\game-engine\include\Transform.h(6,7):
      see declaration of 'Transform'
  
C:\Users\Stefan\Documents\GitHub\game-engine\tests\test_gameobject.cpp(97,34): error C2653: 'glm': is not a class or namespace name [C:\Users\Stefan\Documents\GitHub\game-engine\build\tests.vcxproj]
C:\Users\Stefan\Documents\GitHub\game-engine\tests\test_gameobject.cpp(97,39): error C3861: 'vec3': identifier not found [C:\Users\Stefan\Documents\GitHub\game-engine\build\tests.vcxproj]
C:\Users\Stefan\Documents\GitHub\game-engine\tests\test_gameobject.cpp(98,5): error C2653: 'glm': is not a class or namespace name [C:\Users\Stefan\Documents\GitHub\game-engine\build\tests.vcxproj]
C:\Users\Stefan\Documents\GitHub\game-engine\tests\test_gameobject.cpp(98,10): error C2065: 'vec3': undeclared identifier [C:\Users\Stefan\Documents\GitHub\game-engine\build\tests.vcxproj]
C:\Users\Stefan\Documents\GitHub\game-engine\tests\test_gameobject.cpp(98,15): error C2146: syntax error: missing ';' before identifier 'scale1' [C:\Users\Stefan\Documents\GitHub\game-engine\build\tests.vcxproj]
C:\Users\Stefan\Documents\GitHub\game-engine\tests\test_gameobject.cpp(98,15): error C2065: 'scale1': undeclared identifier [C:\Users\Stefan\Documents\GitHub\game-engine\build\tests.vcxproj]
C:\Users\Stefan\Documents\GitHub\game-engine\tests\test_gameobject.cpp(98,44): error C2039: 'GetScale': is not a member of 'Transform' [C:\Users\Stefan\Documents\GitHub\game-engine\build\tests.vcxproj]
      C:\Users\Stefan\Documents\GitHub\game-engine\include\Transform.h(6,7):
      see declaration of 'Transform'
  
C:\Users\Stefan\Documents\GitHub\game-engine\tests\test_gameobject.cpp(99,5): error C2065: 'scale1': undeclared identifier [C:\Users\Stefan\Documents\GitHub\game-engine\build\tests.vcxproj]
C:\Users\Stefan\Documents\GitHub\game-engine\tests\test_gameobject.cpp(99,5): error C2660: 'testing::internal::EqHelper::Compare': function does not take 3 arguments [C:\Users\Stefan\Documents\GitHub\game-engine\build\tests.vcxproj]
      C:\Users\Stefan\Documents\GitHub\game-engine\build\_deps\googletest-src\googletest\include\gtest\gtest.h(1407,26):
      see declaration of 'testing::internal::EqHelper::Compare'
      C:\Users\Stefan\Documents\GitHub\game-engine\build\_deps\googletest-src\googletest\include\gtest\gtest.h(1414,26):
      could be 'testing::AssertionResult testing::internal::EqHelper::Compare(const char *,const char *,std::nullptr_t,T *)'
          C:\Users\Stefan\Documents\GitHub\game-engine\tests\test_gameobject.cpp(99,5):
          'testing::AssertionResult testing::internal::EqHelper::Compare(const char *,const char *,std::nullptr_t,T *)': expects 4 arguments - 3 provided
      C:\Users\Stefan\Documents\GitHub\game-engine\build\_deps\googletest-src\googletest\include\gtest\gtest.h(1395,26):
      or       'testing::AssertionResult testing::internal::EqHelper::Compare(const char *,const char *,const T1 &,const T2 &)'
          C:\Users\Stefan\Documents\GitHub\game-engine\tests\test_gameobject.cpp(99,5):
          'testing::AssertionResult testing::internal::EqHelper::Compare(const char *,const char *,const T1 &,const T2 &)': expects 4 arguments - 3 provided
      C:\Users\Stefan\Documents\GitHub\game-engine\tests\test_gameobject.cpp(99,5):
      while trying to match the argument list '(const char [9], const char [5], float)'
  
C:\Users\Stefan\Documents\GitHub\game-engine\tests\test_gameobject.cpp(101,25): error C2039: 'SetScale': is not a member of 'Transform' [C:\Users\Stefan\Documents\GitHub\game-engine\build\tests.vcxproj]
      C:\Users\Stefan\Documents\GitHub\game-engine\include\Transform.h(6,7):
      see declaration of 'Transform'
  
C:\Users\Stefan\Documents\GitHub\game-engine\tests\test_gameobject.cpp(101,34): error C2653: 'glm': is not a class or namespace name [C:\Users\Stefan\Documents\GitHub\game-engine\build\tests.vcxproj]
C:\Users\Stefan\Documents\GitHub\game-engine\tests\test_gameobject.cpp(101,39): error C3861: 'vec3': identifier not found [C:\Users\Stefan\Documents\GitHub\game-engine\build\tests.vcxproj]
C:\Users\Stefan\Documents\GitHub\game-engine\tests\test_gameobject.cpp(102,5): error C2653: 'glm': is not a class or namespace name [C:\Users\Stefan\Documents\GitHub\game-engine\build\tests.vcxproj]
C:\Users\Stefan\Documents\GitHub\game-engine\tests\test_gameobject.cpp(102,10): error C2065: 'vec3': undeclared identifier [C:\Users\Stefan\Documents\GitHub\game-engine\build\tests.vcxproj]
C:\Users\Stefan\Documents\GitHub\game-engine\tests\test_gameobject.cpp(102,15): error C2146: syntax error: missing ';' before identifier 'scale2' [C:\Users\Stefan\Documents\GitHub\game-engine\build\tests.vcxproj]
C:\Users\Stefan\Documents\GitHub\game-engine\tests\test_gameobject.cpp(102,15): error C2065: 'scale2': undeclared identifier [C:\Users\Stefan\Documents\GitHub\game-engine\build\tests.vcxproj]
C:\Users\Stefan\Documents\GitHub\game-engine\tests\test_gameobject.cpp(102,44): error C2039: 'GetScale': is not a member of 'Transform' [C:\Users\Stefan\Documents\GitHub\game-engine\build\tests.vcxproj]
      C:\Users\Stefan\Documents\GitHub\game-engine\include\Transform.h(6,7):
      see declaration of 'Transform'
  
C:\Users\Stefan\Documents\GitHub\game-engine\tests\test_gameobject.cpp(103,5): error C2065: 'scale2': undeclared identifier [C:\Users\Stefan\Documents\GitHub\game-engine\build\tests.vcxproj]
C:\Users\Stefan\Documents\GitHub\game-engine\tests\test_gameobject.cpp(103,5): error C2660: 'testing::internal::EqHelper::Compare': function does not take 3 arguments [C:\Users\Stefan\Documents\GitHub\game-engine\build\tests.vcxproj]
      C:\Users\Stefan\Documents\GitHub\game-engine\build\_deps\googletest-src\googletest\include\gtest\gtest.h(1407,26):
      see declaration of 'testing::internal::EqHelper::Compare'
      C:\Users\Stefan\Documents\GitHub\game-engine\build\_deps\googletest-src\googletest\include\gtest\gtest.h(1414,26):
      could be 'testing::AssertionResult testing::internal::EqHelper::Compare(const char *,const char *,std::nullptr_t,T *)'
          C:\Users\Stefan\Documents\GitHub\game-engine\tests\test_gameobject.cpp(103,5):
          'testing::AssertionResult testing::internal::EqHelper::Compare(const char *,const char *,std::nullptr_t,T *)': expects 4 arguments - 3 provided
      C:\Users\Stefan\Documents\GitHub\game-engine\build\_deps\googletest-src\googletest\include\gtest\gtest.h(1395,26):
      or       'testing::AssertionResult testing::internal::EqHelper::Compare(const char *,const char *,const T1 &,const T2 &)'
          C:\Users\Stefan\Documents\GitHub\game-engine\tests\test_gameobject.cpp(103,5):
          'testing::AssertionResult testing::internal::EqHelper::Compare(const char *,const char *,const T1 &,const T2 &)': expects 4 arguments - 3 provided
      C:\Users\Stefan\Documents\GitHub\game-engine\tests\test_gameobject.cpp(103,5):
      while trying to match the argument list '(const char [9], const char [5], float)'
  
  test_material.cpp
C:\Users\Stefan\Documents\GitHub\game-engine\tests\test_material.cpp(4,10): error C1083: Cannot open include file: 'Math/Vector3.h': No such file or directory [C:\Users\Stefan\Documents\GitHub\game-engine\build\tests.vcxproj]
  test_message.cpp
C:\Users\Stefan\Documents\GitHub\game-engine\tests\game-engine-multiplayer\test_message.cpp(20,5): error C2039: 'GetType': is not a member of 'Message' [C:\Users\Stefan\Documents\GitHub\game-engine\build\tests.vcxproj]
      C:\Users\Stefan\Documents\GitHub\game-engine\game-engine-multiplayer\include\Message.hpp(14,7):
      see declaration of 'Message'
  
C:\Users\Stefan\Documents\GitHub\game-engine\tests\game-engine-multiplayer\test_message.cpp(20,5): error C2660: 'testing::internal::EqHelper::Compare': function does not take 3 arguments [C:\Users\Stefan\Documents\GitHub\game-engine\build\tests.vcxproj]
      C:\Users\Stefan\Documents\GitHub\game-engine\build\_deps\googletest-src\googletest\include\gtest\gtest.h(1407,26):
      see declaration of 'testing::internal::EqHelper::Compare'
      C:\Users\Stefan\Documents\GitHub\game-engine\build\_deps\googletest-src\googletest\include\gtest\gtest.h(1414,26):
      could be 'testing::AssertionResult testing::internal::EqHelper::Compare(const char *,const char *,std::nullptr_t,T *)'
          C:\Users\Stefan\Documents\GitHub\game-engine\tests\game-engine-multiplayer\test_message.cpp(20,5):
          'testing::AssertionResult testing::internal::EqHelper::Compare(const char *,const char *,std::nullptr_t,T *)': expects 4 arguments - 3 provided
      C:\Users\Stefan\Documents\GitHub\game-engine\build\_deps\googletest-src\googletest\include\gtest\gtest.h(1395,26):
      or       'testing::AssertionResult testing::internal::EqHelper::Compare(const char *,const char *,const T1 &,const T2 &)'
          C:\Users\Stefan\Documents\GitHub\game-engine\tests\game-engine-multiplayer\test_message.cpp(20,5):
          'testing::AssertionResult testing::internal::EqHelper::Compare(const char *,const char *,const T1 &,const T2 &)': expects 4 arguments - 3 provided
      C:\Users\Stefan\Documents\GitHub\game-engine\tests\game-engine-multiplayer\test_message.cpp(20,5):
      while trying to match the argument list '(const char [14], const char [18], MessageType)'
  
C:\Users\Stefan\Documents\GitHub\game-engine\tests\game-engine-multiplayer\test_message.cpp(21,5): error C2039: 'GetContent': is not a member of 'Message' [C:\Users\Stefan\Documents\GitHub\game-engine\build\tests.vcxproj]
      C:\Users\Stefan\Documents\GitHub\game-engine\game-engine-multiplayer\include\Message.hpp(14,7):
      see declaration of 'Message'
  
C:\Users\Stefan\Documents\GitHub\game-engine\tests\game-engine-multiplayer\test_message.cpp(21,5): error C2660: 'testing::internal::EqHelper::Compare': function does not take 3 arguments [C:\Users\Stefan\Documents\GitHub\game-engine\build\tests.vcxproj]
      C:\Users\Stefan\Documents\GitHub\game-engine\build\_deps\googletest-src\googletest\include\gtest\gtest.h(1407,26):
      see declaration of 'testing::internal::EqHelper::Compare'
      C:\Users\Stefan\Documents\GitHub\game-engine\build\_deps\googletest-src\googletest\include\gtest\gtest.h(1414,26):
      could be 'testing::AssertionResult testing::internal::EqHelper::Compare(const char *,const char *,std::nullptr_t,T *)'
          C:\Users\Stefan\Documents\GitHub\game-engine\tests\game-engine-multiplayer\test_message.cpp(21,5):
          'testing::AssertionResult testing::internal::EqHelper::Compare(const char *,const char *,std::nullptr_t,T *)': expects 4 arguments - 3 provided
      C:\Users\Stefan\Documents\GitHub\game-engine\build\_deps\googletest-src\googletest\include\gtest\gtest.h(1395,26):
      or       'testing::AssertionResult testing::internal::EqHelper::Compare(const char *,const char *,const T1 &,const T2 &)'
          C:\Users\Stefan\Documents\GitHub\game-engine\tests\game-engine-multiplayer\test_message.cpp(21,5):
          'testing::AssertionResult testing::internal::EqHelper::Compare(const char *,const char *,const T1 &,const T2 &)': expects 4 arguments - 3 provided
      C:\Users\Stefan\Documents\GitHub\game-engine\tests\game-engine-multiplayer\test_message.cpp(21,5):
      while trying to match the argument list '(const char [17], const char [16], const char [14])'
  
C:\Users\Stefan\Documents\GitHub\game-engine\tests\game-engine-multiplayer\test_message.cpp(36,37): error C2660: 'Message::deserialize': function does not take 1 arguments [C:\Users\Stefan\Documents\GitHub\game-engine\build\tests.vcxproj]
      C:\Users\Stefan\Documents\GitHub\game-engine\game-engine-multiplayer\include\Message.hpp(25,17):
      see declaration of 'Message::deserialize'
      C:\Users\Stefan\Documents\GitHub\game-engine\tests\game-engine-multiplayer\test_message.cpp(36,37):
      while trying to match the argument list '(std::vector<uint8_t,std::allocator<uint8_t>>)'
  
C:\Users\Stefan\Documents\GitHub\game-engine\tests\game-engine-multiplayer\test_message.cpp(36,26): error C2440: 'initializing': cannot convert from '_T' to 'Message' [C:\Users\Stefan\Documents\GitHub\game-engine\build\tests.vcxproj]
C:\Users\Stefan\Documents\GitHub\game-engine\tests\game-engine-multiplayer\test_message.cpp(36,26): error C2440:         with [C:\Users\Stefan\Documents\GitHub\game-engine\build\tests.vcxproj]
C:\Users\Stefan\Documents\GitHub\game-engine\tests\game-engine-multiplayer\test_message.cpp(36,26): error C2440:         [ [C:\Users\Stefan\Documents\GitHub\game-engine\build\tests.vcxproj]
C:\Users\Stefan\Documents\GitHub\game-engine\tests\game-engine-multiplayer\test_message.cpp(36,26): error C2440:             _T=bool [C:\Users\Stefan\Documents\GitHub\game-engine\build\tests.vcxproj]
C:\Users\Stefan\Documents\GitHub\game-engine\tests\game-engine-multiplayer\test_message.cpp(36,26): error C2440:         ] [C:\Users\Stefan\Documents\GitHub\game-engine\build\tests.vcxproj]
      C:\Users\Stefan\Documents\GitHub\game-engine\tests\game-engine-multiplayer\test_message.cpp(36,26):
      'Message::Message': no overloaded function could convert all the argument types
          C:\Users\Stefan\Documents\GitHub\game-engine\game-engine-multiplayer\include\Message.hpp(30,1):
          could be 'Message::Message(Message &&)'
              C:\Users\Stefan\Documents\GitHub\game-engine\tests\game-engine-multiplayer\test_message.cpp(36,26):
              'Message::Message(Message &&)': cannot convert argument 1 from '_T' to 'Message &&'
          with
          [
              _T=bool
          ]
                  C:\Users\Stefan\Documents\GitHub\game-engine\tests\game-engine-multiplayer\test_message.cpp(36,48):
                  Reason: cannot convert from '_T' to 'Message'
          with
          [
              _T=bool
          ]
                  C:\Users\Stefan\Documents\GitHub\game-engine\tests\game-engine-multiplayer\test_message.cpp(36,48):
                  Conversion requires a second user-defined-conversion operator or constructor
          C:\Users\Stefan\Documents\GitHub\game-engine\game-engine-multiplayer\include\Message.hpp(30,1):
          or       'Message::Message(const Message &)'
              C:\Users\Stefan\Documents\GitHub\game-engine\tests\game-engine-multiplayer\test_message.cpp(36,26):
              'Message::Message(const Message &)': cannot convert argument 1 from '_T' to 'const Message &'
          with
          [
              _T=bool
          ]
                  C:\Users\Stefan\Documents\GitHub\game-engine\tests\game-engine-multiplayer\test_message.cpp(36,48):
                  Reason: cannot convert from '_T' to 'const Message'
          with
          [
              _T=bool
          ]
                  C:\Users\Stefan\Documents\GitHub\game-engine\tests\game-engine-multiplayer\test_message.cpp(36,48):
                  Conversion requires a second user-defined-conversion operator or constructor
          C:\Users\Stefan\Documents\GitHub\game-engine\game-engine-multiplayer\include\Message.hpp(16,5):
          or       'Message::Message(MessageType,const std::string &)'
              C:\Users\Stefan\Documents\GitHub\game-engine\tests\game-engine-multiplayer\test_message.cpp(36,26):
              'Message::Message(MessageType,const std::string &)': cannot convert argument 1 from '_T' to 'MessageType'
          with
          [
              _T=bool
          ]
                  C:\Users\Stefan\Documents\GitHub\game-engine\tests\game-engine-multiplayer\test_message.cpp(36,48):
                  Conversion to enumeration type requires an explicit cast (static_cast, C-style cast or parenthesized function-style cast)
          C:\Users\Stefan\Documents\GitHub\game-engine\tests\game-engine-multiplayer\test_message.cpp(36,26):
          while trying to match the argument list '(_T)'
          with
          [
              _T=bool
          ]
  
C:\Users\Stefan\Documents\GitHub\game-engine\tests\game-engine-multiplayer\test_message.cpp(37,5): error C2039: 'GetType': is not a member of 'Message' [C:\Users\Stefan\Documents\GitHub\game-engine\build\tests.vcxproj]
      C:\Users\Stefan\Documents\GitHub\game-engine\game-engine-multiplayer\include\Message.hpp(14,7):
      see declaration of 'Message'
  
C:\Users\Stefan\Documents\GitHub\game-engine\tests\game-engine-multiplayer\test_message.cpp(37,5): error C2660: 'testing::internal::EqHelper::Compare': function does not take 2 arguments [C:\Users\Stefan\Documents\GitHub\game-engine\build\tests.vcxproj]
      C:\Users\Stefan\Documents\GitHub\game-engine\build\_deps\googletest-src\googletest\include\gtest\gtest.h(1407,26):
      see declaration of 'testing::internal::EqHelper::Compare'
      C:\Users\Stefan\Documents\GitHub\game-engine\build\_deps\googletest-src\googletest\include\gtest\gtest.h(1414,26):
      could be 'testing::AssertionResult testing::internal::EqHelper::Compare(const char *,const char *,std::nullptr_t,T *)'
          C:\Users\Stefan\Documents\GitHub\game-engine\tests\game-engine-multiplayer\test_message.cpp(37,5):
          'testing::AssertionResult testing::internal::EqHelper::Compare(const char *,const char *,std::nullptr_t,T *)': expects 4 arguments - 2 provided
      C:\Users\Stefan\Documents\GitHub\game-engine\build\_deps\googletest-src\googletest\include\gtest\gtest.h(1395,26):
      or       'testing::AssertionResult testing::internal::EqHelper::Compare(const char *,const char *,const T1 &,const T2 &)'
          C:\Users\Stefan\Documents\GitHub\game-engine\tests\game-engine-multiplayer\test_message.cpp(37,5):
          'testing::AssertionResult testing::internal::EqHelper::Compare(const char *,const char *,const T1 &,const T2 &)': expects 4 arguments - 2 provided
      C:\Users\Stefan\Documents\GitHub\game-engine\tests\game-engine-multiplayer\test_message.cpp(37,5):
      while trying to match the argument list '(const char [23], const char [19])'
  
C:\Users\Stefan\Documents\GitHub\game-engine\tests\game-engine-multiplayer\test_message.cpp(38,5): error C2039: 'GetContent': is not a member of 'Message' [C:\Users\Stefan\Documents\GitHub\game-engine\build\tests.vcxproj]
      C:\Users\Stefan\Documents\GitHub\game-engine\game-engine-multiplayer\include\Message.hpp(14,7):
      see declaration of 'Message'
  
C:\Users\Stefan\Documents\GitHub\game-engine\tests\game-engine-multiplayer\test_message.cpp(38,5): error C2660: 'testing::internal::EqHelper::Compare': function does not take 2 arguments [C:\Users\Stefan\Documents\GitHub\game-engine\build\tests.vcxproj]
      C:\Users\Stefan\Documents\GitHub\game-engine\build\_deps\googletest-src\googletest\include\gtest\gtest.h(1407,26):
      see declaration of 'testing::internal::EqHelper::Compare'
      C:\Users\Stefan\Documents\GitHub\game-engine\build\_deps\googletest-src\googletest\include\gtest\gtest.h(1414,26):
      could be 'testing::AssertionResult testing::internal::EqHelper::Compare(const char *,const char *,std::nullptr_t,T *)'
          C:\Users\Stefan\Documents\GitHub\game-engine\tests\game-engine-multiplayer\test_message.cpp(38,5):
          'testing::AssertionResult testing::internal::EqHelper::Compare(const char *,const char *,std::nullptr_t,T *)': expects 4 arguments - 2 provided
      C:\Users\Stefan\Documents\GitHub\game-engine\build\_deps\googletest-src\googletest\include\gtest\gtest.h(1395,26):
      or       'testing::AssertionResult testing::internal::EqHelper::Compare(const char *,const char *,const T1 &,const T2 &)'
          C:\Users\Stefan\Documents\GitHub\game-engine\tests\game-engine-multiplayer\test_message.cpp(38,5):
          'testing::AssertionResult testing::internal::EqHelper::Compare(const char *,const char *,const T1 &,const T2 &)': expects 4 arguments - 2 provided
      C:\Users\Stefan\Documents\GitHub\game-engine\tests\game-engine-multiplayer\test_message.cpp(38,5):
      while trying to match the argument list '(const char [26], const char [22])'
  
C:\Users\Stefan\Documents\GitHub\game-engine\tests\game-engine-multiplayer\test_message.cpp(43,5): error C2039: 'GetType': is not a member of 'Message' [C:\Users\Stefan\Documents\GitHub\game-engine\build\tests.vcxproj]
      C:\Users\Stefan\Documents\GitHub\game-engine\game-engine-multiplayer\include\Message.hpp(14,7):
      see declaration of 'Message'
  
C:\Users\Stefan\Documents\GitHub\game-engine\tests\game-engine-multiplayer\test_message.cpp(43,5): error C2660: 'testing::internal::EqHelper::Compare': function does not take 3 arguments [C:\Users\Stefan\Documents\GitHub\game-engine\build\tests.vcxproj]
      C:\Users\Stefan\Documents\GitHub\game-engine\build\_deps\googletest-src\googletest\include\gtest\gtest.h(1407,26):
      see declaration of 'testing::internal::EqHelper::Compare'
      C:\Users\Stefan\Documents\GitHub\game-engine\build\_deps\googletest-src\googletest\include\gtest\gtest.h(1414,26):
      could be 'testing::AssertionResult testing::internal::EqHelper::Compare(const char *,const char *,std::nullptr_t,T *)'
          C:\Users\Stefan\Documents\GitHub\game-engine\tests\game-engine-multiplayer\test_message.cpp(43,5):
          'testing::AssertionResult testing::internal::EqHelper::Compare(const char *,const char *,std::nullptr_t,T *)': expects 4 arguments - 3 provided
      C:\Users\Stefan\Documents\GitHub\game-engine\build\_deps\googletest-src\googletest\include\gtest\gtest.h(1395,26):
      or       'testing::AssertionResult testing::internal::EqHelper::Compare(const char *,const char *,const T1 &,const T2 &)'
          C:\Users\Stefan\Documents\GitHub\game-engine\tests\game-engine-multiplayer\test_message.cpp(43,5):
          'testing::AssertionResult testing::internal::EqHelper::Compare(const char *,const char *,const T1 &,const T2 &)': expects 4 arguments - 3 provided
      C:\Users\Stefan\Documents\GitHub\game-engine\tests\game-engine-multiplayer\test_message.cpp(43,5):
      while trying to match the argument list '(const char [14], const char [18], MessageType)'
  
C:\Users\Stefan\Documents\GitHub\game-engine\tests\game-engine-multiplayer\test_message.cpp(52,5): error C2039: 'GetType': is not a member of 'Message' [C:\Users\Stefan\Documents\GitHub\game-engine\build\tests.vcxproj]
      C:\Users\Stefan\Documents\GitHub\game-engine\game-engine-multiplayer\include\Message.hpp(14,7):
      see declaration of 'Message'
  
C:\Users\Stefan\Documents\GitHub\game-engine\tests\game-engine-multiplayer\test_message.cpp(52,5): error C2660: 'testing::internal::EqHelper::Compare': function does not take 3 arguments [C:\Users\Stefan\Documents\GitHub\game-engine\build\tests.vcxproj]
      C:\Users\Stefan\Documents\GitHub\game-engine\build\_deps\googletest-src\googletest\include\gtest\gtest.h(1407,26):
      see declaration of 'testing::internal::EqHelper::Compare'
      C:\Users\Stefan\Documents\GitHub\game-engine\build\_deps\googletest-src\googletest\include\gtest\gtest.h(1414,26):
      could be 'testing::AssertionResult testing::internal::EqHelper::Compare(const char *,const char *,std::nullptr_t,T *)'
          C:\Users\Stefan\Documents\GitHub\game-engine\tests\game-engine-multiplayer\test_message.cpp(52,5):
          'testing::AssertionResult testing::internal::EqHelper::Compare(const char *,const char *,std::nullptr_t,T *)': expects 4 arguments - 3 provided
      C:\Users\Stefan\Documents\GitHub\game-engine\build\_deps\googletest-src\googletest\include\gtest\gtest.h(1395,26):
      or       'testing::AssertionResult testing::internal::EqHelper::Compare(const char *,const char *,const T1 &,const T2 &)'
          C:\Users\Stefan\Documents\GitHub\game-engine\tests\game-engine-multiplayer\test_message.cpp(52,5):
          'testing::AssertionResult testing::internal::EqHelper::Compare(const char *,const char *,const T1 &,const T2 &)': expects 4 arguments - 3 provided
      C:\Users\Stefan\Documents\GitHub\game-engine\tests\game-engine-multiplayer\test_message.cpp(52,5):
      while trying to match the argument list '(const char [14], const char [19], MessageType)'
  
C:\Users\Stefan\Documents\GitHub\game-engine\tests\game-engine-multiplayer\test_message.cpp(57,5): error C2039: 'GetType': is not a member of 'Message' [C:\Users\Stefan\Documents\GitHub\game-engine\build\tests.vcxproj]
      C:\Users\Stefan\Documents\GitHub\game-engine\game-engine-multiplayer\include\Message.hpp(14,7):
      see declaration of 'Message'
  
C:\Users\Stefan\Documents\GitHub\game-engine\tests\game-engine-multiplayer\test_message.cpp(57,5): error C2660: 'testing::internal::EqHelper::Compare': function does not take 3 arguments [C:\Users\Stefan\Documents\GitHub\game-engine\build\tests.vcxproj]
      C:\Users\Stefan\Documents\GitHub\game-engine\build\_deps\googletest-src\googletest\include\gtest\gtest.h(1407,26):
      see declaration of 'testing::internal::EqHelper::Compare'
      C:\Users\Stefan\Documents\GitHub\game-engine\build\_deps\googletest-src\googletest\include\gtest\gtest.h(1414,26):
      could be 'testing::AssertionResult testing::internal::EqHelper::Compare(const char *,const char *,std::nullptr_t,T *)'
          C:\Users\Stefan\Documents\GitHub\game-engine\tests\game-engine-multiplayer\test_message.cpp(57,5):
          'testing::AssertionResult testing::internal::EqHelper::Compare(const char *,const char *,std::nullptr_t,T *)': expects 4 arguments - 3 provided
      C:\Users\Stefan\Documents\GitHub\game-engine\build\_deps\googletest-src\googletest\include\gtest\gtest.h(1395,26):
      or       'testing::AssertionResult testing::internal::EqHelper::Compare(const char *,const char *,const T1 &,const T2 &)'
          C:\Users\Stefan\Documents\GitHub\game-engine\tests\game-engine-multiplayer\test_message.cpp(57,5):
          'testing::AssertionResult testing::internal::EqHelper::Compare(const char *,const char *,const T1 &,const T2 &)': expects 4 arguments - 3 provided
      C:\Users\Stefan\Documents\GitHub\game-engine\tests\game-engine-multiplayer\test_message.cpp(57,5):
      while trying to match the argument list '(const char [14], const char [18], MessageType)'
  
C:\Users\Stefan\Documents\GitHub\game-engine\tests\game-engine-multiplayer\test_message.cpp(63,5): error C2039: 'GetType': is not a member of 'Message' [C:\Users\Stefan\Documents\GitHub\game-engine\build\tests.vcxproj]
      C:\Users\Stefan\Documents\GitHub\game-engine\game-engine-multiplayer\include\Message.hpp(14,7):
      see declaration of 'Message'
  
C:\Users\Stefan\Documents\GitHub\game-engine\tests\game-engine-multiplayer\test_message.cpp(63,5): error C2660: 'testing::internal::EqHelper::Compare': function does not take 3 arguments [C:\Users\Stefan\Documents\GitHub\game-engine\build\tests.vcxproj]
      C:\Users\Stefan\Documents\GitHub\game-engine\build\_deps\googletest-src\googletest\include\gtest\gtest.h(1407,26):
      see declaration of 'testing::internal::EqHelper::Compare'
      C:\Users\Stefan\Documents\GitHub\game-engine\build\_deps\googletest-src\googletest\include\gtest\gtest.h(1414,26):
      could be 'testing::AssertionResult testing::internal::EqHelper::Compare(const char *,const char *,std::nullptr_t,T *)'
          C:\Users\Stefan\Documents\GitHub\game-engine\tests\game-engine-multiplayer\test_message.cpp(63,5):
          'testing::AssertionResult testing::internal::EqHelper::Compare(const char *,const char *,std::nullptr_t,T *)': expects 4 arguments - 3 provided
      C:\Users\Stefan\Documents\GitHub\game-engine\build\_deps\googletest-src\googletest\include\gtest\gtest.h(1395,26):
      or       'testing::AssertionResult testing::internal::EqHelper::Compare(const char *,const char *,const T1 &,const T2 &)'
          C:\Users\Stefan\Documents\GitHub\game-engine\tests\game-engine-multiplayer\test_message.cpp(63,5):
          'testing::AssertionResult testing::internal::EqHelper::Compare(const char *,const char *,const T1 &,const T2 &)': expects 4 arguments - 3 provided
      C:\Users\Stefan\Documents\GitHub\game-engine\tests\game-engine-multiplayer\test_message.cpp(63,5):
      while trying to match the argument list '(const char [14], const char [18], MessageType)'
  
C:\Users\Stefan\Documents\GitHub\game-engine\tests\game-engine-multiplayer\test_message.cpp(68,5): error C2039: 'GetType': is not a member of 'Message' [C:\Users\Stefan\Documents\GitHub\game-engine\build\tests.vcxproj]
      C:\Users\Stefan\Documents\GitHub\game-engine\game-engine-multiplayer\include\Message.hpp(14,7):
      see declaration of 'Message'
  
C:\Users\Stefan\Documents\GitHub\game-engine\tests\game-engine-multiplayer\test_message.cpp(68,5): error C2660: 'testing::internal::EqHelper::Compare': function does not take 3 arguments [C:\Users\Stefan\Documents\GitHub\game-engine\build\tests.vcxproj]
      C:\Users\Stefan\Documents\GitHub\game-engine\build\_deps\googletest-src\googletest\include\gtest\gtest.h(1407,26):
      see declaration of 'testing::internal::EqHelper::Compare'
      C:\Users\Stefan\Documents\GitHub\game-engine\build\_deps\googletest-src\googletest\include\gtest\gtest.h(1414,26):
      could be 'testing::AssertionResult testing::internal::EqHelper::Compare(const char *,const char *,std::nullptr_t,T *)'
          C:\Users\Stefan\Documents\GitHub\game-engine\tests\game-engine-multiplayer\test_message.cpp(68,5):
          'testing::AssertionResult testing::internal::EqHelper::Compare(const char *,const char *,std::nullptr_t,T *)': expects 4 arguments - 3 provided
      C:\Users\Stefan\Documents\GitHub\game-engine\build\_deps\googletest-src\googletest\include\gtest\gtest.h(1395,26):
      or       'testing::AssertionResult testing::internal::EqHelper::Compare(const char *,const char *,const T1 &,const T2 &)'
          C:\Users\Stefan\Documents\GitHub\game-engine\tests\game-engine-multiplayer\test_message.cpp(68,5):
          'testing::AssertionResult testing::internal::EqHelper::Compare(const char *,const char *,const T1 &,const T2 &)': expects 4 arguments - 3 provided
      C:\Users\Stefan\Documents\GitHub\game-engine\tests\game-engine-multiplayer\test_message.cpp(68,5):
      while trying to match the argument list '(const char [14], const char [19], MessageType)'
  
C:\Users\Stefan\Documents\GitHub\game-engine\tests\game-engine-multiplayer\test_message.cpp(93,35): error C2039: 'GetContent': is not a member of 'Message' [C:\Users\Stefan\Documents\GitHub\game-engine\build\tests.vcxproj]
      C:\Users\Stefan\Documents\GitHub\game-engine\game-engine-multiplayer\include\Message.hpp(14,7):
      see declaration of 'Message'
  
C:\Users\Stefan\Documents\GitHub\game-engine\tests\game-engine-multiplayer\test_message.cpp(95,5): error C3536: 'parsed': cannot be used before it is initialized [C:\Users\Stefan\Documents\GitHub\game-engine\build\tests.vcxproj]
C:\Users\Stefan\Documents\GitHub\game-engine\tests\game-engine-multiplayer\test_message.cpp(95,5): error C2062: type 'double' unexpected [C:\Users\Stefan\Documents\GitHub\game-engine\build\tests.vcxproj]
C:\Users\Stefan\Documents\GitHub\game-engine\tests\game-engine-multiplayer\test_message.cpp(95,5): error C2181: illegal else without matching if [C:\Users\Stefan\Documents\GitHub\game-engine\build\tests.vcxproj]
C:\Users\Stefan\Documents\GitHub\game-engine\tests\game-engine-multiplayer\test_message.cpp(95,5): error C2065: 'gtest_ar': undeclared identifier [C:\Users\Stefan\Documents\GitHub\game-engine\build\tests.vcxproj]
C:\Users\Stefan\Documents\GitHub\game-engine\tests\game-engine-multiplayer\test_message.cpp(95,5): error C2440: '<function-style-cast>': cannot convert from 'initializer list' to 'testing::internal::AssertHelper' [C:\Users\Stefan\Documents\GitHub\game-engine\build\tests.vcxproj]
      C:\Users\Stefan\Documents\GitHub\game-engine\tests\game-engine-multiplayer\test_message.cpp(95,5):
      'testing::internal::AssertHelper::AssertHelper': function does not take 3 arguments
          C:\Users\Stefan\Documents\GitHub\game-engine\tests\game-engine-multiplayer\test_message.cpp(95,5):
          while trying to match the argument list '(testing::TestPartResult::Type, const char [92], int)'
  
C:\Users\Stefan\Documents\GitHub\game-engine\tests\game-engine-multiplayer\test_message.cpp(96,5): error C2062: type 'double' unexpected [C:\Users\Stefan\Documents\GitHub\game-engine\build\tests.vcxproj]
C:\Users\Stefan\Documents\GitHub\game-engine\tests\game-engine-multiplayer\test_message.cpp(96,5): error C2181: illegal else without matching if [C:\Users\Stefan\Documents\GitHub\game-engine\build\tests.vcxproj]
C:\Users\Stefan\Documents\GitHub\game-engine\tests\game-engine-multiplayer\test_message.cpp(96,5): error C2065: 'gtest_ar': undeclared identifier [C:\Users\Stefan\Documents\GitHub\game-engine\build\tests.vcxproj]
C:\Users\Stefan\Documents\GitHub\game-engine\tests\game-engine-multiplayer\test_message.cpp(96,5): error C2440: '<function-style-cast>': cannot convert from 'initializer list' to 'testing::internal::AssertHelper' [C:\Users\Stefan\Documents\GitHub\game-engine\build\tests.vcxproj]
      C:\Users\Stefan\Documents\GitHub\game-engine\tests\game-engine-multiplayer\test_message.cpp(96,5):
      'testing::internal::AssertHelper::AssertHelper': function does not take 3 arguments
          C:\Users\Stefan\Documents\GitHub\game-engine\tests\game-engine-multiplayer\test_message.cpp(96,5):
          while trying to match the argument list '(testing::TestPartResult::Type, const char [92], int)'
  
C:\Users\Stefan\Documents\GitHub\game-engine\tests\game-engine-multiplayer\test_message.cpp(97,5): error C2062: type 'double' unexpected [C:\Users\Stefan\Documents\GitHub\game-engine\build\tests.vcxproj]
C:\Users\Stefan\Documents\GitHub\game-engine\tests\game-engine-multiplayer\test_message.cpp(97,5): error C2181: illegal else without matching if [C:\Users\Stefan\Documents\GitHub\game-engine\build\tests.vcxproj]
C:\Users\Stefan\Documents\GitHub\game-engine\tests\game-engine-multiplayer\test_message.cpp(97,5): error C2065: 'gtest_ar': undeclared identifier [C:\Users\Stefan\Documents\GitHub\game-engine\build\tests.vcxproj]
C:\Users\Stefan\Documents\GitHub\game-engine\tests\game-engine-multiplayer\test_message.cpp(97,5): error C2440: '<function-style-cast>': cannot convert from 'initializer list' to 'testing::internal::AssertHelper' [C:\Users\Stefan\Documents\GitHub\game-engine\build\tests.vcxproj]
      C:\Users\Stefan\Documents\GitHub\game-engine\tests\game-engine-multiplayer\test_message.cpp(97,5):
      'testing::internal::AssertHelper::AssertHelper': function does not take 3 arguments
          C:\Users\Stefan\Documents\GitHub\game-engine\tests\game-engine-multiplayer\test_message.cpp(97,5):
          while trying to match the argument list '(testing::TestPartResult::Type, const char [92], int)'
  
C:\Users\Stefan\Documents\GitHub\game-engine\tests\game-engine-multiplayer\test_message.cpp(112,35): error C2039: 'GetContent': is not a member of 'Message' [C:\Users\Stefan\Documents\GitHub\game-engine\build\tests.vcxproj]
      C:\Users\Stefan\Documents\GitHub\game-engine\game-engine-multiplayer\include\Message.hpp(14,7):
      see declaration of 'Message'
  
C:\Users\Stefan\Documents\GitHub\game-engine\tests\game-engine-multiplayer\test_message.cpp(114,5): error C3536: 'parsed': cannot be used before it is initialized [C:\Users\Stefan\Documents\GitHub\game-engine\build\tests.vcxproj]
C:\Users\Stefan\Documents\GitHub\game-engine\tests\game-engine-multiplayer\test_message.cpp(121,5): error C2039: 'GetContent': is not a member of 'Message' [C:\Users\Stefan\Documents\GitHub\game-engine\build\tests.vcxproj]
      C:\Users\Stefan\Documents\GitHub\game-engine\game-engine-multiplayer\include\Message.hpp(14,7):
      see declaration of 'Message'
  
C:\Users\Stefan\Documents\GitHub\game-engine\tests\game-engine-multiplayer\test_message.cpp(121,5): error C2512: 'testing::AssertionResult': no appropriate default constructor available [C:\Users\Stefan\Documents\GitHub\game-engine\build\tests.vcxproj]
      C:\Users\Stefan\Documents\GitHub\game-engine\tests\game-engine-multiplayer\test_message.cpp(121,5):
      'testing::AssertionResult::AssertionResult': no appropriate default constructor available
          C:\Users\Stefan\Documents\GitHub\game-engine\build\_deps\googletest-src\googletest\include\gtest\gtest-assertion-result.h(155,3):
          could be 'testing::AssertionResult::AssertionResult(const T &,std::enable_if<!std::is_convertible<T,testing::AssertionResult>::value,void>::type *)'
          C:\Users\Stefan\Documents\GitHub\game-engine\tests\game-engine-multiplayer\test_message.cpp(121,5):
          while trying to match the argument list '()'
  
C:\Users\Stefan\Documents\GitHub\game-engine\tests\game-engine-multiplayer\test_message.cpp(121,5): error C2737: 'gtest_ar_': const object must be initialized [C:\Users\Stefan\Documents\GitHub\game-engine\build\tests.vcxproj]
C:\Users\Stefan\Documents\GitHub\game-engine\tests\game-engine-multiplayer\test_message.cpp(128,5): error C2039: 'GetContent': is not a member of 'Message' [C:\Users\Stefan\Documents\GitHub\game-engine\build\tests.vcxproj]
      C:\Users\Stefan\Documents\GitHub\game-engine\game-engine-multiplayer\include\Message.hpp(14,7):
      see declaration of 'Message'
  
C:\Users\Stefan\Documents\GitHub\game-engine\tests\game-engine-multiplayer\test_message.cpp(128,5): error C2660: 'testing::internal::EqHelper::Compare': function does not take 3 arguments [C:\Users\Stefan\Documents\GitHub\game-engine\build\tests.vcxproj]
      C:\Users\Stefan\Documents\GitHub\game-engine\build\_deps\googletest-src\googletest\include\gtest\gtest.h(1407,26):
      see declaration of 'testing::internal::EqHelper::Compare'
      C:\Users\Stefan\Documents\GitHub\game-engine\build\_deps\googletest-src\googletest\include\gtest\gtest.h(1414,26):
      could be 'testing::AssertionResult testing::internal::EqHelper::Compare(const char *,const char *,std::nullptr_t,T *)'
          C:\Users\Stefan\Documents\GitHub\game-engine\tests\game-engine-multiplayer\test_message.cpp(128,5):
          'testing::AssertionResult testing::internal::EqHelper::Compare(const char *,const char *,std::nullptr_t,T *)': expects 4 arguments - 3 provided
      C:\Users\Stefan\Documents\GitHub\game-engine\build\_deps\googletest-src\googletest\include\gtest\gtest.h(1395,26):
      or       'testing::AssertionResult testing::internal::EqHelper::Compare(const char *,const char *,const T1 &,const T2 &)'
          C:\Users\Stefan\Documents\GitHub\game-engine\tests\game-engine-multiplayer\test_message.cpp(128,5):
          'testing::AssertionResult testing::internal::EqHelper::Compare(const char *,const char *,const T1 &,const T2 &)': expects 4 arguments - 3 provided
      C:\Users\Stefan\Documents\GitHub\game-engine\tests\game-engine-multiplayer\test_message.cpp(128,5):
      while trying to match the argument list '(const char [24], const char [6], int)'
  
  test_serializer.cpp
C:\Users\Stefan\Documents\GitHub\game-engine\tests\game-engine-multiplayer\test_serializer.cpp(2,10): error C1083: Cannot open include file: 'serialization/Serializer.hpp': No such file or directory [C:\Users\Stefan\Documents\GitHub\game-engine\build\tests.vcxproj]
  test_scripting.cpp
C:\Users\Stefan\Documents\GitHub\game-engine\include\ScriptSystem.h(7,10): error C1083: Cannot open include file: 'lua.h': No such file or directory [C:\Users\Stefan\Documents\GitHub\game-engine\build\tests.vcxproj]
  (compiling source file '../tests/test_scripting.cpp')
  
  test_python_scripting.cpp
C:\Users\Stefan\Documents\GitHub\game-engine\include\PythonScriptSystem.h(4,10): error C1083: Cannot open include file: 'pybind11/embed.h': No such file or directory [C:\Users\Stefan\Documents\GitHub\game-engine\build\tests.vcxproj]
  (compiling source file '../tests/test_python_scripting.cpp')
  
  Generating Code...
